#
# There is insufficient memory for the Java Runtime Environment to continue.
# Native memory allocation (malloc) failed to allocate 1723584 bytes for Chunk::new
# Possible reasons:
#   The system is out of physical RAM or swap space
#   In 32 bit mode, the process size limit was hit
# Possible solutions:
#   Reduce memory load on the system
#   Increase physical memory or swap space
#   Check if swap backing store is full
#   Use 64 bit Java on a 64 bit OS
#   Decrease Java heap size (-Xmx/-Xms)
#   Decrease number of Java threads
#   Decrease Java thread stack sizes (-Xss)
#   Set larger code cache with -XX:ReservedCodeCacheSize=
# This output file may be truncated or incomplete.
#
#  Out of Memory Error (allocation.cpp:390), pid=20316, tid=0x0000000000000378
#
# JRE version: OpenJDK Runtime Environment (8.0_152-b02) (build 1.8.0_152-release-1024-b02)
# Java VM: OpenJDK 64-Bit Server VM (25.152-b02 mixed mode windows-amd64 compressed oops)
# Failed to write core dump. Minidumps are not enabled by default on client versions of Windows
#

---------------  T H R E A D  ---------------

Current thread (0x0000000018ea2800):  JavaThread "C2 CompilerThread0" daemon [_thread_in_native, id=888, stack(0x0000000019510000,0x0000000019610000)]

Stack: [0x0000000019510000,0x0000000019610000]
[error occurred during error reporting (printing stack bounds), id 0xc0000005]

Native frames: (J=compiled Java code, j=interpreted, Vv=VM code, C=native code)


Current CompileTask:
C2:  13494 6898       4       org.gradle.model.internal.type.ModelType::wrap (219 bytes)


---------------  P R O C E S S  ---------------

Java Threads: ( => current thread )
  0x000000001edcf800 JavaThread "Memory manager" [_thread_blocked, id=16860, stack(0x0000000023170000,0x0000000023270000)]
  0x000000001edd1000 JavaThread "build operations Thread 8" [_thread_blocked, id=3112, stack(0x0000000022c70000,0x0000000022d70000)]
  0x000000001edd0000 JavaThread "build operations Thread 7" [_thread_blocked, id=12112, stack(0x0000000022b70000,0x0000000022c70000)]
  0x000000001e460000 JavaThread "build operations Thread 6" [_thread_blocked, id=18536, stack(0x0000000022a70000,0x0000000022b70000)]
  0x000000001e45e000 JavaThread "build operations Thread 5" [_thread_blocked, id=20296, stack(0x0000000022970000,0x0000000022a70000)]
  0x000000001e45f800 JavaThread "build operations Thread 4" [_thread_blocked, id=18604, stack(0x0000000022870000,0x0000000022970000)]
  0x000000001e45e800 JavaThread "build operations Thread 3" [_thread_blocked, id=16856, stack(0x0000000022770000,0x0000000022870000)]
  0x000000001e461000 JavaThread "build operations Thread 2" [_thread_blocked, id=11708, stack(0x0000000022670000,0x0000000022770000)]
  0x000000001e45a000 JavaThread "build operations" [_thread_blocked, id=8756, stack(0x000000001e860000,0x000000001e960000)]
  0x000000001e45b800 JavaThread "Cache worker for Artifact transforms cache (C:\Users\DELL\.gradle\caches\transforms-1)" [_thread_blocked, id=17200, stack(0x000000001e530000,0x000000001e630000)]
  0x000000001c9a8000 JavaThread "Cache worker for file hash cache (D:\xwwworkspace\code\DevResCollect\.gradle\4.4\fileHashes)" [_thread_blocked, id=8048, stack(0x000000001d460000,0x000000001d560000)]
  0x000000001afa1800 JavaThread "File lock request listener" [_thread_in_native, id=3296, stack(0x000000001c390000,0x000000001c490000)]
  0x000000001ad9c000 JavaThread "Cache worker for file hash cache (C:\Users\DELL\.gradle\caches\4.4\fileHashes)" [_thread_blocked, id=9592, stack(0x000000001c290000,0x000000001c390000)]
  0x000000001ad3d800 JavaThread "Stdin handler" [_thread_blocked, id=2888, stack(0x000000001bf90000,0x000000001c090000)]
  0x000000001abe1000 JavaThread "Asynchronous log dispatcher for DefaultDaemonConnection: socket connection from /127.0.0.1:54796 to /127.0.0.1:54797" [_thread_blocked, id=15840, stack(0x000000001bd90000,0x000000001be90000)]
  0x000000001abdc800 JavaThread "Daemon worker" [_thread_in_Java, id=10248, stack(0x000000001bc90000,0x000000001bd90000)]
  0x000000001ad39800 JavaThread "Cancel handler" [_thread_blocked, id=14528, stack(0x000000001bb90000,0x000000001bc90000)]
  0x000000001abc8000 JavaThread "Handler for socket connection from /127.0.0.1:54796 to /127.0.0.1:54797" [_thread_in_native, id=14132, stack(0x000000001b890000,0x000000001b990000)]
  0x000000001abc5800 JavaThread "Daemon" [_thread_blocked, id=12072, stack(0x000000001b790000,0x000000001b890000)]
  0x000000001aba6000 JavaThread "Daemon periodic checks" [_thread_blocked, id=13180, stack(0x000000001b690000,0x000000001b790000)]
  0x000000001ad1e800 JavaThread "Incoming local TCP Connector on port 54796" [_thread_in_native, id=4716, stack(0x000000001b4e0000,0x000000001b5e0000)]
  0x0000000018f3b800 JavaThread "Service Thread" daemon [_thread_blocked, id=7244, stack(0x0000000019910000,0x0000000019a10000)]
  0x0000000018eb4000 JavaThread "C1 CompilerThread3" daemon [_thread_in_native, id=16232, stack(0x0000000019810000,0x0000000019910000)]
  0x0000000018eb1000 JavaThread "C2 CompilerThread2" daemon [_thread_in_native, id=3104, stack(0x0000000019710000,0x0000000019810000)]
  0x0000000018ea5800 JavaThread "C2 CompilerThread1" daemon [_thread_in_native, id=15160, stack(0x0000000019610000,0x0000000019710000)]
=>0x0000000018ea2800 JavaThread "C2 CompilerThread0" daemon [_thread_in_native, id=888, stack(0x0000000019510000,0x0000000019610000)]
  0x0000000018ea1000 JavaThread "Attach Listener" daemon [_thread_blocked, id=14276, stack(0x0000000019410000,0x0000000019510000)]
  0x0000000018e36800 JavaThread "Signal Dispatcher" daemon [_thread_blocked, id=348, stack(0x0000000019310000,0x0000000019410000)]
  0x0000000018e31800 JavaThread "Finalizer" daemon [_thread_blocked, id=14176, stack(0x0000000019210000,0x0000000019310000)]
  0x0000000003158000 JavaThread "Reference Handler" daemon [_thread_blocked, id=10176, stack(0x0000000018d10000,0x0000000018e10000)]
  0x000000000305e000 JavaThread "main" [_thread_blocked, id=6012, stack(0x0000000002ef0000,0x0000000002ff0000)]

Other Threads:
  0x0000000016f14800 VMThread [stack: 0x0000000018c10000,0x0000000018d10000] [id=17088]
  0x0000000018f4e000 WatcherThread [stack: 0x0000000019a10000,0x0000000019b10000] [id=18092]

VM state:not at safepoint (normal execution)

VM Mutex/Monitor currently owned by a thread: None

Heap:
 PSYoungGen      total 284672K, used 86217K [0x00000000e0000000, 0x00000000f3800000, 0x0000000100000000)
  eden space 266752K, 25% used [0x00000000e0000000,0x00000000e42b72f8,0x00000000f0480000)
  from space 17920K, 99% used [0x00000000f1d80000,0x00000000f2efb4f0,0x00000000f2f00000)
  to   space 25600K, 0% used [0x00000000f0480000,0x00000000f0480000,0x00000000f1d80000)
 ParOldGen       total 129536K, used 31746K [0x00000000a0000000, 0x00000000a7e80000, 0x00000000e0000000)
  object space 129536K, 24% used [0x00000000a0000000,0x00000000a1f00918,0x00000000a7e80000)
 Metaspace       used 55308K, capacity 57414K, committed 57560K, reserved 1099776K
  class space    used 7615K, capacity 8119K, committed 8152K, reserved 1048576K

Card table byte_map: [0x0000000012520000,0x0000000012830000] byte_map_base: 0x0000000012020000

Marking Bits: (ParMarkBitMap*) 0x000000006a084970
 Begin Bits: [0x0000000013230000, 0x0000000014a30000)
 End Bits:   [0x0000000014a30000, 0x0000000016230000)

Polling page: 0x00000000011f0000

CodeCache: size=245760Kb used=22856Kb max_used=22856Kb free=222903Kb
 bounds [0x0000000003160000, 0x00000000047d0000, 0x0000000012160000]
 total_blobs=7421 nmethods=6665 adapters=669
 compilation: enabled

Compilation events (10 events):
Event: 13.475 Thread 0x0000000018eb4000 nmethod 7106 0x00000000047bf7d0 code [0x00000000047bf9c0, 0x00000000047c0358]
Event: 13.477 Thread 0x0000000018eb4000 7107       3       com.sun.beans.WeakCache::put (38 bytes)
Event: 13.478 Thread 0x0000000018eb4000 nmethod 7107 0x00000000047c07d0 code [0x00000000047c0980, 0x00000000047c0ef8]
Event: 13.483 Thread 0x0000000018eb4000 7111       3       org.codehaus.groovy.reflection.ClassInfo::replaceWeakMetaClassRef (19 bytes)
Event: 13.483 Thread 0x0000000018eb4000 nmethod 7111 0x00000000047c1150 code [0x00000000047c12e0, 0x00000000047c1718]
Event: 13.484 Thread 0x0000000018eb4000 7112 %     3       org.codehaus.groovy.runtime.metaclass.MetaMethodIndex::copyMethodsToSuper @ 20 (82 bytes)
Event: 13.485 Thread 0x0000000018eb4000 nmethod 7112% 0x00000000047c1890 code [0x00000000047c1a60, 0x00000000047c2348]
Event: 13.487 Thread 0x0000000018eb4000 7113   !   3       sun.reflect.GeneratedConstructorAccessor8::newInstance (53 bytes)
Event: 13.487 Thread 0x0000000018eb4000 nmethod 7113 0x00000000047c2710 code [0x00000000047c2900, 0x00000000047c3148]
Event: 13.490 Thread 0x0000000018eb4000 7114       3       org.codehaus.groovy.reflection.ClassInfo::setWeakMetaClass (37 bytes)

GC Heap History (10 events):
Event: 9.023 GC heap before
{Heap before GC invocations=6 (full 1):
 PSYoungGen      total 108544K, used 108457K [0x00000000e0000000, 0x00000000e9000000, 0x0000000100000000)
  eden space 101888K, 100% used [0x00000000e0000000,0x00000000e6380000,0x00000000e6380000)
  from space 6656K, 98% used [0x00000000e8980000,0x00000000e8fea648,0x00000000e9000000)
  to   space 10752K, 0% used [0x00000000e7b00000,0x00000000e7b00000,0x00000000e8580000)
 ParOldGen       total 100352K, used 8758K [0x00000000a0000000, 0x00000000a6200000, 0x00000000e0000000)
  object space 100352K, 8% used [0x00000000a0000000,0x00000000a088d9c0,0x00000000a6200000)
 Metaspace       used 33768K, capacity 34646K, committed 34816K, reserved 1079296K
  class space    used 4753K, capacity 5022K, committed 5120K, reserved 1048576K
Event: 9.034 GC heap after
Heap after GC invocations=6 (full 1):
 PSYoungGen      total 136704K, used 10745K [0x00000000e0000000, 0x00000000eb600000, 0x0000000100000000)
  eden space 125952K, 0% used [0x00000000e0000000,0x00000000e0000000,0x00000000e7b00000)
  from space 10752K, 99% used [0x00000000e7b00000,0x00000000e857e5c8,0x00000000e8580000)
  to   space 15360K, 0% used [0x00000000ea700000,0x00000000ea700000,0x00000000eb600000)
 ParOldGen       total 100352K, used 12881K [0x00000000a0000000, 0x00000000a6200000, 0x00000000e0000000)
  object space 100352K, 12% used [0x00000000a0000000,0x00000000a0c945f0,0x00000000a6200000)
 Metaspace       used 33768K, capacity 34646K, committed 34816K, reserved 1079296K
  class space    used 4753K, capacity 5022K, committed 5120K, reserved 1048576K
}
Event: 9.074 GC heap before
{Heap before GC invocations=7 (full 1):
 PSYoungGen      total 136704K, used 13227K [0x00000000e0000000, 0x00000000eb600000, 0x0000000100000000)
  eden space 125952K, 1% used [0x00000000e0000000,0x00000000e026c870,0x00000000e7b00000)
  from space 10752K, 99% used [0x00000000e7b00000,0x00000000e857e5c8,0x00000000e8580000)
  to   space 15360K, 0% used [0x00000000ea700000,0x00000000ea700000,0x00000000eb600000)
 ParOldGen       total 100352K, used 12881K [0x00000000a0000000, 0x00000000a6200000, 0x00000000e0000000)
  object space 100352K, 12% used [0x00000000a0000000,0x00000000a0c945f0,0x00000000a6200000)
 Metaspace       used 34371K, capacity 35304K, committed 35416K, reserved 1079296K
  class space    used 4828K, capacity 5135K, committed 5208K, reserved 1048576K
Event: 9.081 GC heap after
Heap after GC invocations=7 (full 1):
 PSYoungGen      total 171520K, used 9792K [0x00000000e0000000, 0x00000000efc80000, 0x0000000100000000)
  eden space 156160K, 0% used [0x00000000e0000000,0x00000000e0000000,0x00000000e9880000)
  from space 15360K, 63% used [0x00000000ea700000,0x00000000eb090020,0x00000000eb600000)
  to   space 14848K, 0% used [0x00000000e9880000,0x00000000e9880000,0x00000000ea700000)
 ParOldGen       total 100352K, used 12881K [0x00000000a0000000, 0x00000000a6200000, 0x00000000e0000000)
  object space 100352K, 12% used [0x00000000a0000000,0x00000000a0c945f0,0x00000000a6200000)
 Metaspace       used 34371K, capacity 35304K, committed 35416K, reserved 1079296K
  class space    used 4828K, capacity 5135K, committed 5208K, reserved 1048576K
}
Event: 9.081 GC heap before
{Heap before GC invocations=8 (full 2):
 PSYoungGen      total 171520K, used 9792K [0x00000000e0000000, 0x00000000efc80000, 0x0000000100000000)
  eden space 156160K, 0% used [0x00000000e0000000,0x00000000e0000000,0x00000000e9880000)
  from space 15360K, 63% used [0x00000000ea700000,0x00000000eb090020,0x00000000eb600000)
  to   space 14848K, 0% used [0x00000000e9880000,0x00000000e9880000,0x00000000ea700000)
 ParOldGen       total 100352K, used 12881K [0x00000000a0000000, 0x00000000a6200000, 0x00000000e0000000)
  object space 100352K, 12% used [0x00000000a0000000,0x00000000a0c945f0,0x00000000a6200000)
 Metaspace       used 34371K, capacity 35304K, committed 35416K, reserved 1079296K
  class space    used 4828K, capacity 5135K, committed 5208K, reserved 1048576K
Event: 9.125 GC heap after
Heap after GC invocations=8 (full 2):
 PSYoungGen      total 171520K, used 0K [0x00000000e0000000, 0x00000000efc80000, 0x0000000100000000)
  eden space 156160K, 0% used [0x00000000e0000000,0x00000000e0000000,0x00000000e9880000)
  from space 15360K, 0% used [0x00000000ea700000,0x00000000ea700000,0x00000000eb600000)
  to   space 14848K, 0% used [0x00000000e9880000,0x00000000e9880000,0x00000000ea700000)
 ParOldGen       total 129536K, used 16607K [0x00000000a0000000, 0x00000000a7e80000, 0x00000000e0000000)
  object space 129536K, 12% used [0x00000000a0000000,0x00000000a1037cc0,0x00000000a7e80000)
 Metaspace       used 34371K, capacity 35304K, committed 35416K, reserved 1079296K
  class space    used 4828K, capacity 5135K, committed 5208K, reserved 1048576K
}
Event: 10.905 GC heap before
{Heap before GC invocations=9 (full 2):
 PSYoungGen      total 171520K, used 156160K [0x00000000e0000000, 0x00000000efc80000, 0x0000000100000000)
  eden space 156160K, 100% used [0x00000000e0000000,0x00000000e9880000,0x00000000e9880000)
  from space 15360K, 0% used [0x00000000ea700000,0x00000000ea700000,0x00000000eb600000)
  to   space 14848K, 0% used [0x00000000e9880000,0x00000000e9880000,0x00000000ea700000)
 ParOldGen       total 129536K, used 16607K [0x00000000a0000000, 0x00000000a7e80000, 0x00000000e0000000)
  object space 129536K, 12% used [0x00000000a0000000,0x00000000a1037cc0,0x00000000a7e80000)
 Metaspace       used 47325K, capacity 48526K, committed 48856K, reserved 1091584K
  class space    used 6489K, capacity 6840K, committed 6872K, reserved 1048576K
Event: 10.919 GC heap after
Heap after GC invocations=9 (full 2):
 PSYoungGen      total 171008K, used 14835K [0x00000000e0000000, 0x00000000f2f00000, 0x0000000100000000)
  eden space 156160K, 0% used [0x00000000e0000000,0x00000000e0000000,0x00000000e9880000)
  from space 14848K, 99% used [0x00000000e9880000,0x00000000ea6fcea8,0x00000000ea700000)
  to   space 17920K, 0% used [0x00000000f1d80000,0x00000000f1d80000,0x00000000f2f00000)
 ParOldGen       total 129536K, used 19637K [0x00000000a0000000, 0x00000000a7e80000, 0x00000000e0000000)
  object space 129536K, 15% used [0x00000000a0000000,0x00000000a132d640,0x00000000a7e80000)
 Metaspace       used 47325K, capacity 48526K, committed 48856K, reserved 1091584K
  class space    used 6489K, capacity 6840K, committed 6872K, reserved 1048576K
}
Event: 13.060 GC heap before
{Heap before GC invocations=10 (full 2):
 PSYoungGen      total 171008K, used 170995K [0x00000000e0000000, 0x00000000f2f00000, 0x0000000100000000)
  eden space 156160K, 100% used [0x00000000e0000000,0x00000000e9880000,0x00000000e9880000)
  from space 14848K, 99% used [0x00000000e9880000,0x00000000ea6fcea8,0x00000000ea700000)
  to   space 17920K, 0% used [0x00000000f1d80000,0x00000000f1d80000,0x00000000f2f00000)
 ParOldGen       total 129536K, used 19637K [0x00000000a0000000, 0x00000000a7e80000, 0x00000000e0000000)
  object space 129536K, 15% used [0x00000000a0000000,0x00000000a132d640,0x00000000a7e80000)
 Metaspace       used 54061K, capacity 56078K, committed 56408K, reserved 1097728K
  class space    used 7429K, capacity 7945K, committed 8024K, reserved 1048576K
Event: 13.082 GC heap after
Heap after GC invocations=10 (full 2):
 PSYoungGen      total 284672K, used 17901K [0x00000000e0000000, 0x00000000f3800000, 0x0000000100000000)
  eden space 266752K, 0% used [0x00000000e0000000,0x00000000e0000000,0x00000000f0480000)
  from space 17920K, 99% used [0x00000000f1d80000,0x00000000f2efb4f0,0x00000000f2f00000)
  to   space 25600K, 0% used [0x00000000f0480000,0x00000000f0480000,0x00000000f1d80000)
 ParOldGen       total 129536K, used 31746K [0x00000000a0000000, 0x00000000a7e80000, 0x00000000e0000000)
  object space 129536K, 24% used [0x00000000a0000000,0x00000000a1f00918,0x00000000a7e80000)
 Metaspace       used 54061K, capacity 56078K, committed 56408K, reserved 1097728K
  class space    used 7429K, capacity 7945K, committed 8024K, reserved 1048576K
}

Deoptimization events (10 events):
Event: 13.240 Thread 0x000000001abdc800 Uncommon trap: reason=class_check action=maybe_recompile pc=0x00000000039cdb80 method=java.lang.Throwable.<init>(Ljava/lang/String;Ljava/lang/Throwable;)V @ 24
Event: 13.240 Thread 0x000000001abdc800 Uncommon trap: reason=class_check action=maybe_recompile pc=0x00000000039cdb80 method=java.lang.Throwable.<init>(Ljava/lang/String;Ljava/lang/Throwable;)V @ 24
Event: 13.241 Thread 0x000000001abdc800 Uncommon trap: reason=class_check action=maybe_recompile pc=0x00000000039cdb80 method=java.lang.Throwable.<init>(Ljava/lang/String;Ljava/lang/Throwable;)V @ 24
Event: 13.270 Thread 0x000000001abdc800 Uncommon trap: reason=unstable_if action=reinterpret pc=0x0000000003acf3b8 method=groovy.lang.MetaClassImpl.checkIfStdMethod(Lgroovy/lang/MetaMethod;)V @ 55
Event: 13.270 Thread 0x000000001abdc800 Uncommon trap: reason=unstable_if action=reinterpret pc=0x00000000034109c4 method=groovy.lang.MetaClassImpl.checkIfStdMethod(Lgroovy/lang/MetaMethod;)V @ 55
Event: 13.287 Thread 0x000000001abdc800 Uncommon trap: reason=unstable_if action=reinterpret pc=0x00000000046f4894 method=groovy.lang.MetaClassImpl.filterPropertyMethod(Ljava/lang/Object;ZZ)Ljava/lang/Object; @ 60
Event: 13.317 Thread 0x000000001abdc800 Uncommon trap: reason=class_check action=maybe_recompile pc=0x0000000003ef337c method=org.codehaus.groovy.runtime.metaclass.MetaMethodIndex.addMethodToList(Ljava/lang/Object;Lgroovy/lang/MetaMethod;)Ljava/lang/Object; @ 230
Event: 13.317 Thread 0x000000001abdc800 Uncommon trap: reason=class_check action=maybe_recompile pc=0x0000000003ef337c method=org.codehaus.groovy.runtime.metaclass.MetaMethodIndex.addMethodToList(Ljava/lang/Object;Lgroovy/lang/MetaMethod;)Ljava/lang/Object; @ 230
Event: 13.405 Thread 0x000000001abdc800 Uncommon trap: reason=unstable_if action=reinterpret pc=0x0000000003357304 method=org.codehaus.groovy.reflection.CachedMethod.compareToMethod(Ljava/lang/reflect/Method;)I @ 111
Event: 13.453 Thread 0x000000001abdc800 Uncommon trap: reason=predicate action=maybe_recompile pc=0x000000000479918c method=java.util.ComparableTimSort.binarySort([Ljava/lang/Object;III)V @ 37

Classes redefined (0 events):
No events

Internal exceptions (10 events):
Event: 13.478 Thread 0x000000001abdc800 Exception <a 'java/lang/ClassNotFoundException': org/gradle/api/tasks/compile/AbstractCompileCustomizer> (0x00000000e3c509b0) thrown at [D:\src\AOSP-openjdk-cygwin\jdk8u\hotspot\src\share\vm\classfile\systemDictionary.cpp, line 210]
Event: 13.479 Thread 0x000000001abdc800 Exception <a 'java/lang/ClassNotFoundException': org/gradle/api/tasks/compile/JavaCompileCustomizer> (0x00000000e3c910b8) thrown at [D:\src\AOSP-openjdk-cygwin\jdk8u\hotspot\src\share\vm\classfile\systemDictionary.cpp, line 210]
Event: 13.480 Thread 0x000000001abdc800 Exception <a 'java/lang/ClassNotFoundException': com/android/build/gradle/tasks/factory/AndroidJavaCompileCustomizer> (0x00000000e3cca970) thrown at [D:\src\AOSP-openjdk-cygwin\jdk8u\hotspot\src\share\vm\classfile\systemDictionary.cpp, line 210]
Event: 13.481 Thread 0x000000001abdc800 Exception <a 'java/lang/ClassNotFoundException': com/android/build/gradle/tasks/factory/AndroidJavaCompile_DecoratedCustomizer> (0x00000000e3d042e8) thrown at [D:\src\AOSP-openjdk-cygwin\jdk8u\hotspot\src\share\vm\classfile\systemDictionary.cpp, line 210]
Event: 13.485 Thread 0x000000001abdc800 Exception <a 'java/lang/ClassNotFoundException': com/android/build/gradle/tasks/NdkCompile_DecoratedBeanInfo> (0x00000000e3dd6008) thrown at [D:\src\AOSP-openjdk-cygwin\jdk8u\hotspot\src\share\vm\classfile\systemDictionary.cpp, line 210]
Event: 13.486 Thread 0x000000001abdc800 Exception <a 'java/lang/ClassNotFoundException': com/android/build/gradle/tasks/NdkCompileBeanInfo> (0x00000000e3dea3f0) thrown at [D:\src\AOSP-openjdk-cygwin\jdk8u\hotspot\src\share\vm\classfile\systemDictionary.cpp, line 210]
Event: 13.486 Thread 0x000000001abdc800 Exception <a 'java/lang/ClassNotFoundException': com/android/build/gradle/internal/tasks/NdkTaskBeanInfo> (0x00000000e3e00148) thrown at [D:\src\AOSP-openjdk-cygwin\jdk8u\hotspot\src\share\vm\classfile\systemDictionary.cpp, line 210]
Event: 13.486 Thread 0x000000001abdc800 Exception <a 'java/lang/ClassNotFoundException': com/android/build/gradle/internal/tasks/NdkTaskCustomizer> (0x00000000e3e16350) thrown at [D:\src\AOSP-openjdk-cygwin\jdk8u\hotspot\src\share\vm\classfile\systemDictionary.cpp, line 210]
Event: 13.487 Thread 0x000000001abdc800 Exception <a 'java/lang/ClassNotFoundException': com/android/build/gradle/tasks/NdkCompileCustomizer> (0x00000000e3e48160) thrown at [D:\src\AOSP-openjdk-cygwin\jdk8u\hotspot\src\share\vm\classfile\systemDictionary.cpp, line 210]
Event: 13.488 Thread 0x000000001abdc800 Exception <a 'java/lang/ClassNotFoundException': com/android/build/gradle/tasks/NdkCompile_DecoratedCustomizer> (0x00000000e3e8bce0) thrown at [D:\src\AOSP-openjdk-cygwin\jdk8u\hotspot\src\share\vm\classfile\systemDictionary.cpp, line 210]

Events (10 events):
Event: 13.487 loading class com/android/build/gradle/tasks/NdkCompileCustomizer
Event: 13.487 loading class com/android/build/gradle/tasks/NdkCompileCustomizer done
Event: 13.487 loading class com/android/build/gradle/tasks/NdkCompileCustomizer
Event: 13.487 loading class com/android/build/gradle/tasks/NdkCompileCustomizer done
Event: 13.488 loading class com/android/build/gradle/tasks/NdkCompile_DecoratedCustomizer
Event: 13.488 loading class com/android/build/gradle/tasks/NdkCompile_DecoratedCustomizer done
Event: 13.488 loading class com/android/build/gradle/tasks/NdkCompile_DecoratedCustomizer
Event: 13.488 loading class com/android/build/gradle/tasks/NdkCompile_DecoratedCustomizer done
Event: 13.488 loading class com/android/build/gradle/tasks/NdkCompile_DecoratedCustomizer
Event: 13.488 loading class com/android/build/gradle/tasks/NdkCompile_DecoratedCustomizer done


Dynamic libraries:
0x00007ff760760000 - 0x00007ff760791000 	D:\xwwworkspace\devsoft\Android\Android Studio\jre\bin\java.exe
0x00007ff856110000 - 0x00007ff8562f1000 	C:\WINDOWS\SYSTEM32\ntdll.dll
0x00007ff853eb0000 - 0x00007ff853f62000 	C:\WINDOWS\System32\KERNEL32.DLL
0x00007ff8525a0000 - 0x00007ff852813000 	C:\WINDOWS\System32\KERNELBASE.dll
0x00007ff8547f0000 - 0x00007ff854891000 	C:\WINDOWS\System32\ADVAPI32.dll
0x00007ff8546f0000 - 0x00007ff85478e000 	C:\WINDOWS\System32\msvcrt.dll
0x00007ff854790000 - 0x00007ff8547eb000 	C:\WINDOWS\System32\sechost.dll
0x00007ff854140000 - 0x00007ff854264000 	C:\WINDOWS\System32\RPCRT4.dll
0x00007ff853ab0000 - 0x00007ff853c40000 	C:\WINDOWS\System32\USER32.dll
0x00007ff852580000 - 0x00007ff8525a0000 	C:\WINDOWS\System32\win32u.dll
0x00007ff853e20000 - 0x00007ff853e48000 	C:\WINDOWS\System32\GDI32.dll
0x00007ff8522e0000 - 0x00007ff852472000 	C:\WINDOWS\System32\gdi32full.dll
0x00007ff8524e0000 - 0x00007ff85257f000 	C:\WINDOWS\System32\msvcp_win.dll
0x00007ff8521e0000 - 0x00007ff8522da000 	C:\WINDOWS\System32\ucrtbase.dll
0x00007ff845820000 - 0x00007ff845a89000 	C:\WINDOWS\WinSxS\amd64_microsoft.windows.common-controls_6595b64144ccf1df_6.0.17134.472_none_fb3f9af53068156d\COMCTL32.dll
0x00007ff8542a0000 - 0x00007ff8545c2000 	C:\WINDOWS\System32\combase.dll
0x00007ff8528e0000 - 0x00007ff85295a000 	C:\WINDOWS\System32\bcryptPrimitives.dll
0x00007ff8545d0000 - 0x00007ff8545fd000 	C:\WINDOWS\System32\IMM32.DLL
0x000000006a2a0000 - 0x000000006a372000 	D:\xwwworkspace\devsoft\Android\Android Studio\jre\jre\bin\msvcr100.dll
0x00000000698c0000 - 0x000000006a0ff000 	D:\xwwworkspace\devsoft\Android\Android Studio\jre\jre\bin\server\jvm.dll
0x00007ff852b50000 - 0x00007ff852b73000 	C:\WINDOWS\System32\WINMM.dll
0x00007ff8521b0000 - 0x00007ff8521da000 	C:\WINDOWS\System32\WINMMBASE.dll
0x00007ff853290000 - 0x00007ff8532d9000 	C:\WINDOWS\System32\cfgmgr32.dll
0x00007ff8548a0000 - 0x00007ff8548a8000 	C:\WINDOWS\System32\PSAPI.DLL
0x00007ff850e60000 - 0x00007ff850e69000 	C:\WINDOWS\SYSTEM32\WSOCK32.dll
0x00007ff8540a0000 - 0x00007ff85410c000 	C:\WINDOWS\System32\WS2_32.dll
0x00007ff84f8d0000 - 0x00007ff84f8da000 	C:\WINDOWS\SYSTEM32\VERSION.dll
0x00007ff84df70000 - 0x00007ff84df7f000 	D:\xwwworkspace\devsoft\Android\Android Studio\jre\jre\bin\verify.dll
0x00007ff843d70000 - 0x00007ff843d99000 	D:\xwwworkspace\devsoft\Android\Android Studio\jre\jre\bin\java.dll
0x00007ff84cea0000 - 0x00007ff84ceb6000 	D:\xwwworkspace\devsoft\Android\Android Studio\jre\jre\bin\zip.dll
0x00007ff854ab0000 - 0x00007ff855ef0000 	C:\WINDOWS\System32\SHELL32.dll
0x00007ff853f70000 - 0x00007ff854019000 	C:\WINDOWS\System32\shcore.dll
0x00007ff852b80000 - 0x00007ff85328d000 	C:\WINDOWS\System32\windows.storage.dll
0x00007ff854950000 - 0x00007ff8549a1000 	C:\WINDOWS\System32\shlwapi.dll
0x00007ff852170000 - 0x00007ff852181000 	C:\WINDOWS\System32\kernel.appcore.dll
0x00007ff852190000 - 0x00007ff8521af000 	C:\WINDOWS\System32\profapi.dll
0x00007ff8532e0000 - 0x00007ff85332c000 	C:\WINDOWS\System32\powrprof.dll
0x00007ff852160000 - 0x00007ff85216a000 	C:\WINDOWS\System32\FLTLIB.DLL
0x00007ff84c190000 - 0x00007ff84c1aa000 	D:\xwwworkspace\devsoft\Android\Android Studio\jre\jre\bin\net.dll
0x00007ff8519c0000 - 0x00007ff851a26000 	C:\WINDOWS\system32\mswsock.dll
0x00007ff84ba80000 - 0x00007ff84ba91000 	D:\xwwworkspace\devsoft\Android\Android Studio\jre\jre\bin\nio.dll
0x00007ff84dfa0000 - 0x00007ff84dfbe000 	C:\Users\DELL\.gradle\native\25\windows-amd64\native-platform.dll
0x00007ff84d3d0000 - 0x00007ff84d3dd000 	D:\xwwworkspace\devsoft\Android\Android Studio\jre\jre\bin\management.dll
0x00007ff851b70000 - 0x00007ff851b87000 	C:\WINDOWS\SYSTEM32\CRYPTSP.dll
0x00007ff8515a0000 - 0x00007ff8515d3000 	C:\WINDOWS\system32\rsaenh.dll
0x00007ff851ca0000 - 0x00007ff851cc5000 	C:\WINDOWS\SYSTEM32\bcrypt.dll
0x00007ff852040000 - 0x00007ff852068000 	C:\WINDOWS\SYSTEM32\USERENV.dll
0x00007ff851b90000 - 0x00007ff851b9b000 	C:\WINDOWS\SYSTEM32\CRYPTBASE.dll
0x00007ff851740000 - 0x00007ff851778000 	C:\WINDOWS\SYSTEM32\IPHLPAPI.DLL
0x00007ff854270000 - 0x00007ff854278000 	C:\WINDOWS\System32\NSI.dll
0x00007ff84b790000 - 0x00007ff84b7a6000 	C:\WINDOWS\SYSTEM32\dhcpcsvc6.DLL
0x00007ff84b9a0000 - 0x00007ff84b9ba000 	C:\WINDOWS\SYSTEM32\dhcpcsvc.DLL

VM Arguments:
jvm_args: -Xmx1536m -Dfile.encoding=GBK -Duser.country=CN -Duser.language=zh -Duser.variant 
java_command: org.gradle.launcher.daemon.bootstrap.GradleDaemon 4.4
java_class_path (initial): C:\Users\DELL\.gradle\wrapper\dists\gradle-4.4-all\9br9xq1tocpiv8o6njlyu5op1\gradle-4.4\lib\gradle-launcher-4.4.jar
Launcher Type: SUN_STANDARD

Environment Variables:
JAVA_HOME=C:\Program Files\Java\jdk1.8.0_101
CLASSPATH=.;C:\Program Files\Java\jdk1.8.0_101\lib\dt.jar;C:\Program Files\Java\jdk1.8.0_101\lib\tools.jar;
PATH=C:\ProgramData\Oracle\Java\javapath;C:\Program Files (x86)\Intel\iCLS Client\;C:\Program Files\Intel\iCLS Client\;C:\Windows\system32;C:\Windows;C:\Windows\System32\Wbem;C:\Windows\System32\WindowsPowerShell\v1.0\;C:\Program Files (x86)\Intel\Intel(R) Management Engine Components\DAL;C:\Program Files\Intel\Intel(R) Management Engine Components\DAL;C:\Program Files (x86)\Intel\Intel(R) Management Engine Components\IPT;C:\Program Files\Intel\Intel(R) Management Engine Components\IPT;C:\Program Files (x86)\NVIDIA Corporation\PhysX\Common;C:\WINDOWS\system32;C:\WINDOWS;C:\WINDOWS\System32\Wbem;C:\WINDOWS\System32\WindowsPowerShell\v1.0\;C:\Program Files\Java\jdk1.8.0_101\bin;C:\Program Files\Java\jdk1.8.0_101\jre\bin;C:\Git\cmd;C:\sdk\platform-tools;C:\sdk\tools;C:\Android Studio\gradle\gradle-2.14.1\bin;C:\Python27;C:\WINDOWS\System32\OpenSSH\;C:\sdk\ndk-bundle;ddm;C:\Program Files\Intel\WiFi\bin\;C:\Program Files\Common Files\Intel\WirelessCommon\;C:\Users\DELL\AppData\Local\Microsoft\WindowsApps;
USERNAME=DELL
OS=Windows_NT
PROCESSOR_IDENTIFIER=Intel64 Family 6 Model 94 Stepping 3, GenuineIntel



---------------  S Y S T E M  ---------------

OS: Windows 10.0 , 64 bit Build 17134 (10.0.17134.1)

CPU:total 8 (initial active 8) (4 cores per cpu, 2 threads per core) family 6 model 94 stepping 3, cmov, cx8, fxsr, mmx, sse, sse2, sse3, ssse3, sse4.1, sse4.2, popcnt, avx, avx2, aes, clmul, erms, rtm, 3dnowpref, lzcnt, ht, tsc, tscinvbit, bmi1, bmi2, adx

Memory: 4k page, physical 16601876k(4623652k free), swap 17650452k(6004k free)

vm_info: OpenJDK 64-Bit Server VM (25.152-b02) for windows-amd64 JRE (1.8.0_152-release-1024-b02), built by "builder" with MS VC++ 10.0 (VS2010)

time: Wed Jan 02 16:02:06 2019
elapsed time: 13 seconds (0d 0h 0m 13s)

