#
# There is insufficient memory for the Java Runtime Environment to continue.
# Native memory allocation (malloc) failed to allocate 111376 bytes for Chunk::new
# Possible reasons:
#   The system is out of physical RAM or swap space
#   In 32 bit mode, the process size limit was hit
# Possible solutions:
#   Reduce memory load on the system
#   Increase physical memory or swap space
#   Check if swap backing store is full
#   Use 64 bit Java on a 64 bit OS
#   Decrease Java heap size (-Xmx/-Xms)
#   Decrease number of Java threads
#   Decrease Java thread stack sizes (-Xss)
#   Set larger code cache with -XX:ReservedCodeCacheSize=
# This output file may be truncated or incomplete.
#
#  Out of Memory Error (allocation.cpp:390), pid=8852, tid=0x00000000000022d8
#
# JRE version: OpenJDK Runtime Environment (8.0_152-b02) (build 1.8.0_152-release-1024-b02)
# Java VM: OpenJDK 64-Bit Server VM (25.152-b02 mixed mode windows-amd64 compressed oops)
# Failed to write core dump. Minidumps are not enabled by default on client versions of Windows
#

---------------  T H R E A D  ---------------

Current thread (0x00000000166ee000):  JavaThread "C2 CompilerThread0" daemon [_thread_in_native, id=8920, stack(0x0000000018ce0000,0x0000000018de0000)]

Stack: [0x0000000018ce0000,0x0000000018de0000]
[error occurred during error reporting (printing stack bounds), id 0xc0000005]

Native frames: (J=compiled Java code, j=interpreted, Vv=VM code, C=native code)


Current CompileTask:
C2:   7695 4032   !   4       java.security.SecureClassLoader::getProtectionDomain (114 bytes)


---------------  P R O C E S S  ---------------

Java Threads: ( => current thread )
  0x000000001c737000 JavaThread "build operations Thread 8" [_thread_blocked, id=10320, stack(0x0000000022500000,0x0000000022600000)]
  0x000000001c736000 JavaThread "build operations Thread 7" [_thread_blocked, id=6564, stack(0x0000000022400000,0x0000000022500000)]
  0x000000001c735800 JavaThread "build operations Thread 6" [_thread_blocked, id=14276, stack(0x0000000022300000,0x0000000022400000)]
  0x000000001c730000 JavaThread "build operations Thread 5" [_thread_blocked, id=12872, stack(0x0000000022200000,0x0000000022300000)]
  0x000000001c733000 JavaThread "build operations Thread 4" [_thread_blocked, id=10696, stack(0x0000000022100000,0x0000000022200000)]
  0x000000001c732800 JavaThread "build operations Thread 3" [_thread_blocked, id=15076, stack(0x0000000022000000,0x0000000022100000)]
  0x000000001f9cf000 JavaThread "build operations Thread 2" [_thread_blocked, id=12692, stack(0x0000000021f00000,0x0000000022000000)]
  0x000000001f9ce000 JavaThread "build operations" [_thread_blocked, id=2412, stack(0x0000000021e00000,0x0000000021f00000)]
  0x000000001f9cd800 JavaThread "Cache worker for Artifact transforms cache (C:\Users\DELL\.gradle\caches\transforms-1)" [_thread_blocked, id=15716, stack(0x000000001f280000,0x000000001f380000)]
  0x000000001bd92000 JavaThread "Cache worker for file hash cache (D:\xwwworkspace\code\DevResCollect\.gradle\4.4\fileHashes)" [_thread_blocked, id=18188, stack(0x000000001cc50000,0x000000001cd50000)]
  0x000000001a443800 JavaThread "File lock request listener" [_thread_in_native, id=18756, stack(0x000000001bb80000,0x000000001bc80000)]
  0x000000001a5b7000 JavaThread "Cache worker for file hash cache (C:\Users\DELL\.gradle\caches\4.4\fileHashes)" [_thread_blocked, id=15480, stack(0x000000001ba80000,0x000000001bb80000)]
  0x000000001a41a000 JavaThread "Stdin handler" [_thread_blocked, id=15640, stack(0x000000001b780000,0x000000001b880000)]
  0x000000001a410800 JavaThread "Asynchronous log dispatcher for DefaultDaemonConnection: socket connection from /127.0.0.1:54713 to /127.0.0.1:54714" [_thread_blocked, id=11584, stack(0x000000001b580000,0x000000001b680000)]
  0x000000001a471800 JavaThread "Daemon worker" [_thread_in_vm, id=17040, stack(0x000000001b480000,0x000000001b580000)]
  0x000000001a491000 JavaThread "Cancel handler" [_thread_blocked, id=12004, stack(0x000000001b380000,0x000000001b480000)]
  0x000000001a2e1000 JavaThread "Handler for socket connection from /127.0.0.1:54713 to /127.0.0.1:54714" [_thread_in_native, id=5748, stack(0x000000001b080000,0x000000001b180000)]
  0x000000001a2dd000 JavaThread "Daemon" [_thread_blocked, id=1988, stack(0x000000001af80000,0x000000001b080000)]
  0x000000001a2d7800 JavaThread "Daemon periodic checks" [_thread_blocked, id=3652, stack(0x000000001ae80000,0x000000001af80000)]
  0x000000001a219800 JavaThread "Incoming local TCP Connector on port 54713" [_thread_in_native, id=15588, stack(0x000000001acd0000,0x000000001add0000)]
  0x00000000186bb000 JavaThread "Service Thread" daemon [_thread_blocked, id=17092, stack(0x00000000190e0000,0x00000000191e0000)]
  0x0000000018684800 JavaThread "C1 CompilerThread3" daemon [_thread_blocked, id=548, stack(0x0000000018fe0000,0x00000000190e0000)]
  0x000000001867f800 JavaThread "C2 CompilerThread2" daemon [_thread_in_native, id=10652, stack(0x0000000018ee0000,0x0000000018fe0000)]
  0x0000000018672000 JavaThread "C2 CompilerThread1" daemon [_thread_in_native, id=18592, stack(0x0000000018de0000,0x0000000018ee0000)]
=>0x00000000166ee000 JavaThread "C2 CompilerThread0" daemon [_thread_in_native, id=8920, stack(0x0000000018ce0000,0x0000000018de0000)]
  0x000000001861a000 JavaThread "Attach Listener" daemon [_thread_blocked, id=14152, stack(0x0000000018be0000,0x0000000018ce0000)]
  0x0000000018670000 JavaThread "Signal Dispatcher" daemon [_thread_blocked, id=20056, stack(0x0000000018ae0000,0x0000000018be0000)]
  0x0000000002919800 JavaThread "Finalizer" daemon [_thread_blocked, id=4484, stack(0x00000000189e0000,0x0000000018ae0000)]
  0x00000000166db800 JavaThread "Reference Handler" daemon [_thread_blocked, id=16388, stack(0x00000000184e0000,0x00000000185e0000)]
  0x000000000281e000 JavaThread "main" [_thread_blocked, id=5028, stack(0x0000000002680000,0x0000000002780000)]

Other Threads:
  0x00000000166d5800 VMThread [stack: 0x00000000183e0000,0x00000000184e0000] [id=9884]
  0x00000000186bc000 WatcherThread [stack: 0x00000000191e0000,0x00000000192e0000] [id=13352]

VM state:not at safepoint (normal execution)

VM Mutex/Monitor currently owned by a thread: None

Heap:
 PSYoungGen      total 177664K, used 20372K [0x00000000e0000000, 0x00000000edc80000, 0x0000000100000000)
  eden space 166400K, 12% used [0x00000000e0000000,0x00000000e13e5220,0x00000000ea280000)
  from space 11264K, 0% used [0x00000000eae80000,0x00000000eae80000,0x00000000eb980000)
  to   space 12288K, 0% used [0x00000000ea280000,0x00000000ea280000,0x00000000eae80000)
 ParOldGen       total 158208K, used 17813K [0x00000000a0000000, 0x00000000a9a80000, 0x00000000e0000000)
  object space 158208K, 11% used [0x00000000a0000000,0x00000000a11655a8,0x00000000a9a80000)
 Metaspace       used 37299K, capacity 38084K, committed 38616K, reserved 1083392K
  class space    used 5031K, capacity 5260K, committed 5376K, reserved 1048576K

Card table byte_map: [0x0000000011ce0000,0x0000000011ff0000] byte_map_base: 0x00000000117e0000

Marking Bits: (ParMarkBitMap*) 0x000000006a084970
 Begin Bits: [0x00000000129f0000, 0x00000000141f0000)
 End Bits:   [0x00000000141f0000, 0x00000000159f0000)

Polling page: 0x00000000001f0000

CodeCache: size=245760Kb used=12906Kb max_used=12906Kb free=232853Kb
 bounds [0x0000000002920000, 0x00000000035d0000, 0x0000000011920000]
 total_blobs=4269 nmethods=3565 adapters=615
 compilation: enabled

Compilation events (10 events):
Event: 7.678 Thread 0x0000000018684800 nmethod 4051 0x00000000035ba4d0 code [0x00000000035ba620, 0x00000000035ba730]
Event: 7.685 Thread 0x0000000018684800 4053       3       java.lang.invoke.LambdaForm::signatureArity (28 bytes)
Event: 7.685 Thread 0x0000000018684800 nmethod 4053 0x00000000035ba790 code [0x00000000035ba900, 0x00000000035babe8]
Event: 7.686 Thread 0x0000000018684800 4054       3       jdk.internal.org.objectweb.asm.MethodWriter::visitMethodInsn (220 bytes)
Event: 7.686 Thread 0x0000000018684800 nmethod 4054 0x00000000035bacd0 code [0x00000000035baec0, 0x00000000035bb548]
Event: 7.686 Thread 0x0000000018684800 4055       3       jdk.internal.org.objectweb.asm.ClassWriter::newMethodItem (91 bytes)
Event: 7.687 Thread 0x0000000018684800 nmethod 4055 0x00000000035bb8d0 code [0x00000000035bbac0, 0x00000000035bc138]
Event: 7.689 Thread 0x0000000018684800 4057       3       jdk.internal.org.objectweb.asm.MethodWriter::<init> (268 bytes)
Event: 7.690 Thread 0x0000000018684800 nmethod 4057 0x00000000035bc590 code [0x00000000035bc7c0, 0x00000000035bd4a8]
Event: 7.690 Thread 0x0000000018684800 4058       3       jdk.internal.org.objectweb.asm.MethodWriter::visitMaxs (1159 bytes)

GC Heap History (10 events):
Event: 4.416 GC heap before
{Heap before GC invocations=4 (full 1):
 PSYoungGen      total 75776K, used 8865K [0x00000000e0000000, 0x00000000e9400000, 0x0000000100000000)
  eden space 65024K, 0% used [0x00000000e0000000,0x00000000e0000000,0x00000000e3f80000)
  from space 10752K, 82% used [0x00000000e3f80000,0x00000000e48285c0,0x00000000e4a00000)
  to   space 10752K, 0% used [0x00000000e8980000,0x00000000e8980000,0x00000000e9400000)
 ParOldGen       total 173568K, used 277K [0x00000000a0000000, 0x00000000aa980000, 0x00000000e0000000)
  object space 173568K, 0% used [0x00000000a0000000,0x00000000a00456b0,0x00000000aa980000)
 Metaspace       used 20757K, capacity 21078K, committed 21248K, reserved 1067008K
  class space    used 2887K, capacity 2990K, committed 3072K, reserved 1048576K
Event: 4.448 GC heap after
Heap after GC invocations=4 (full 1):
 PSYoungGen      total 75776K, used 0K [0x00000000e0000000, 0x00000000e9400000, 0x0000000100000000)
  eden space 65024K, 0% used [0x00000000e0000000,0x00000000e0000000,0x00000000e3f80000)
  from space 10752K, 0% used [0x00000000e3f80000,0x00000000e3f80000,0x00000000e4a00000)
  to   space 10752K, 0% used [0x00000000e8980000,0x00000000e8980000,0x00000000e9400000)
 ParOldGen       total 99840K, used 8580K [0x00000000a0000000, 0x00000000a6180000, 0x00000000e0000000)
  object space 99840K, 8% used [0x00000000a0000000,0x00000000a0861208,0x00000000a6180000)
 Metaspace       used 20757K, capacity 21078K, committed 21248K, reserved 1067008K
  class space    used 2887K, capacity 2990K, committed 3072K, reserved 1048576K
}
Event: 5.148 GC heap before
{Heap before GC invocations=5 (full 1):
 PSYoungGen      total 75776K, used 64642K [0x00000000e0000000, 0x00000000e9400000, 0x0000000100000000)
  eden space 65024K, 99% used [0x00000000e0000000,0x00000000e3f20ae8,0x00000000e3f80000)
  from space 10752K, 0% used [0x00000000e3f80000,0x00000000e3f80000,0x00000000e4a00000)
  to   space 10752K, 0% used [0x00000000e8980000,0x00000000e8980000,0x00000000e9400000)
 ParOldGen       total 99840K, used 8580K [0x00000000a0000000, 0x00000000a6180000, 0x00000000e0000000)
  object space 99840K, 8% used [0x00000000a0000000,0x00000000a0861208,0x00000000a6180000)
 Metaspace       used 25514K, capacity 26036K, committed 26368K, reserved 1071104K
  class space    used 3555K, capacity 3715K, committed 3840K, reserved 1048576K
Event: 5.156 GC heap after
Heap after GC invocations=5 (full 1):
 PSYoungGen      total 113152K, used 7813K [0x00000000e0000000, 0x00000000e9180000, 0x0000000100000000)
  eden space 104960K, 0% used [0x00000000e0000000,0x00000000e0000000,0x00000000e6680000)
  from space 8192K, 95% used [0x00000000e8980000,0x00000000e9121460,0x00000000e9180000)
  to   space 10752K, 0% used [0x00000000e7c80000,0x00000000e7c80000,0x00000000e8700000)
 ParOldGen       total 99840K, used 8588K [0x00000000a0000000, 0x00000000a6180000, 0x00000000e0000000)
  object space 99840K, 8% used [0x00000000a0000000,0x00000000a0863208,0x00000000a6180000)
 Metaspace       used 25514K, capacity 26036K, committed 26368K, reserved 1071104K
  class space    used 3555K, capacity 3715K, committed 3840K, reserved 1048576K
}
Event: 6.342 GC heap before
{Heap before GC invocations=6 (full 1):
 PSYoungGen      total 113152K, used 112773K [0x00000000e0000000, 0x00000000e9180000, 0x0000000100000000)
  eden space 104960K, 100% used [0x00000000e0000000,0x00000000e6680000,0x00000000e6680000)
  from space 8192K, 95% used [0x00000000e8980000,0x00000000e9121460,0x00000000e9180000)
  to   space 10752K, 0% used [0x00000000e7c80000,0x00000000e7c80000,0x00000000e8700000)
 ParOldGen       total 99840K, used 8588K [0x00000000a0000000, 0x00000000a6180000, 0x00000000e0000000)
  object space 99840K, 8% used [0x00000000a0000000,0x00000000a0863208,0x00000000a6180000)
 Metaspace       used 30713K, capacity 31268K, committed 31616K, reserved 1077248K
  class space    used 4184K, capacity 4369K, committed 4480K, reserved 1048576K
Event: 6.351 GC heap after
Heap after GC invocations=6 (full 1):
 PSYoungGen      total 138240K, used 9139K [0x00000000e0000000, 0x00000000eb980000, 0x0000000100000000)
  eden space 127488K, 0% used [0x00000000e0000000,0x00000000e0000000,0x00000000e7c80000)
  from space 10752K, 85% used [0x00000000e7c80000,0x00000000e856cf18,0x00000000e8700000)
  to   space 11264K, 0% used [0x00000000eae80000,0x00000000eae80000,0x00000000eb980000)
 ParOldGen       total 99840K, used 8596K [0x00000000a0000000, 0x00000000a6180000, 0x00000000e0000000)
  object space 99840K, 8% used [0x00000000a0000000,0x00000000a0865208,0x00000000a6180000)
 Metaspace       used 30713K, capacity 31268K, committed 31616K, reserved 1077248K
  class space    used 4184K, capacity 4369K, committed 4480K, reserved 1048576K
}
Event: 7.436 GC heap before
{Heap before GC invocations=7 (full 1):
 PSYoungGen      total 138240K, used 63592K [0x00000000e0000000, 0x00000000eb980000, 0x0000000100000000)
  eden space 127488K, 42% used [0x00000000e0000000,0x00000000e352d298,0x00000000e7c80000)
  from space 10752K, 85% used [0x00000000e7c80000,0x00000000e856cf18,0x00000000e8700000)
  to   space 11264K, 0% used [0x00000000eae80000,0x00000000eae80000,0x00000000eb980000)
 ParOldGen       total 99840K, used 8596K [0x00000000a0000000, 0x00000000a6180000, 0x00000000e0000000)
  object space 99840K, 8% used [0x00000000a0000000,0x00000000a0865208,0x00000000a6180000)
 Metaspace       used 34631K, capacity 35286K, committed 35416K, reserved 1079296K
  class space    used 4736K, capacity 4968K, committed 4992K, reserved 1048576K
Event: 7.445 GC heap after
Heap after GC invocations=7 (full 1):
 PSYoungGen      total 177664K, used 11122K [0x00000000e0000000, 0x00000000edc80000, 0x0000000100000000)
  eden space 166400K, 0% used [0x00000000e0000000,0x00000000e0000000,0x00000000ea280000)
  from space 11264K, 98% used [0x00000000eae80000,0x00000000eb95c8b0,0x00000000eb980000)
  to   space 12288K, 0% used [0x00000000ea280000,0x00000000ea280000,0x00000000eae80000)
 ParOldGen       total 99840K, used 8668K [0x00000000a0000000, 0x00000000a6180000, 0x00000000e0000000)
  object space 99840K, 8% used [0x00000000a0000000,0x00000000a0877218,0x00000000a6180000)
 Metaspace       used 34631K, capacity 35286K, committed 35416K, reserved 1079296K
  class space    used 4736K, capacity 4968K, committed 4992K, reserved 1048576K
}
Event: 7.445 GC heap before
{Heap before GC invocations=8 (full 2):
 PSYoungGen      total 177664K, used 11122K [0x00000000e0000000, 0x00000000edc80000, 0x0000000100000000)
  eden space 166400K, 0% used [0x00000000e0000000,0x00000000e0000000,0x00000000ea280000)
  from space 11264K, 98% used [0x00000000eae80000,0x00000000eb95c8b0,0x00000000eb980000)
  to   space 12288K, 0% used [0x00000000ea280000,0x00000000ea280000,0x00000000eae80000)
 ParOldGen       total 99840K, used 8668K [0x00000000a0000000, 0x00000000a6180000, 0x00000000e0000000)
  object space 99840K, 8% used [0x00000000a0000000,0x00000000a0877218,0x00000000a6180000)
 Metaspace       used 34631K, capacity 35286K, committed 35416K, reserved 1079296K
  class space    used 4736K, capacity 4968K, committed 4992K, reserved 1048576K
Event: 7.493 GC heap after
Heap after GC invocations=8 (full 2):
 PSYoungGen      total 177664K, used 0K [0x00000000e0000000, 0x00000000edc80000, 0x0000000100000000)
  eden space 166400K, 0% used [0x00000000e0000000,0x00000000e0000000,0x00000000ea280000)
  from space 11264K, 0% used [0x00000000eae80000,0x00000000eae80000,0x00000000eb980000)
  to   space 12288K, 0% used [0x00000000ea280000,0x00000000ea280000,0x00000000eae80000)
 ParOldGen       total 158208K, used 17813K [0x00000000a0000000, 0x00000000a9a80000, 0x00000000e0000000)
  object space 158208K, 11% used [0x00000000a0000000,0x00000000a11655a8,0x00000000a9a80000)
 Metaspace       used 34631K, capacity 35286K, committed 35416K, reserved 1079296K
  class space    used 4736K, capacity 4968K, committed 4992K, reserved 1048576K
}

Deoptimization events (10 events):
Event: 7.262 Thread 0x000000001a471800 Uncommon trap: reason=bimorphic action=maybe_recompile pc=0x0000000002f4db3c method=java.lang.ClassLoader.getPackage(Ljava/lang/String;)Ljava/lang/Package; @ 47
Event: 7.262 Thread 0x000000001a471800 Uncommon trap: reason=bimorphic action=maybe_recompile pc=0x0000000002f4db3c method=java.lang.ClassLoader.getPackage(Ljava/lang/String;)Ljava/lang/Package; @ 47
Event: 7.262 Thread 0x000000001a471800 Uncommon trap: reason=bimorphic action=maybe_recompile pc=0x0000000002f4db3c method=java.lang.ClassLoader.getPackage(Ljava/lang/String;)Ljava/lang/Package; @ 47
Event: 7.267 Thread 0x000000001a471800 Uncommon trap: reason=bimorphic action=maybe_recompile pc=0x00000000031b2490 method=java.lang.ClassLoader.getPackage(Ljava/lang/String;)Ljava/lang/Package; @ 47
Event: 7.270 Thread 0x000000001a471800 Uncommon trap: reason=bimorphic action=maybe_recompile pc=0x0000000003165f64 method=java.lang.ClassLoader.getPackage(Ljava/lang/String;)Ljava/lang/Package; @ 47
Event: 7.330 Thread 0x000000001a471800 Uncommon trap: reason=class_check action=maybe_recompile pc=0x000000000308d408 method=java.io.BufferedInputStream.read1([BII)I @ 39
Event: 7.330 Thread 0x000000001a471800 Uncommon trap: reason=class_check action=maybe_recompile pc=0x000000000308d408 method=java.io.BufferedInputStream.read1([BII)I @ 39
Event: 7.330 Thread 0x000000001a471800 Uncommon trap: reason=class_check action=maybe_recompile pc=0x000000000308d408 method=java.io.BufferedInputStream.read1([BII)I @ 39
Event: 7.407 Thread 0x000000001a471800 Uncommon trap: reason=unstable_if action=reinterpret pc=0x0000000003278250 method=java.lang.Integer.valueOf(I)Ljava/lang/Integer; @ 3
Event: 7.410 Thread 0x000000001a471800 Uncommon trap: reason=predicate action=maybe_recompile pc=0x000000000321c4a4 method=java.util.Arrays.binarySearch0([Ljava/lang/Object;IILjava/lang/Object;Ljava/util/Comparator;)I @ 28

Classes redefined (0 events):
No events

Internal exceptions (10 events):
Event: 7.210 Thread 0x000000001a471800 Exception <a 'java/lang/ClassNotFoundException': [BBeanInfo> (0x00000000e28be620) thrown at [D:\src\AOSP-openjdk-cygwin\jdk8u\hotspot\src\share\vm\prims\jni.cpp, line 735]
Event: 7.210 Thread 0x000000001a471800 Exception <a 'java/lang/ClassNotFoundException': [BBeanInfo> (0x00000000e28bf040) thrown at [D:\src\AOSP-openjdk-cygwin\jdk8u\hotspot\src\share\vm\prims\jni.cpp, line 735]
Event: 7.210 Thread 0x000000001a471800 Exception <a 'java/lang/ClassNotFoundException': [BCustomizer> (0x00000000e28bfb38) thrown at [D:\src\AOSP-openjdk-cygwin\jdk8u\hotspot\src\share\vm\prims\jni.cpp, line 735]
Event: 7.210 Thread 0x000000001a471800 Exception <a 'java/lang/ClassNotFoundException': [BCustomizer> (0x00000000e28c0528) thrown at [D:\src\AOSP-openjdk-cygwin\jdk8u\hotspot\src\share\vm\prims\jni.cpp, line 735]
Event: 7.213 Thread 0x000000001a471800 Exception <a 'java/lang/ClassNotFoundException': java/lang/StringBeanInfo> (0x00000000e28f5390) thrown at [D:\src\AOSP-openjdk-cygwin\jdk8u\hotspot\src\share\vm\classfile\systemDictionary.cpp, line 210]
Event: 7.213 Thread 0x000000001a471800 Exception <a 'java/lang/ClassNotFoundException': java/lang/StringCustomizer> (0x00000000e28fd110) thrown at [D:\src\AOSP-openjdk-cygwin\jdk8u\hotspot\src\share\vm\classfile\systemDictionary.cpp, line 210]
Event: 7.253 Thread 0x000000001a471800 Exception <a 'java/lang/ClassNotFoundException': build_6lplaz1rfdezwfd1x3r03ejz0BeanInfo> (0x00000000e2a50b78) thrown at [D:\src\AOSP-openjdk-cygwin\jdk8u\hotspot\src\share\vm\classfile\systemDictionary.cpp, line 210]
Event: 7.253 Thread 0x000000001a471800 Exception <a 'java/lang/ClassNotFoundException': build_6lplaz1rfdezwfd1x3r03ejz0Customizer> (0x00000000e2a5b030) thrown at [D:\src\AOSP-openjdk-cygwin\jdk8u\hotspot\src\share\vm\classfile\systemDictionary.cpp, line 210]
Event: 7.257 Thread 0x000000001a471800 Exception <a 'java/lang/ClassNotFoundException': org/gradle/api/internal/plugins/DefaultObjectConfigurationActionBeanInfo> (0x00000000e2ac0a80) thrown at [D:\src\AOSP-openjdk-cygwin\jdk8u\hotspot\src\share\vm\classfile\systemDictionary.cpp, line 210]
Event: 7.257 Thread 0x000000001a471800 Exception <a 'java/lang/ClassNotFoundException': org/gradle/api/internal/plugins/DefaultObjectConfigurationActionCustomizer> (0x00000000e2b244e0) thrown at [D:\src\AOSP-openjdk-cygwin\jdk8u\hotspot\src\share\vm\classfile\systemDictionary.cpp, line 210]

Events (10 events):
Event: 7.689 loading class com/android/build/gradle/options/IntegerOption
Event: 7.689 loading class com/android/build/gradle/options/IntegerOption done
Event: 7.689 loading class com/google/wireless/android/sdk/stats/GradleProjectOptionsSettings$Builder
Event: 7.689 loading class com/google/wireless/android/sdk/stats/GradleProjectOptionsSettings$Builder done
Event: 7.689 loading class com/google/common/collect/ImmutableSet$Indexed$1
Event: 7.689 loading class com/google/common/collect/ImmutableSet$Indexed$1 done
Event: 7.690 loading class com/android/build/gradle/internal/api/artifact/BuildableArtifactImpl
Event: 7.690 loading class com/android/build/gradle/internal/api/artifact/BuildableArtifactImpl done
Event: 7.690 loading class com/android/build/api/artifact/BuildableArtifact
Event: 7.690 loading class com/android/build/api/artifact/BuildableArtifact done


Dynamic libraries:
0x00007ff760760000 - 0x00007ff760791000 	D:\xwwworkspace\devsoft\Android\Android Studio\jre\bin\java.exe
0x00007ff856110000 - 0x00007ff8562f1000 	C:\WINDOWS\SYSTEM32\ntdll.dll
0x00007ff853eb0000 - 0x00007ff853f62000 	C:\WINDOWS\System32\KERNEL32.DLL
0x00007ff8525a0000 - 0x00007ff852813000 	C:\WINDOWS\System32\KERNELBASE.dll
0x00007ff8547f0000 - 0x00007ff854891000 	C:\WINDOWS\System32\ADVAPI32.dll
0x00007ff8546f0000 - 0x00007ff85478e000 	C:\WINDOWS\System32\msvcrt.dll
0x00007ff854790000 - 0x00007ff8547eb000 	C:\WINDOWS\System32\sechost.dll
0x00007ff854140000 - 0x00007ff854264000 	C:\WINDOWS\System32\RPCRT4.dll
0x00007ff853ab0000 - 0x00007ff853c40000 	C:\WINDOWS\System32\USER32.dll
0x00007ff852580000 - 0x00007ff8525a0000 	C:\WINDOWS\System32\win32u.dll
0x00007ff853e20000 - 0x00007ff853e48000 	C:\WINDOWS\System32\GDI32.dll
0x00007ff8522e0000 - 0x00007ff852472000 	C:\WINDOWS\System32\gdi32full.dll
0x00007ff8524e0000 - 0x00007ff85257f000 	C:\WINDOWS\System32\msvcp_win.dll
0x00007ff8521e0000 - 0x00007ff8522da000 	C:\WINDOWS\System32\ucrtbase.dll
0x00007ff845820000 - 0x00007ff845a89000 	C:\WINDOWS\WinSxS\amd64_microsoft.windows.common-controls_6595b64144ccf1df_6.0.17134.472_none_fb3f9af53068156d\COMCTL32.dll
0x00007ff8542a0000 - 0x00007ff8545c2000 	C:\WINDOWS\System32\combase.dll
0x00007ff8528e0000 - 0x00007ff85295a000 	C:\WINDOWS\System32\bcryptPrimitives.dll
0x00007ff8545d0000 - 0x00007ff8545fd000 	C:\WINDOWS\System32\IMM32.DLL
0x000000006a2a0000 - 0x000000006a372000 	D:\xwwworkspace\devsoft\Android\Android Studio\jre\jre\bin\msvcr100.dll
0x00000000698c0000 - 0x000000006a0ff000 	D:\xwwworkspace\devsoft\Android\Android Studio\jre\jre\bin\server\jvm.dll
0x00007ff852b50000 - 0x00007ff852b73000 	C:\WINDOWS\System32\WINMM.dll
0x00007ff8521b0000 - 0x00007ff8521da000 	C:\WINDOWS\System32\WINMMBASE.dll
0x00007ff853290000 - 0x00007ff8532d9000 	C:\WINDOWS\System32\cfgmgr32.dll
0x00007ff8548a0000 - 0x00007ff8548a8000 	C:\WINDOWS\System32\PSAPI.DLL
0x00007ff850e60000 - 0x00007ff850e69000 	C:\WINDOWS\SYSTEM32\WSOCK32.dll
0x00007ff8540a0000 - 0x00007ff85410c000 	C:\WINDOWS\System32\WS2_32.dll
0x00007ff84f8d0000 - 0x00007ff84f8da000 	C:\WINDOWS\SYSTEM32\VERSION.dll
0x00007ff84df70000 - 0x00007ff84df7f000 	D:\xwwworkspace\devsoft\Android\Android Studio\jre\jre\bin\verify.dll
0x00007ff843d70000 - 0x00007ff843d99000 	D:\xwwworkspace\devsoft\Android\Android Studio\jre\jre\bin\java.dll
0x00007ff84cea0000 - 0x00007ff84ceb6000 	D:\xwwworkspace\devsoft\Android\Android Studio\jre\jre\bin\zip.dll
0x00007ff854ab0000 - 0x00007ff855ef0000 	C:\WINDOWS\System32\SHELL32.dll
0x00007ff853f70000 - 0x00007ff854019000 	C:\WINDOWS\System32\shcore.dll
0x00007ff852b80000 - 0x00007ff85328d000 	C:\WINDOWS\System32\windows.storage.dll
0x00007ff854950000 - 0x00007ff8549a1000 	C:\WINDOWS\System32\shlwapi.dll
0x00007ff852170000 - 0x00007ff852181000 	C:\WINDOWS\System32\kernel.appcore.dll
0x00007ff852190000 - 0x00007ff8521af000 	C:\WINDOWS\System32\profapi.dll
0x00007ff8532e0000 - 0x00007ff85332c000 	C:\WINDOWS\System32\powrprof.dll
0x00007ff852160000 - 0x00007ff85216a000 	C:\WINDOWS\System32\FLTLIB.DLL
0x00007ff84c190000 - 0x00007ff84c1aa000 	D:\xwwworkspace\devsoft\Android\Android Studio\jre\jre\bin\net.dll
0x00007ff8519c0000 - 0x00007ff851a26000 	C:\WINDOWS\system32\mswsock.dll
0x00007ff84ba80000 - 0x00007ff84ba91000 	D:\xwwworkspace\devsoft\Android\Android Studio\jre\jre\bin\nio.dll
0x00007ff84dfa0000 - 0x00007ff84dfbe000 	C:\Users\DELL\.gradle\native\25\windows-amd64\native-platform.dll
0x00007ff84d3d0000 - 0x00007ff84d3dd000 	D:\xwwworkspace\devsoft\Android\Android Studio\jre\jre\bin\management.dll
0x00007ff851b70000 - 0x00007ff851b87000 	C:\WINDOWS\SYSTEM32\CRYPTSP.dll
0x00007ff8515a0000 - 0x00007ff8515d3000 	C:\WINDOWS\system32\rsaenh.dll
0x00007ff851ca0000 - 0x00007ff851cc5000 	C:\WINDOWS\SYSTEM32\bcrypt.dll
0x00007ff852040000 - 0x00007ff852068000 	C:\WINDOWS\SYSTEM32\USERENV.dll
0x00007ff851b90000 - 0x00007ff851b9b000 	C:\WINDOWS\SYSTEM32\CRYPTBASE.dll
0x00007ff851740000 - 0x00007ff851778000 	C:\WINDOWS\SYSTEM32\IPHLPAPI.DLL
0x00007ff854270000 - 0x00007ff854278000 	C:\WINDOWS\System32\NSI.dll
0x00007ff84b790000 - 0x00007ff84b7a6000 	C:\WINDOWS\SYSTEM32\dhcpcsvc6.DLL
0x00007ff84b9a0000 - 0x00007ff84b9ba000 	C:\WINDOWS\SYSTEM32\dhcpcsvc.DLL

VM Arguments:
jvm_args: -Xmx1536m -Dfile.encoding=GBK -Duser.country=CN -Duser.language=zh -Duser.variant 
java_command: org.gradle.launcher.daemon.bootstrap.GradleDaemon 4.4
java_class_path (initial): C:\Users\DELL\.gradle\wrapper\dists\gradle-4.4-all\9br9xq1tocpiv8o6njlyu5op1\gradle-4.4\lib\gradle-launcher-4.4.jar
Launcher Type: SUN_STANDARD

Environment Variables:
JAVA_HOME=C:\Program Files\Java\jdk1.8.0_101
CLASSPATH=.;C:\Program Files\Java\jdk1.8.0_101\lib\dt.jar;C:\Program Files\Java\jdk1.8.0_101\lib\tools.jar;
PATH=C:\ProgramData\Oracle\Java\javapath;C:\Program Files (x86)\Intel\iCLS Client\;C:\Program Files\Intel\iCLS Client\;C:\Windows\system32;C:\Windows;C:\Windows\System32\Wbem;C:\Windows\System32\WindowsPowerShell\v1.0\;C:\Program Files (x86)\Intel\Intel(R) Management Engine Components\DAL;C:\Program Files\Intel\Intel(R) Management Engine Components\DAL;C:\Program Files (x86)\Intel\Intel(R) Management Engine Components\IPT;C:\Program Files\Intel\Intel(R) Management Engine Components\IPT;C:\Program Files (x86)\NVIDIA Corporation\PhysX\Common;C:\WINDOWS\system32;C:\WINDOWS;C:\WINDOWS\System32\Wbem;C:\WINDOWS\System32\WindowsPowerShell\v1.0\;C:\Program Files\Java\jdk1.8.0_101\bin;C:\Program Files\Java\jdk1.8.0_101\jre\bin;C:\Git\cmd;C:\sdk\platform-tools;C:\sdk\tools;C:\Android Studio\gradle\gradle-2.14.1\bin;C:\Python27;C:\WINDOWS\System32\OpenSSH\;C:\sdk\ndk-bundle;ddm;C:\Program Files\Intel\WiFi\bin\;C:\Program Files\Common Files\Intel\WirelessCommon\;C:\Users\DELL\AppData\Local\Microsoft\WindowsApps;
USERNAME=DELL
OS=Windows_NT
PROCESSOR_IDENTIFIER=Intel64 Family 6 Model 94 Stepping 3, GenuineIntel



---------------  S Y S T E M  ---------------

OS: Windows 10.0 , 64 bit Build 17134 (10.0.17134.1)

CPU:total 8 (initial active 8) (4 cores per cpu, 2 threads per core) family 6 model 94 stepping 3, cmov, cx8, fxsr, mmx, sse, sse2, sse3, ssse3, sse4.1, sse4.2, popcnt, avx, avx2, aes, clmul, erms, rtm, 3dnowpref, lzcnt, ht, tsc, tscinvbit, bmi1, bmi2, adx

Memory: 4k page, physical 16601876k(5520552k free), swap 17650452k(5292k free)

vm_info: OpenJDK 64-Bit Server VM (25.152-b02) for windows-amd64 JRE (1.8.0_152-release-1024-b02), built by "builder" with MS VC++ 10.0 (VS2010)

time: Wed Jan 02 15:54:32 2019
elapsed time: 7 seconds (0d 0h 0m 7s)

