#
# There is insufficient memory for the Java Runtime Environment to continue.
# Native memory allocation (malloc) failed to allocate 2286416 bytes for Chunk::new
# Possible reasons:
#   The system is out of physical RAM or swap space
#   In 32 bit mode, the process size limit was hit
# Possible solutions:
#   Reduce memory load on the system
#   Increase physical memory or swap space
#   Check if swap backing store is full
#   Use 64 bit Java on a 64 bit OS
#   Decrease Java heap size (-Xmx/-Xms)
#   Decrease number of Java threads
#   Decrease Java thread stack sizes (-Xss)
#   Set larger code cache with -XX:ReservedCodeCacheSize=
# This output file may be truncated or incomplete.
#
#  Out of Memory Error (allocation.cpp:390), pid=19312, tid=0x00000000000039dc
#
# JRE version: OpenJDK Runtime Environment (8.0_152-b02) (build 1.8.0_152-release-1024-b02)
# Java VM: OpenJDK 64-Bit Server VM (25.152-b02 mixed mode windows-amd64 compressed oops)
# Failed to write core dump. Minidumps are not enabled by default on client versions of Windows
#

---------------  T H R E A D  ---------------

Current thread (0x0000000018a02000):  JavaThread "C2 CompilerThread0" daemon [_thread_in_native, id=14812, stack(0x0000000019070000,0x0000000019170000)]

Stack: [0x0000000019070000,0x0000000019170000]
[error occurred during error reporting (printing stack bounds), id 0xc0000005]

Native frames: (J=compiled Java code, j=interpreted, Vv=VM code, C=native code)


Current CompileTask:
C2:   9345 4566       4       java.net.URLClassLoader$1::run (5 bytes)


---------------  P R O C E S S  ---------------

Java Threads: ( => current thread )
  0x000000001d0ac000 JavaThread "Memory manager" [_thread_blocked, id=19764, stack(0x0000000022c80000,0x0000000022d80000)]
  0x000000001d0b0000 JavaThread "build operations Thread 8" [_thread_blocked, id=3108, stack(0x0000000022630000,0x0000000022730000)]
  0x000000001d0ae800 JavaThread "build operations Thread 7" [_thread_blocked, id=17348, stack(0x0000000022530000,0x0000000022630000)]
  0x000000001aa12000 JavaThread "build operations Thread 6" [_thread_blocked, id=15496, stack(0x0000000022430000,0x0000000022530000)]
  0x000000001aa11000 JavaThread "build operations Thread 5" [_thread_blocked, id=4696, stack(0x0000000022330000,0x0000000022430000)]
  0x000000001aa10800 JavaThread "build operations Thread 4" [_thread_blocked, id=16588, stack(0x0000000022230000,0x0000000022330000)]
  0x000000001aa15800 JavaThread "build operations Thread 3" [_thread_blocked, id=18316, stack(0x0000000022130000,0x0000000022230000)]
  0x000000001aa17000 JavaThread "build operations Thread 2" [_thread_blocked, id=14544, stack(0x0000000022030000,0x0000000022130000)]
  0x000000001aa15000 JavaThread "build operations" [_thread_blocked, id=15560, stack(0x0000000020d20000,0x0000000020e20000)]
  0x000000001aa16800 JavaThread "Cache worker for Artifact transforms cache (C:\Users\DELL\.gradle\caches\transforms-1)" [_thread_blocked, id=6336, stack(0x0000000020c20000,0x0000000020d20000)]
  0x000000001c1b3800 JavaThread "Cache worker for file hash cache (D:\xwwworkspace\code\DevResCollect\.gradle\4.4\fileHashes)" [_thread_blocked, id=7948, stack(0x000000001cf10000,0x000000001d010000)]
  0x000000001a7ee800 JavaThread "File lock request listener" [_thread_in_native, id=18252, stack(0x000000001be40000,0x000000001bf40000)]
  0x000000001a7ed800 JavaThread "Cache worker for file hash cache (C:\Users\DELL\.gradle\caches\4.4\fileHashes)" [_thread_blocked, id=2140, stack(0x000000001bd40000,0x000000001be40000)]
  0x000000001a805800 JavaThread "Stdin handler" [_thread_blocked, id=11520, stack(0x000000001ba40000,0x000000001bb40000)]
  0x000000001a800000 JavaThread "Asynchronous log dispatcher for DefaultDaemonConnection: socket connection from /127.0.0.1:54721 to /127.0.0.1:54722" [_thread_blocked, id=15152, stack(0x000000001b840000,0x000000001b940000)]
  0x000000001a866800 JavaThread "Daemon worker" [_thread_in_Java, id=8812, stack(0x000000001b740000,0x000000001b840000)]
  0x000000001a863800 JavaThread "Cancel handler" [_thread_blocked, id=6856, stack(0x000000001b640000,0x000000001b740000)]
  0x000000001a85e800 JavaThread "Handler for socket connection from /127.0.0.1:54721 to /127.0.0.1:54722" [_thread_in_native, id=13072, stack(0x000000001b340000,0x000000001b440000)]
  0x000000001a85d800 JavaThread "Daemon" [_thread_blocked, id=8928, stack(0x000000001b240000,0x000000001b340000)]
  0x000000001a849800 JavaThread "Daemon periodic checks" [_thread_blocked, id=17616, stack(0x000000001b140000,0x000000001b240000)]
  0x000000001a754800 JavaThread "Incoming local TCP Connector on port 54721" [_thread_in_native, id=10680, stack(0x000000001b040000,0x000000001b140000)]
  0x0000000018a9a000 JavaThread "Service Thread" daemon [_thread_blocked, id=9552, stack(0x0000000019470000,0x0000000019570000)]
  0x0000000018a08800 JavaThread "C1 CompilerThread3" daemon [_thread_in_native, id=13952, stack(0x0000000019370000,0x0000000019470000)]
  0x0000000018a07800 JavaThread "C2 CompilerThread2" daemon [_thread_in_native, id=9056, stack(0x0000000019270000,0x0000000019370000)]
  0x0000000018a05800 JavaThread "C2 CompilerThread1" daemon [_thread_in_native, id=16504, stack(0x0000000019170000,0x0000000019270000)]
=>0x0000000018a02000 JavaThread "C2 CompilerThread0" daemon [_thread_in_native, id=14812, stack(0x0000000019070000,0x0000000019170000)]
  0x0000000018a01000 JavaThread "Attach Listener" daemon [_thread_blocked, id=14380, stack(0x0000000018f70000,0x0000000019070000)]
  0x0000000018996800 JavaThread "Signal Dispatcher" daemon [_thread_blocked, id=11496, stack(0x0000000018e70000,0x0000000018f70000)]
  0x0000000018991800 JavaThread "Finalizer" daemon [_thread_blocked, id=5920, stack(0x0000000018d70000,0x0000000018e70000)]
  0x0000000002cd7000 JavaThread "Reference Handler" daemon [_thread_blocked, id=18900, stack(0x0000000018870000,0x0000000018970000)]
  0x0000000002bde000 JavaThread "main" [_thread_blocked, id=17084, stack(0x00000000029f0000,0x0000000002af0000)]

Other Threads:
  0x0000000016a95800 VMThread [stack: 0x0000000018770000,0x0000000018870000] [id=11076]
  0x0000000018aa3000 WatcherThread [stack: 0x0000000019570000,0x0000000019670000] [id=14556]

VM state:not at safepoint (normal execution)

VM Mutex/Monitor currently owned by a thread: None

Heap:
 PSYoungGen      total 112640K, used 86931K [0x00000000e0000000, 0x00000000ea580000, 0x0000000100000000)
  eden space 99328K, 76% used [0x00000000e0000000,0x00000000e4a18c08,0x00000000e6100000)
  from space 13312K, 83% used [0x00000000e6100000,0x00000000e6bcc3a8,0x00000000e6e00000)
  to   space 13824K, 0% used [0x00000000e9800000,0x00000000e9800000,0x00000000ea580000)
 ParOldGen       total 166400K, used 18470K [0x00000000a0000000, 0x00000000aa280000, 0x00000000e0000000)
  object space 166400K, 11% used [0x00000000a0000000,0x00000000a1209b58,0x00000000aa280000)
 Metaspace       used 47481K, capacity 48702K, committed 48896K, reserved 1091584K
  class space    used 6483K, capacity 6848K, committed 6912K, reserved 1048576K

Card table byte_map: [0x00000000120a0000,0x00000000123b0000] byte_map_base: 0x0000000011ba0000

Marking Bits: (ParMarkBitMap*) 0x000000006a084970
 Begin Bits: [0x0000000012db0000, 0x00000000145b0000)
 End Bits:   [0x00000000145b0000, 0x0000000015db0000)

Polling page: 0x0000000000890000

CodeCache: size=245760Kb used=15663Kb max_used=15663Kb free=230096Kb
 bounds [0x0000000002ce0000, 0x0000000003c40000, 0x0000000011ce0000]
 total_blobs=5245 nmethods=4507 adapters=651
 compilation: enabled

Compilation events (10 events):
Event: 9.340 Thread 0x0000000018a08800 nmethod 4902 0x0000000003c2c050 code [0x0000000003c2c1e0, 0x0000000003c2c7b0]
Event: 9.340 Thread 0x0000000018a08800 4905       3       com.google.common.collect.Lists::newArrayList (8 bytes)
Event: 9.340 Thread 0x0000000018a08800 nmethod 4905 0x0000000003c2c8d0 code [0x0000000003c2ca40, 0x0000000003c2cd50]
Event: 9.341 Thread 0x0000000018a07800 nmethod 4879 0x0000000003c2ff10 code [0x0000000003c300a0, 0x0000000003c304a8]
Event: 9.341 Thread 0x0000000018a07800 4900 %     4       java.util.regex.Matcher::replaceAll @ 22 (59 bytes)
Event: 9.341 Thread 0x0000000018a08800 4906       3       java.net.URLClassLoader$2::run (5 bytes)
Event: 9.341 Thread 0x0000000018a08800 nmethod 4906 0x0000000003c2fa10 code [0x0000000003c2fb80, 0x0000000003c2fdc8]
Event: 9.341 Thread 0x0000000018a08800 4907       3       java.net.URLClassLoader$2::run (16 bytes)
Event: 9.341 Thread 0x0000000018a08800 nmethod 4907 0x0000000003c2f5d0 code [0x0000000003c2f740, 0x0000000003c2f908]
Event: 9.341 Thread 0x0000000018a08800 4908   !   3       sun.net.www.protocol.jar.JarURLConnection::connect (163 bytes)

GC Heap History (10 events):
Event: 5.450 GC heap before
{Heap before GC invocations=5 (full 1):
 PSYoungGen      total 75776K, used 65024K [0x00000000e0000000, 0x00000000e5480000, 0x0000000100000000)
  eden space 65024K, 100% used [0x00000000e0000000,0x00000000e3f80000,0x00000000e3f80000)
  from space 10752K, 0% used [0x00000000e3f80000,0x00000000e3f80000,0x00000000e4a00000)
  to   space 10752K, 0% used [0x00000000e4a00000,0x00000000e4a00000,0x00000000e5480000)
 ParOldGen       total 102400K, used 8756K [0x00000000a0000000, 0x00000000a6400000, 0x00000000e0000000)
  object space 102400K, 8% used [0x00000000a0000000,0x00000000a088d020,0x00000000a6400000)
 Metaspace       used 25958K, capacity 26562K, committed 26880K, reserved 1073152K
  class space    used 3619K, capacity 3771K, committed 3840K, reserved 1048576K
Event: 5.455 GC heap after
Heap after GC invocations=5 (full 1):
 PSYoungGen      total 75776K, used 6656K [0x00000000e0000000, 0x00000000e7700000, 0x0000000100000000)
  eden space 65024K, 0% used [0x00000000e0000000,0x00000000e0000000,0x00000000e3f80000)
  from space 10752K, 61% used [0x00000000e4a00000,0x00000000e50802b0,0x00000000e5480000)
  to   space 10752K, 0% used [0x00000000e3f80000,0x00000000e3f80000,0x00000000e4a00000)
 ParOldGen       total 102400K, used 8764K [0x00000000a0000000, 0x00000000a6400000, 0x00000000e0000000)
  object space 102400K, 8% used [0x00000000a0000000,0x00000000a088f020,0x00000000a6400000)
 Metaspace       used 25958K, capacity 26562K, committed 26880K, reserved 1073152K
  class space    used 3619K, capacity 3771K, committed 3840K, reserved 1048576K
}
Event: 6.283 GC heap before
{Heap before GC invocations=6 (full 1):
 PSYoungGen      total 75776K, used 71680K [0x00000000e0000000, 0x00000000e7700000, 0x0000000100000000)
  eden space 65024K, 100% used [0x00000000e0000000,0x00000000e3f80000,0x00000000e3f80000)
  from space 10752K, 61% used [0x00000000e4a00000,0x00000000e50802b0,0x00000000e5480000)
  to   space 10752K, 0% used [0x00000000e3f80000,0x00000000e3f80000,0x00000000e4a00000)
 ParOldGen       total 102400K, used 8764K [0x00000000a0000000, 0x00000000a6400000, 0x00000000e0000000)
  object space 102400K, 8% used [0x00000000a0000000,0x00000000a088f020,0x00000000a6400000)
 Metaspace       used 30284K, capacity 31004K, committed 31232K, reserved 1075200K
  class space    used 4261K, capacity 4485K, committed 4608K, reserved 1048576K
Event: 6.290 GC heap after
Heap after GC invocations=6 (full 1):
 PSYoungGen      total 75776K, used 10358K [0x00000000e0000000, 0x00000000e7a00000, 0x0000000100000000)
  eden space 65024K, 0% used [0x00000000e0000000,0x00000000e0000000,0x00000000e3f80000)
  from space 10752K, 96% used [0x00000000e3f80000,0x00000000e499db00,0x00000000e4a00000)
  to   space 12288K, 0% used [0x00000000e6e00000,0x00000000e6e00000,0x00000000e7a00000)
 ParOldGen       total 102400K, used 8772K [0x00000000a0000000, 0x00000000a6400000, 0x00000000e0000000)
  object space 102400K, 8% used [0x00000000a0000000,0x00000000a0891020,0x00000000a6400000)
 Metaspace       used 30284K, capacity 31004K, committed 31232K, reserved 1075200K
  class space    used 4261K, capacity 4485K, committed 4608K, reserved 1048576K
}
Event: 7.284 GC heap before
{Heap before GC invocations=7 (full 1):
 PSYoungGen      total 75776K, used 48512K [0x00000000e0000000, 0x00000000e7a00000, 0x0000000100000000)
  eden space 65024K, 58% used [0x00000000e0000000,0x00000000e25425c8,0x00000000e3f80000)
  from space 10752K, 96% used [0x00000000e3f80000,0x00000000e499db00,0x00000000e4a00000)
  to   space 12288K, 0% used [0x00000000e6e00000,0x00000000e6e00000,0x00000000e7a00000)
 ParOldGen       total 102400K, used 8772K [0x00000000a0000000, 0x00000000a6400000, 0x00000000e0000000)
  object space 102400K, 8% used [0x00000000a0000000,0x00000000a0891020,0x00000000a6400000)
 Metaspace       used 34372K, capacity 35336K, committed 35416K, reserved 1079296K
  class space    used 4819K, capacity 5103K, committed 5120K, reserved 1048576K
Event: 7.293 GC heap after
Heap after GC invocations=7 (full 1):
 PSYoungGen      total 111616K, used 11731K [0x00000000e0000000, 0x00000000e7c80000, 0x0000000100000000)
  eden space 99328K, 0% used [0x00000000e0000000,0x00000000e0000000,0x00000000e6100000)
  from space 12288K, 95% used [0x00000000e6e00000,0x00000000e7974f90,0x00000000e7a00000)
  to   space 13312K, 0% used [0x00000000e6100000,0x00000000e6100000,0x00000000e6e00000)
 ParOldGen       total 102400K, used 8780K [0x00000000a0000000, 0x00000000a6400000, 0x00000000e0000000)
  object space 102400K, 8% used [0x00000000a0000000,0x00000000a0893020,0x00000000a6400000)
 Metaspace       used 34372K, capacity 35336K, committed 35416K, reserved 1079296K
  class space    used 4819K, capacity 5103K, committed 5120K, reserved 1048576K
}
Event: 7.293 GC heap before
{Heap before GC invocations=8 (full 2):
 PSYoungGen      total 111616K, used 11731K [0x00000000e0000000, 0x00000000e7c80000, 0x0000000100000000)
  eden space 99328K, 0% used [0x00000000e0000000,0x00000000e0000000,0x00000000e6100000)
  from space 12288K, 95% used [0x00000000e6e00000,0x00000000e7974f90,0x00000000e7a00000)
  to   space 13312K, 0% used [0x00000000e6100000,0x00000000e6100000,0x00000000e6e00000)
 ParOldGen       total 102400K, used 8780K [0x00000000a0000000, 0x00000000a6400000, 0x00000000e0000000)
  object space 102400K, 8% used [0x00000000a0000000,0x00000000a0893020,0x00000000a6400000)
 Metaspace       used 34372K, capacity 35336K, committed 35416K, reserved 1079296K
  class space    used 4819K, capacity 5103K, committed 5120K, reserved 1048576K
Event: 7.339 GC heap after
Heap after GC invocations=8 (full 2):
 PSYoungGen      total 111616K, used 0K [0x00000000e0000000, 0x00000000e7c80000, 0x0000000100000000)
  eden space 99328K, 0% used [0x00000000e0000000,0x00000000e0000000,0x00000000e6100000)
  from space 12288K, 0% used [0x00000000e6e00000,0x00000000e6e00000,0x00000000e7a00000)
  to   space 13312K, 0% used [0x00000000e6100000,0x00000000e6100000,0x00000000e6e00000)
 ParOldGen       total 166400K, used 18462K [0x00000000a0000000, 0x00000000aa280000, 0x00000000e0000000)
  object space 166400K, 11% used [0x00000000a0000000,0x00000000a1207b58,0x00000000aa280000)
 Metaspace       used 34372K, capacity 35336K, committed 35416K, reserved 1079296K
  class space    used 4819K, capacity 5103K, committed 5120K, reserved 1048576K
}
Event: 8.197 GC heap before
{Heap before GC invocations=9 (full 2):
 PSYoungGen      total 111616K, used 99328K [0x00000000e0000000, 0x00000000e7c80000, 0x0000000100000000)
  eden space 99328K, 100% used [0x00000000e0000000,0x00000000e6100000,0x00000000e6100000)
  from space 12288K, 0% used [0x00000000e6e00000,0x00000000e6e00000,0x00000000e7a00000)
  to   space 13312K, 0% used [0x00000000e6100000,0x00000000e6100000,0x00000000e6e00000)
 ParOldGen       total 166400K, used 18462K [0x00000000a0000000, 0x00000000aa280000, 0x00000000e0000000)
  object space 166400K, 11% used [0x00000000a0000000,0x00000000a1207b58,0x00000000aa280000)
 Metaspace       used 41148K, capacity 42236K, committed 42368K, reserved 1085440K
  class space    used 5635K, capacity 5965K, committed 6016K, reserved 1048576K
Event: 8.206 GC heap after
Heap after GC invocations=9 (full 2):
 PSYoungGen      total 112640K, used 11056K [0x00000000e0000000, 0x00000000ea580000, 0x0000000100000000)
  eden space 99328K, 0% used [0x00000000e0000000,0x00000000e0000000,0x00000000e6100000)
  from space 13312K, 83% used [0x00000000e6100000,0x00000000e6bcc3a8,0x00000000e6e00000)
  to   space 13824K, 0% used [0x00000000e9800000,0x00000000e9800000,0x00000000ea580000)
 ParOldGen       total 166400K, used 18470K [0x00000000a0000000, 0x00000000aa280000, 0x00000000e0000000)
  object space 166400K, 11% used [0x00000000a0000000,0x00000000a1209b58,0x00000000aa280000)
 Metaspace       used 41148K, capacity 42236K, committed 42368K, reserved 1085440K
  class space    used 5635K, capacity 5965K, committed 6016K, reserved 1048576K
}

Deoptimization events (10 events):
Event: 7.897 Thread 0x000000001a866800 Uncommon trap: reason=unstable_if action=reinterpret pc=0x00000000038105b4 method=java.security.CodeSource.matchCerts(Ljava/security/CodeSource;Z)Z @ 11
Event: 7.913 Thread 0x000000001a866800 Uncommon trap: reason=unstable_if action=reinterpret pc=0x0000000003023874 method=java.util.LinkedHashMap.get(Ljava/lang/Object;)Ljava/lang/Object; @ 20
Event: 8.150 Thread 0x000000001a866800 Uncommon trap: reason=unstable_if action=reinterpret pc=0x000000000392a210 method=org.gradle.internal.reflect.PropertyAccessorType.of(Ljava/lang/reflect/Method;)Lorg/gradle/internal/reflect/PropertyAccessorType; @ 56
Event: 8.949 Thread 0x000000001a866800 Uncommon trap: reason=class_check action=maybe_recompile pc=0x0000000003292ba4 method=java.io.DataInputStream.readUnsignedShort()I @ 4
Event: 8.949 Thread 0x000000001a866800 Uncommon trap: reason=class_check action=maybe_recompile pc=0x0000000003292ba4 method=java.io.DataInputStream.readUnsignedShort()I @ 4
Event: 8.949 Thread 0x000000001a866800 Uncommon trap: reason=class_check action=maybe_recompile pc=0x0000000003292ba4 method=java.io.DataInputStream.readUnsignedShort()I @ 4
Event: 8.949 Thread 0x000000001a866800 Uncommon trap: reason=class_check action=maybe_recompile pc=0x0000000003292ba4 method=java.io.DataInputStream.readUnsignedShort()I @ 4
Event: 8.993 Thread 0x000000001a866800 Uncommon trap: reason=unstable_if action=reinterpret pc=0x0000000003add52c method=java.io.DataInputStream.readUTF(Ljava/io/DataInput;)Ljava/lang/String; @ 31
Event: 9.073 Thread 0x000000001a866800 Uncommon trap: reason=unstable_if action=reinterpret pc=0x0000000003219334 method=java.util.WeakHashMap.remove(Ljava/lang/Object;)Ljava/lang/Object; @ 94
Event: 9.121 Thread 0x000000001a866800 Uncommon trap: reason=unstable_if action=reinterpret pc=0x0000000003681b68 method=java.util.regex.Pattern$BmpCharProperty.match(Ljava/util/regex/Matcher;ILjava/lang/CharSequence;)Z @ 34

Classes redefined (0 events):
No events

Internal exceptions (10 events):
Event: 8.720 Thread 0x000000001a866800 Exception <a 'sun/nio/fs/WindowsException'> (0x00000000e1e5f070) thrown at [D:\src\AOSP-openjdk-cygwin\jdk8u\hotspot\src\share\vm\prims\jni.cpp, line 709]
Event: 8.720 Thread 0x000000001a866800 Exception <a 'sun/nio/fs/WindowsException'> (0x00000000e1e5fb00) thrown at [D:\src\AOSP-openjdk-cygwin\jdk8u\hotspot\src\share\vm\prims\jni.cpp, line 709]
Event: 8.720 Thread 0x000000001a866800 Exception <a 'sun/nio/fs/WindowsException'> (0x00000000e1e615d8) thrown at [D:\src\AOSP-openjdk-cygwin\jdk8u\hotspot\src\share\vm\prims\jni.cpp, line 709]
Event: 8.720 Thread 0x000000001a866800 Exception <a 'sun/nio/fs/WindowsException'> (0x00000000e1e620a0) thrown at [D:\src\AOSP-openjdk-cygwin\jdk8u\hotspot\src\share\vm\prims\jni.cpp, line 709]
Event: 8.721 Thread 0x000000001a866800 Exception <a 'sun/nio/fs/WindowsException'> (0x00000000e1e646f0) thrown at [D:\src\AOSP-openjdk-cygwin\jdk8u\hotspot\src\share\vm\prims\jni.cpp, line 709]
Event: 8.721 Thread 0x000000001a866800 Exception <a 'sun/nio/fs/WindowsException'> (0x00000000e1e651f8) thrown at [D:\src\AOSP-openjdk-cygwin\jdk8u\hotspot\src\share\vm\prims\jni.cpp, line 709]
Event: 8.721 Thread 0x000000001a866800 Exception <a 'sun/nio/fs/WindowsException'> (0x00000000e1e66d48) thrown at [D:\src\AOSP-openjdk-cygwin\jdk8u\hotspot\src\share\vm\prims\jni.cpp, line 709]
Event: 8.721 Thread 0x000000001a866800 Exception <a 'sun/nio/fs/WindowsException'> (0x00000000e1e67888) thrown at [D:\src\AOSP-openjdk-cygwin\jdk8u\hotspot\src\share\vm\prims\jni.cpp, line 709]
Event: 8.730 Thread 0x000000001a866800 Exception <a 'java/lang/ClassNotFoundException': com/sun/org/glassfish/hk2/osgiresourcelocator/ServiceLoader> (0x00000000e1ebd0a0) thrown at [D:\src\AOSP-openjdk-cygwin\jdk8u\hotspot\src\share\vm\classfile\systemDictionary.cpp, line 210]
Event: 8.790 Thread 0x000000001a866800 Exception <a 'java/lang/NullPointerException'> (0x00000000e2322a80) thrown at [D:\src\AOSP-openjdk-cygwin\jdk8u\hotspot\src\share\vm\interpreter\linkResolver.cpp, line 1301]

Events (10 events):
Event: 9.303 Thread 0x000000001a866800 DEOPT PACKING pc=0x0000000003bbac3d sp=0x000000001b83b8e0
Event: 9.303 Thread 0x000000001a866800 DEOPT UNPACKING pc=0x0000000002d275d0 sp=0x000000001b83b6a8 mode 0
Event: 9.304 Thread 0x000000001a866800 DEOPT PACKING pc=0x0000000003bbac3d sp=0x000000001b83b830
Event: 9.304 Thread 0x000000001a866800 DEOPT UNPACKING pc=0x0000000002d275d0 sp=0x000000001b83b5f8 mode 0
Event: 9.322 Thread 0x000000001a866800 DEOPT PACKING pc=0x0000000003bd5c18 sp=0x000000001b83b800
Event: 9.322 Thread 0x000000001a866800 DEOPT UNPACKING pc=0x0000000002d275d0 sp=0x000000001b83b530 mode 0
Event: 9.330 Thread 0x000000001a866800 DEOPT PACKING pc=0x0000000003bd5c18 sp=0x000000001b83b800
Event: 9.330 Thread 0x000000001a866800 DEOPT UNPACKING pc=0x0000000002d275d0 sp=0x000000001b83b530 mode 0
Event: 9.336 Thread 0x000000001a866800 DEOPT PACKING pc=0x0000000003bd5c18 sp=0x000000001b83b800
Event: 9.336 Thread 0x000000001a866800 DEOPT UNPACKING pc=0x0000000002d275d0 sp=0x000000001b83b530 mode 0


Dynamic libraries:
0x00007ff760760000 - 0x00007ff760791000 	D:\xwwworkspace\devsoft\Android\Android Studio\jre\bin\java.exe
0x00007ff856110000 - 0x00007ff8562f1000 	C:\WINDOWS\SYSTEM32\ntdll.dll
0x00007ff853eb0000 - 0x00007ff853f62000 	C:\WINDOWS\System32\KERNEL32.DLL
0x00007ff8525a0000 - 0x00007ff852813000 	C:\WINDOWS\System32\KERNELBASE.dll
0x00007ff8547f0000 - 0x00007ff854891000 	C:\WINDOWS\System32\ADVAPI32.dll
0x00007ff8546f0000 - 0x00007ff85478e000 	C:\WINDOWS\System32\msvcrt.dll
0x00007ff854790000 - 0x00007ff8547eb000 	C:\WINDOWS\System32\sechost.dll
0x00007ff854140000 - 0x00007ff854264000 	C:\WINDOWS\System32\RPCRT4.dll
0x00007ff853ab0000 - 0x00007ff853c40000 	C:\WINDOWS\System32\USER32.dll
0x00007ff852580000 - 0x00007ff8525a0000 	C:\WINDOWS\System32\win32u.dll
0x00007ff853e20000 - 0x00007ff853e48000 	C:\WINDOWS\System32\GDI32.dll
0x00007ff8522e0000 - 0x00007ff852472000 	C:\WINDOWS\System32\gdi32full.dll
0x00007ff8524e0000 - 0x00007ff85257f000 	C:\WINDOWS\System32\msvcp_win.dll
0x00007ff8521e0000 - 0x00007ff8522da000 	C:\WINDOWS\System32\ucrtbase.dll
0x00007ff845820000 - 0x00007ff845a89000 	C:\WINDOWS\WinSxS\amd64_microsoft.windows.common-controls_6595b64144ccf1df_6.0.17134.472_none_fb3f9af53068156d\COMCTL32.dll
0x00007ff8542a0000 - 0x00007ff8545c2000 	C:\WINDOWS\System32\combase.dll
0x00007ff8528e0000 - 0x00007ff85295a000 	C:\WINDOWS\System32\bcryptPrimitives.dll
0x00007ff8545d0000 - 0x00007ff8545fd000 	C:\WINDOWS\System32\IMM32.DLL
0x000000006a2a0000 - 0x000000006a372000 	D:\xwwworkspace\devsoft\Android\Android Studio\jre\jre\bin\msvcr100.dll
0x00000000698c0000 - 0x000000006a0ff000 	D:\xwwworkspace\devsoft\Android\Android Studio\jre\jre\bin\server\jvm.dll
0x00007ff852b50000 - 0x00007ff852b73000 	C:\WINDOWS\System32\WINMM.dll
0x00007ff8521b0000 - 0x00007ff8521da000 	C:\WINDOWS\System32\WINMMBASE.dll
0x00007ff853290000 - 0x00007ff8532d9000 	C:\WINDOWS\System32\cfgmgr32.dll
0x00007ff8548a0000 - 0x00007ff8548a8000 	C:\WINDOWS\System32\PSAPI.DLL
0x00007ff850e60000 - 0x00007ff850e69000 	C:\WINDOWS\SYSTEM32\WSOCK32.dll
0x00007ff8540a0000 - 0x00007ff85410c000 	C:\WINDOWS\System32\WS2_32.dll
0x00007ff84f8d0000 - 0x00007ff84f8da000 	C:\WINDOWS\SYSTEM32\VERSION.dll
0x00007ff84df70000 - 0x00007ff84df7f000 	D:\xwwworkspace\devsoft\Android\Android Studio\jre\jre\bin\verify.dll
0x00007ff843d70000 - 0x00007ff843d99000 	D:\xwwworkspace\devsoft\Android\Android Studio\jre\jre\bin\java.dll
0x00007ff84cea0000 - 0x00007ff84ceb6000 	D:\xwwworkspace\devsoft\Android\Android Studio\jre\jre\bin\zip.dll
0x00007ff854ab0000 - 0x00007ff855ef0000 	C:\WINDOWS\System32\SHELL32.dll
0x00007ff853f70000 - 0x00007ff854019000 	C:\WINDOWS\System32\shcore.dll
0x00007ff852b80000 - 0x00007ff85328d000 	C:\WINDOWS\System32\windows.storage.dll
0x00007ff854950000 - 0x00007ff8549a1000 	C:\WINDOWS\System32\shlwapi.dll
0x00007ff852170000 - 0x00007ff852181000 	C:\WINDOWS\System32\kernel.appcore.dll
0x00007ff852190000 - 0x00007ff8521af000 	C:\WINDOWS\System32\profapi.dll
0x00007ff8532e0000 - 0x00007ff85332c000 	C:\WINDOWS\System32\powrprof.dll
0x00007ff852160000 - 0x00007ff85216a000 	C:\WINDOWS\System32\FLTLIB.DLL
0x00007ff84c190000 - 0x00007ff84c1aa000 	D:\xwwworkspace\devsoft\Android\Android Studio\jre\jre\bin\net.dll
0x00007ff8519c0000 - 0x00007ff851a26000 	C:\WINDOWS\system32\mswsock.dll
0x00007ff84ba80000 - 0x00007ff84ba91000 	D:\xwwworkspace\devsoft\Android\Android Studio\jre\jre\bin\nio.dll
0x00007ff84dfa0000 - 0x00007ff84dfbe000 	C:\Users\DELL\.gradle\native\25\windows-amd64\native-platform.dll
0x00007ff84d3d0000 - 0x00007ff84d3dd000 	D:\xwwworkspace\devsoft\Android\Android Studio\jre\jre\bin\management.dll
0x00007ff851b70000 - 0x00007ff851b87000 	C:\WINDOWS\SYSTEM32\CRYPTSP.dll
0x00007ff8515a0000 - 0x00007ff8515d3000 	C:\WINDOWS\system32\rsaenh.dll
0x00007ff851ca0000 - 0x00007ff851cc5000 	C:\WINDOWS\SYSTEM32\bcrypt.dll
0x00007ff852040000 - 0x00007ff852068000 	C:\WINDOWS\SYSTEM32\USERENV.dll
0x00007ff851b90000 - 0x00007ff851b9b000 	C:\WINDOWS\SYSTEM32\CRYPTBASE.dll
0x00007ff851740000 - 0x00007ff851778000 	C:\WINDOWS\SYSTEM32\IPHLPAPI.DLL
0x00007ff854270000 - 0x00007ff854278000 	C:\WINDOWS\System32\NSI.dll
0x00007ff84b790000 - 0x00007ff84b7a6000 	C:\WINDOWS\SYSTEM32\dhcpcsvc6.DLL
0x00007ff84b9a0000 - 0x00007ff84b9ba000 	C:\WINDOWS\SYSTEM32\dhcpcsvc.DLL

VM Arguments:
jvm_args: -Xmx1536m -Dfile.encoding=GBK -Duser.country=CN -Duser.language=zh -Duser.variant 
java_command: org.gradle.launcher.daemon.bootstrap.GradleDaemon 4.4
java_class_path (initial): C:\Users\DELL\.gradle\wrapper\dists\gradle-4.4-all\9br9xq1tocpiv8o6njlyu5op1\gradle-4.4\lib\gradle-launcher-4.4.jar
Launcher Type: SUN_STANDARD

Environment Variables:
JAVA_HOME=C:\Program Files\Java\jdk1.8.0_101
CLASSPATH=.;C:\Program Files\Java\jdk1.8.0_101\lib\dt.jar;C:\Program Files\Java\jdk1.8.0_101\lib\tools.jar;
PATH=C:\ProgramData\Oracle\Java\javapath;C:\Program Files (x86)\Intel\iCLS Client\;C:\Program Files\Intel\iCLS Client\;C:\Windows\system32;C:\Windows;C:\Windows\System32\Wbem;C:\Windows\System32\WindowsPowerShell\v1.0\;C:\Program Files (x86)\Intel\Intel(R) Management Engine Components\DAL;C:\Program Files\Intel\Intel(R) Management Engine Components\DAL;C:\Program Files (x86)\Intel\Intel(R) Management Engine Components\IPT;C:\Program Files\Intel\Intel(R) Management Engine Components\IPT;C:\Program Files (x86)\NVIDIA Corporation\PhysX\Common;C:\WINDOWS\system32;C:\WINDOWS;C:\WINDOWS\System32\Wbem;C:\WINDOWS\System32\WindowsPowerShell\v1.0\;C:\Program Files\Java\jdk1.8.0_101\bin;C:\Program Files\Java\jdk1.8.0_101\jre\bin;C:\Git\cmd;C:\sdk\platform-tools;C:\sdk\tools;C:\Android Studio\gradle\gradle-2.14.1\bin;C:\Python27;C:\WINDOWS\System32\OpenSSH\;C:\sdk\ndk-bundle;ddm;C:\Program Files\Intel\WiFi\bin\;C:\Program Files\Common Files\Intel\WirelessCommon\;C:\Users\DELL\AppData\Local\Microsoft\WindowsApps;
USERNAME=DELL
OS=Windows_NT
PROCESSOR_IDENTIFIER=Intel64 Family 6 Model 94 Stepping 3, GenuineIntel



---------------  S Y S T E M  ---------------

OS: Windows 10.0 , 64 bit Build 17134 (10.0.17134.1)

CPU:total 8 (initial active 8) (4 cores per cpu, 2 threads per core) family 6 model 94 stepping 3, cmov, cx8, fxsr, mmx, sse, sse2, sse3, ssse3, sse4.1, sse4.2, popcnt, avx, avx2, aes, clmul, erms, rtm, 3dnowpref, lzcnt, ht, tsc, tscinvbit, bmi1, bmi2, adx

Memory: 4k page, physical 16601876k(5497988k free), swap 17650452k(5820k free)

vm_info: OpenJDK 64-Bit Server VM (25.152-b02) for windows-amd64 JRE (1.8.0_152-release-1024-b02), built by "builder" with MS VC++ 10.0 (VS2010)

time: Wed Jan 02 15:55:08 2019
elapsed time: 9 seconds (0d 0h 0m 9s)

