#
# There is insufficient memory for the Java Runtime Environment to continue.
# Native memory allocation (malloc) failed to allocate 262160 bytes for Chunk::new
# Possible reasons:
#   The system is out of physical RAM or swap space
#   In 32 bit mode, the process size limit was hit
# Possible solutions:
#   Reduce memory load on the system
#   Increase physical memory or swap space
#   Check if swap backing store is full
#   Use 64 bit Java on a 64 bit OS
#   Decrease Java heap size (-Xmx/-Xms)
#   Decrease number of Java threads
#   Decrease Java thread stack sizes (-Xss)
#   Set larger code cache with -XX:ReservedCodeCacheSize=
# This output file may be truncated or incomplete.
#
#  Out of Memory Error (allocation.cpp:390), pid=9572, tid=0x0000000000001178
#
# JRE version: OpenJDK Runtime Environment (8.0_152-b02) (build 1.8.0_152-release-1024-b02)
# Java VM: OpenJDK 64-Bit Server VM (25.152-b02 mixed mode windows-amd64 compressed oops)
# Failed to write core dump. Minidumps are not enabled by default on client versions of Windows
#

---------------  T H R E A D  ---------------

Current thread (0x0000000016f9a000):  JavaThread "C2 CompilerThread0" daemon [_thread_in_native, id=4472, stack(0x0000000019570000,0x0000000019670000)]

Stack: [0x0000000019570000,0x0000000019670000]
[error occurred during error reporting (printing stack bounds), id 0xc0000005]

Native frames: (J=compiled Java code, j=interpreted, Vv=VM code, C=native code)


Current CompileTask:
C2:   8953 4904   !   4       com.sun.beans.TypeResolver::resolve (274 bytes)


---------------  P R O C E S S  ---------------

Java Threads: ( => current thread )
  0x000000001d263000 JavaThread "Memory manager" [_thread_blocked, id=16020, stack(0x00000000232f0000,0x00000000233f0000)]
  0x000000001d265800 JavaThread "build operations Thread 8" [_thread_blocked, id=15852, stack(0x0000000022df0000,0x0000000022ef0000)]
  0x000000001d264000 JavaThread "build operations Thread 7" [_thread_blocked, id=9516, stack(0x0000000022cf0000,0x0000000022df0000)]
  0x000000001d262800 JavaThread "build operations Thread 6" [_thread_blocked, id=6152, stack(0x0000000022bf0000,0x0000000022cf0000)]
  0x000000001d25f800 JavaThread "build operations Thread 5" [_thread_blocked, id=15516, stack(0x0000000022af0000,0x0000000022bf0000)]
  0x000000001b1c0000 JavaThread "build operations Thread 4" [_thread_blocked, id=12248, stack(0x00000000229f0000,0x0000000022af0000)]
  0x000000001b1bf000 JavaThread "build operations Thread 3" [_thread_blocked, id=1568, stack(0x00000000228f0000,0x00000000229f0000)]
  0x000000001b1bd000 JavaThread "build operations Thread 2" [_thread_blocked, id=212, stack(0x00000000227f0000,0x00000000228f0000)]
  0x000000001b1bb800 JavaThread "build operations" [_thread_blocked, id=7900, stack(0x00000000226f0000,0x00000000227f0000)]
  0x000000001b1ba800 JavaThread "Cache worker for Artifact transforms cache (C:\Users\DELL\.gradle\caches\transforms-1)" [_thread_blocked, id=19852, stack(0x00000000223f0000,0x00000000224f0000)]
  0x000000001b00d800 JavaThread "Cache worker for file hash cache (D:\xwwworkspace\code\DevResCollect\.gradle\4.4\fileHashes)" [_thread_blocked, id=2720, stack(0x000000001d4e0000,0x000000001d5e0000)]
  0x000000001ad6a800 JavaThread "File lock request listener" [_thread_in_native, id=10272, stack(0x000000001c410000,0x000000001c510000)]
  0x000000001b01a800 JavaThread "Cache worker for file hash cache (C:\Users\DELL\.gradle\caches\4.4\fileHashes)" [_thread_blocked, id=1548, stack(0x000000001c310000,0x000000001c410000)]
  0x000000001acaf800 JavaThread "Stdin handler" [_thread_blocked, id=13900, stack(0x000000001c010000,0x000000001c110000)]
  0x000000001ad04000 JavaThread "Asynchronous log dispatcher for DefaultDaemonConnection: socket connection from /127.0.0.1:54756 to /127.0.0.1:54757" [_thread_blocked, id=16848, stack(0x000000001be10000,0x000000001bf10000)]
  0x000000001acfd800 JavaThread "Daemon worker" [_thread_in_native, id=6756, stack(0x000000001bd10000,0x000000001be10000)]
  0x000000001ad11000 JavaThread "Cancel handler" [_thread_blocked, id=8776, stack(0x000000001bc10000,0x000000001bd10000)]
  0x000000001acfa000 JavaThread "Handler for socket connection from /127.0.0.1:54756 to /127.0.0.1:54757" [_thread_in_native, id=14016, stack(0x000000001b910000,0x000000001ba10000)]
  0x000000001acf9000 JavaThread "Daemon" [_thread_blocked, id=10368, stack(0x000000001b810000,0x000000001b910000)]
  0x000000001abf1800 JavaThread "Daemon periodic checks" [_thread_blocked, id=11600, stack(0x000000001b710000,0x000000001b810000)]
  0x000000001ace6800 JavaThread "Incoming local TCP Connector on port 54756" [_thread_in_native, id=14668, stack(0x000000001b560000,0x000000001b660000)]
  0x0000000018f93000 JavaThread "Service Thread" daemon [_thread_blocked, id=6980, stack(0x0000000019970000,0x0000000019a70000)]
  0x0000000018f04000 JavaThread "C1 CompilerThread3" daemon [_thread_blocked, id=4556, stack(0x0000000019870000,0x0000000019970000)]
  0x0000000018ef4800 JavaThread "C2 CompilerThread2" daemon [_thread_in_native, id=9008, stack(0x0000000019770000,0x0000000019870000)]
  0x0000000018ef2000 JavaThread "C2 CompilerThread1" daemon [_thread_in_native, id=3856, stack(0x0000000019670000,0x0000000019770000)]
=>0x0000000016f9a000 JavaThread "C2 CompilerThread0" daemon [_thread_in_native, id=4472, stack(0x0000000019570000,0x0000000019670000)]
  0x0000000018eef800 JavaThread "Attach Listener" daemon [_thread_blocked, id=8520, stack(0x0000000019470000,0x0000000019570000)]
  0x0000000018e9c800 JavaThread "Signal Dispatcher" daemon [_thread_blocked, id=9728, stack(0x0000000019370000,0x0000000019470000)]
  0x0000000016f91800 JavaThread "Finalizer" daemon [_thread_blocked, id=7400, stack(0x0000000019260000,0x0000000019360000)]
  0x00000000031c9000 JavaThread "Reference Handler" daemon [_thread_blocked, id=7396, stack(0x0000000018d60000,0x0000000018e60000)]
  0x0000000002fce000 JavaThread "main" [_thread_blocked, id=14844, stack(0x0000000002fd0000,0x00000000030d0000)]

Other Threads:
  0x0000000016f85000 VMThread [stack: 0x0000000018c60000,0x0000000018d60000] [id=4960]
  0x0000000018fa4000 WatcherThread [stack: 0x0000000019a70000,0x0000000019b70000] [id=19384]

VM state:not at safepoint (normal execution)

VM Mutex/Monitor currently owned by a thread: None

Heap:
 PSYoungGen      total 169472K, used 137113K [0x00000000e0000000, 0x00000000ed700000, 0x0000000100000000)
  eden space 158208K, 86% used [0x00000000e0000000,0x00000000e85e67f0,0x00000000e9a80000)
  from space 11264K, 0% used [0x00000000ea600000,0x00000000ea600000,0x00000000eb100000)
  to   space 11776K, 0% used [0x00000000e9a80000,0x00000000e9a80000,0x00000000ea600000)
 ParOldGen       total 102400K, used 17613K [0x00000000a0000000, 0x00000000a6400000, 0x00000000e0000000)
  object space 102400K, 17% used [0x00000000a0000000,0x00000000a1133698,0x00000000a6400000)
 Metaspace       used 43690K, capacity 44718K, committed 44888K, reserved 1087488K
  class space    used 5875K, capacity 6183K, committed 6272K, reserved 1048576K

Card table byte_map: [0x0000000012590000,0x00000000128a0000] byte_map_base: 0x0000000012090000

Marking Bits: (ParMarkBitMap*) 0x000000006a084970
 Begin Bits: [0x00000000132a0000, 0x0000000014aa0000)
 End Bits:   [0x0000000014aa0000, 0x00000000162a0000)

Polling page: 0x00000000012a0000

CodeCache: size=245760Kb used=15829Kb max_used=15829Kb free=229930Kb
 bounds [0x00000000031d0000, 0x0000000004160000, 0x00000000121d0000]
 total_blobs=5224 nmethods=4501 adapters=635
 compilation: enabled

Compilation events (10 events):
Event: 8.873 Thread 0x0000000018f04000 5049   !   3       sun.nio.fs.WindowsNativeDispatcher::GetFileAttributesEx (30 bytes)
Event: 8.873 Thread 0x0000000018f04000 nmethod 5049 0x000000000414f150 code [0x000000000414f300, 0x000000000414f698]
Event: 8.882 Thread 0x0000000018f04000 5051       3       sun.nio.fs.WindowsFileAttributes::fromFileAttributeData (104 bytes)
Event: 8.882 Thread 0x0000000018f04000 nmethod 5051 0x000000000414fc50 code [0x000000000414fdc0, 0x0000000004150028]
Event: 8.882 Thread 0x0000000018f04000 5052   !   3       sun.nio.fs.WindowsFileAttributes::get (236 bytes)
Event: 8.884 Thread 0x0000000018f04000 nmethod 5052 0x0000000004150110 code [0x0000000004150580, 0x00000000041523f8]
Event: 8.931 Thread 0x0000000018f04000 5054   !   3       java.nio.file.Files$2::hasNext (23 bytes)
Event: 8.931 Thread 0x0000000018f04000 nmethod 5054 0x0000000004153f50 code [0x00000000041540e0, 0x00000000041544a8]
Event: 8.944 Thread 0x0000000018f04000 5055       3       java.util.stream.ReferencePipeline$3$1::accept (23 bytes)
Event: 8.944 Thread 0x0000000018f04000 nmethod 5055 0x0000000004154650 code [0x00000000041547c0, 0x0000000004154ab8]

GC Heap History (10 events):
Event: 4.457 GC heap before
{Heap before GC invocations=4 (full 1):
 PSYoungGen      total 75776K, used 9105K [0x00000000e0000000, 0x00000000e9400000, 0x0000000100000000)
  eden space 65024K, 0% used [0x00000000e0000000,0x00000000e0000000,0x00000000e3f80000)
  from space 10752K, 84% used [0x00000000e3f80000,0x00000000e48645c0,0x00000000e4a00000)
  to   space 10752K, 0% used [0x00000000e8980000,0x00000000e8980000,0x00000000e9400000)
 ParOldGen       total 173568K, used 342K [0x00000000a0000000, 0x00000000aa980000, 0x00000000e0000000)
  object space 173568K, 0% used [0x00000000a0000000,0x00000000a0055820,0x00000000aa980000)
 Metaspace       used 20764K, capacity 21212K, committed 21248K, reserved 1067008K
  class space    used 2892K, capacity 3043K, committed 3072K, reserved 1048576K
Event: 4.493 GC heap after
Heap after GC invocations=4 (full 1):
 PSYoungGen      total 75776K, used 0K [0x00000000e0000000, 0x00000000e9400000, 0x0000000100000000)
  eden space 65024K, 0% used [0x00000000e0000000,0x00000000e0000000,0x00000000e3f80000)
  from space 10752K, 0% used [0x00000000e3f80000,0x00000000e3f80000,0x00000000e4a00000)
  to   space 10752K, 0% used [0x00000000e8980000,0x00000000e8980000,0x00000000e9400000)
 ParOldGen       total 102400K, used 8803K [0x00000000a0000000, 0x00000000a6400000, 0x00000000e0000000)
  object space 102400K, 8% used [0x00000000a0000000,0x00000000a0898f48,0x00000000a6400000)
 Metaspace       used 20764K, capacity 21212K, committed 21248K, reserved 1067008K
  class space    used 2892K, capacity 3043K, committed 3072K, reserved 1048576K
}
Event: 5.201 GC heap before
{Heap before GC invocations=5 (full 1):
 PSYoungGen      total 75776K, used 65024K [0x00000000e0000000, 0x00000000e9400000, 0x0000000100000000)
  eden space 65024K, 100% used [0x00000000e0000000,0x00000000e3f80000,0x00000000e3f80000)
  from space 10752K, 0% used [0x00000000e3f80000,0x00000000e3f80000,0x00000000e4a00000)
  to   space 10752K, 0% used [0x00000000e8980000,0x00000000e8980000,0x00000000e9400000)
 ParOldGen       total 102400K, used 8803K [0x00000000a0000000, 0x00000000a6400000, 0x00000000e0000000)
  object space 102400K, 8% used [0x00000000a0000000,0x00000000a0898f48,0x00000000a6400000)
 Metaspace       used 25806K, capacity 26362K, committed 26624K, reserved 1073152K
  class space    used 3592K, capacity 3768K, committed 3840K, reserved 1048576K
Event: 5.210 GC heap after
Heap after GC invocations=5 (full 1):
 PSYoungGen      total 110592K, used 7788K [0x00000000e0000000, 0x00000000e9180000, 0x0000000100000000)
  eden space 102400K, 0% used [0x00000000e0000000,0x00000000e0000000,0x00000000e6400000)
  from space 8192K, 95% used [0x00000000e8980000,0x00000000e911b110,0x00000000e9180000)
  to   space 10752K, 0% used [0x00000000e7c80000,0x00000000e7c80000,0x00000000e8700000)
 ParOldGen       total 102400K, used 8811K [0x00000000a0000000, 0x00000000a6400000, 0x00000000e0000000)
  object space 102400K, 8% used [0x00000000a0000000,0x00000000a089af48,0x00000000a6400000)
 Metaspace       used 25806K, capacity 26362K, committed 26624K, reserved 1073152K
  class space    used 3592K, capacity 3768K, committed 3840K, reserved 1048576K
}
Event: 6.388 GC heap before
{Heap before GC invocations=6 (full 1):
 PSYoungGen      total 110592K, used 110188K [0x00000000e0000000, 0x00000000e9180000, 0x0000000100000000)
  eden space 102400K, 100% used [0x00000000e0000000,0x00000000e6400000,0x00000000e6400000)
  from space 8192K, 95% used [0x00000000e8980000,0x00000000e911b110,0x00000000e9180000)
  to   space 10752K, 0% used [0x00000000e7c80000,0x00000000e7c80000,0x00000000e8700000)
 ParOldGen       total 102400K, used 8811K [0x00000000a0000000, 0x00000000a6400000, 0x00000000e0000000)
  object space 102400K, 8% used [0x00000000a0000000,0x00000000a089af48,0x00000000a6400000)
 Metaspace       used 30979K, capacity 31594K, committed 31872K, reserved 1077248K
  class space    used 4218K, capacity 4422K, committed 4480K, reserved 1048576K
Event: 6.396 GC heap after
Heap after GC invocations=6 (full 1):
 PSYoungGen      total 138240K, used 9355K [0x00000000e0000000, 0x00000000eb100000, 0x0000000100000000)
  eden space 127488K, 0% used [0x00000000e0000000,0x00000000e0000000,0x00000000e7c80000)
  from space 10752K, 87% used [0x00000000e7c80000,0x00000000e85a2d08,0x00000000e8700000)
  to   space 11264K, 0% used [0x00000000ea600000,0x00000000ea600000,0x00000000eb100000)
 ParOldGen       total 102400K, used 8883K [0x00000000a0000000, 0x00000000a6400000, 0x00000000e0000000)
  object space 102400K, 8% used [0x00000000a0000000,0x00000000a08acf58,0x00000000a6400000)
 Metaspace       used 30979K, capacity 31594K, committed 31872K, reserved 1077248K
  class space    used 4218K, capacity 4422K, committed 4480K, reserved 1048576K
}
Event: 7.498 GC heap before
{Heap before GC invocations=7 (full 1):
 PSYoungGen      total 138240K, used 64129K [0x00000000e0000000, 0x00000000eb100000, 0x0000000100000000)
  eden space 127488K, 42% used [0x00000000e0000000,0x00000000e357dad8,0x00000000e7c80000)
  from space 10752K, 87% used [0x00000000e7c80000,0x00000000e85a2d08,0x00000000e8700000)
  to   space 11264K, 0% used [0x00000000ea600000,0x00000000ea600000,0x00000000eb100000)
 ParOldGen       total 102400K, used 8883K [0x00000000a0000000, 0x00000000a6400000, 0x00000000e0000000)
  object space 102400K, 8% used [0x00000000a0000000,0x00000000a08acf58,0x00000000a6400000)
 Metaspace       used 34574K, capacity 35374K, committed 35416K, reserved 1079296K
  class space    used 4722K, capacity 4984K, committed 4992K, reserved 1048576K
Event: 7.508 GC heap after
Heap after GC invocations=7 (full 1):
 PSYoungGen      total 169472K, used 10861K [0x00000000e0000000, 0x00000000ed700000, 0x0000000100000000)
  eden space 158208K, 0% used [0x00000000e0000000,0x00000000e0000000,0x00000000e9a80000)
  from space 11264K, 96% used [0x00000000ea600000,0x00000000eb09b580,0x00000000eb100000)
  to   space 11776K, 0% used [0x00000000e9a80000,0x00000000e9a80000,0x00000000ea600000)
 ParOldGen       total 102400K, used 8891K [0x00000000a0000000, 0x00000000a6400000, 0x00000000e0000000)
  object space 102400K, 8% used [0x00000000a0000000,0x00000000a08aef58,0x00000000a6400000)
 Metaspace       used 34574K, capacity 35374K, committed 35416K, reserved 1079296K
  class space    used 4722K, capacity 4984K, committed 4992K, reserved 1048576K
}
Event: 7.508 GC heap before
{Heap before GC invocations=8 (full 2):
 PSYoungGen      total 169472K, used 10861K [0x00000000e0000000, 0x00000000ed700000, 0x0000000100000000)
  eden space 158208K, 0% used [0x00000000e0000000,0x00000000e0000000,0x00000000e9a80000)
  from space 11264K, 96% used [0x00000000ea600000,0x00000000eb09b580,0x00000000eb100000)
  to   space 11776K, 0% used [0x00000000e9a80000,0x00000000e9a80000,0x00000000ea600000)
 ParOldGen       total 102400K, used 8891K [0x00000000a0000000, 0x00000000a6400000, 0x00000000e0000000)
  object space 102400K, 8% used [0x00000000a0000000,0x00000000a08aef58,0x00000000a6400000)
 Metaspace       used 34574K, capacity 35374K, committed 35416K, reserved 1079296K
  class space    used 4722K, capacity 4984K, committed 4992K, reserved 1048576K
Event: 7.558 GC heap after
Heap after GC invocations=8 (full 2):
 PSYoungGen      total 169472K, used 0K [0x00000000e0000000, 0x00000000ed700000, 0x0000000100000000)
  eden space 158208K, 0% used [0x00000000e0000000,0x00000000e0000000,0x00000000e9a80000)
  from space 11264K, 0% used [0x00000000ea600000,0x00000000ea600000,0x00000000eb100000)
  to   space 11776K, 0% used [0x00000000e9a80000,0x00000000e9a80000,0x00000000ea600000)
 ParOldGen       total 102400K, used 17613K [0x00000000a0000000, 0x00000000a6400000, 0x00000000e0000000)
  object space 102400K, 17% used [0x00000000a0000000,0x00000000a1133698,0x00000000a6400000)
 Metaspace       used 34574K, capacity 35374K, committed 35416K, reserved 1079296K
  class space    used 4722K, capacity 4984K, committed 4992K, reserved 1048576K
}

Deoptimization events (10 events):
Event: 8.144 Thread 0x000000001acfd800 Uncommon trap: reason=class_check action=maybe_recompile pc=0x000000000336b0c8 method=java.util.Hashtable.get(Ljava/lang/Object;)Ljava/lang/Object; @ 6
Event: 8.147 Thread 0x000000001acfd800 Uncommon trap: reason=unstable_if action=reinterpret pc=0x00000000036625fc method=java.lang.CharacterDataLatin1.isWhitespace(I)Z @ 14
Event: 8.160 Thread 0x000000001acfd800 Uncommon trap: reason=class_check action=maybe_recompile pc=0x000000000336b0c8 method=java.util.Hashtable.get(Ljava/lang/Object;)Ljava/lang/Object; @ 6
Event: 8.164 Thread 0x000000001acfd800 Uncommon trap: reason=class_check action=maybe_recompile pc=0x000000000336b0c8 method=java.util.Hashtable.get(Ljava/lang/Object;)Ljava/lang/Object; @ 6
Event: 8.165 Thread 0x000000001acfd800 Uncommon trap: reason=class_check action=maybe_recompile pc=0x000000000336b0c8 method=java.util.Hashtable.get(Ljava/lang/Object;)Ljava/lang/Object; @ 6
Event: 8.177 Thread 0x000000001acfd800 Uncommon trap: reason=unstable_if action=reinterpret pc=0x0000000003e9e1c8 method=java.util.jar.JarFile$JarFileEntry.getCodeSigners()[Ljava/security/CodeSigner; @ 24
Event: 8.180 Thread 0x000000001acfd800 Uncommon trap: reason=unstable_if action=reinterpret pc=0x000000000372ceac method=java.security.CodeSource.getCertificates()[Ljava/security/cert/Certificate; @ 22
Event: 8.196 Thread 0x000000001acfd800 Uncommon trap: reason=unstable_if action=reinterpret pc=0x000000000367257c method=java.util.LinkedHashMap.get(Ljava/lang/Object;)Ljava/lang/Object; @ 20
Event: 8.424 Thread 0x000000001acfd800 Uncommon trap: reason=unstable_if action=reinterpret pc=0x000000000409bcd0 method=org.gradle.internal.reflect.PropertyAccessorType.of(Ljava/lang/reflect/Method;)Lorg/gradle/internal/reflect/PropertyAccessorType; @ 56
Event: 8.666 Thread 0x000000001acfd800 Uncommon trap: reason=unstable_if action=reinterpret pc=0x0000000003b7bea0 method=org.codehaus.groovy.reflection.CachedMethod.compareToMethod(Ljava/lang/reflect/Method;)I @ 71

Classes redefined (0 events):
No events

Internal exceptions (10 events):
Event: 8.921 Thread 0x000000001acfd800 Exception <a 'sun/nio/fs/WindowsException'> (0x00000000e8427988) thrown at [D:\src\AOSP-openjdk-cygwin\jdk8u\hotspot\src\share\vm\prims\jni.cpp, line 709]
Event: 8.921 Thread 0x000000001acfd800 Exception <a 'sun/nio/fs/WindowsException'> (0x00000000e84283f8) thrown at [D:\src\AOSP-openjdk-cygwin\jdk8u\hotspot\src\share\vm\prims\jni.cpp, line 709]
Event: 8.930 Thread 0x000000001acfd800 Exception <a 'sun/nio/fs/WindowsException'> (0x00000000e842e578) thrown at [D:\src\AOSP-openjdk-cygwin\jdk8u\hotspot\src\share\vm\prims\jni.cpp, line 709]
Event: 8.931 Thread 0x000000001acfd800 Exception <a 'sun/nio/fs/WindowsException'> (0x00000000e842ef08) thrown at [D:\src\AOSP-openjdk-cygwin\jdk8u\hotspot\src\share\vm\prims\jni.cpp, line 709]
Event: 8.931 Thread 0x000000001acfd800 Exception <a 'sun/nio/fs/WindowsException'> (0x00000000e8430968) thrown at [D:\src\AOSP-openjdk-cygwin\jdk8u\hotspot\src\share\vm\prims\jni.cpp, line 709]
Event: 8.931 Thread 0x000000001acfd800 Exception <a 'sun/nio/fs/WindowsException'> (0x00000000e84313c0) thrown at [D:\src\AOSP-openjdk-cygwin\jdk8u\hotspot\src\share\vm\prims\jni.cpp, line 709]
Event: 8.943 Thread 0x000000001acfd800 Exception <a 'sun/nio/fs/WindowsException'> (0x00000000e8437b58) thrown at [D:\src\AOSP-openjdk-cygwin\jdk8u\hotspot\src\share\vm\prims\jni.cpp, line 709]
Event: 8.943 Thread 0x000000001acfd800 Exception <a 'sun/nio/fs/WindowsException'> (0x00000000e84384e8) thrown at [D:\src\AOSP-openjdk-cygwin\jdk8u\hotspot\src\share\vm\prims\jni.cpp, line 709]
Event: 8.944 Thread 0x000000001acfd800 Exception <a 'sun/nio/fs/WindowsException'> (0x00000000e8439f48) thrown at [D:\src\AOSP-openjdk-cygwin\jdk8u\hotspot\src\share\vm\prims\jni.cpp, line 709]
Event: 8.944 Thread 0x000000001acfd800 Exception <a 'sun/nio/fs/WindowsException'> (0x00000000e843a9a0) thrown at [D:\src\AOSP-openjdk-cygwin\jdk8u\hotspot\src\share\vm\prims\jni.cpp, line 709]

Events (10 events):
Event: 8.756 loading class java/util/stream/Nodes$SpinedNodeBuilder
Event: 8.756 loading class java/util/stream/Node$Builder
Event: 8.756 loading class java/util/stream/Node$Builder done
Event: 8.756 loading class java/util/stream/SpinedBuffer
Event: 8.757 loading class java/util/stream/AbstractSpinedBuffer
Event: 8.757 loading class java/util/stream/AbstractSpinedBuffer done
Event: 8.757 loading class java/util/stream/SpinedBuffer done
Event: 8.757 loading class java/util/stream/Nodes$SpinedNodeBuilder done
Event: 8.897 Thread 0x000000001acfd800 DEOPT PACKING pc=0x00000000035e878d sp=0x000000001be0b910
Event: 8.897 Thread 0x000000001acfd800 DEOPT UNPACKING pc=0x00000000032175d0 sp=0x000000001be0b660 mode 0


Dynamic libraries:
0x00007ff760760000 - 0x00007ff760791000 	D:\xwwworkspace\devsoft\Android\Android Studio\jre\bin\java.exe
0x00007ff856110000 - 0x00007ff8562f1000 	C:\WINDOWS\SYSTEM32\ntdll.dll
0x00007ff853eb0000 - 0x00007ff853f62000 	C:\WINDOWS\System32\KERNEL32.DLL
0x00007ff8525a0000 - 0x00007ff852813000 	C:\WINDOWS\System32\KERNELBASE.dll
0x00007ff8547f0000 - 0x00007ff854891000 	C:\WINDOWS\System32\ADVAPI32.dll
0x00007ff8546f0000 - 0x00007ff85478e000 	C:\WINDOWS\System32\msvcrt.dll
0x00007ff854790000 - 0x00007ff8547eb000 	C:\WINDOWS\System32\sechost.dll
0x00007ff854140000 - 0x00007ff854264000 	C:\WINDOWS\System32\RPCRT4.dll
0x00007ff853ab0000 - 0x00007ff853c40000 	C:\WINDOWS\System32\USER32.dll
0x00007ff852580000 - 0x00007ff8525a0000 	C:\WINDOWS\System32\win32u.dll
0x00007ff853e20000 - 0x00007ff853e48000 	C:\WINDOWS\System32\GDI32.dll
0x00007ff8522e0000 - 0x00007ff852472000 	C:\WINDOWS\System32\gdi32full.dll
0x00007ff8524e0000 - 0x00007ff85257f000 	C:\WINDOWS\System32\msvcp_win.dll
0x00007ff8521e0000 - 0x00007ff8522da000 	C:\WINDOWS\System32\ucrtbase.dll
0x00007ff845820000 - 0x00007ff845a89000 	C:\WINDOWS\WinSxS\amd64_microsoft.windows.common-controls_6595b64144ccf1df_6.0.17134.472_none_fb3f9af53068156d\COMCTL32.dll
0x00007ff8542a0000 - 0x00007ff8545c2000 	C:\WINDOWS\System32\combase.dll
0x00007ff8528e0000 - 0x00007ff85295a000 	C:\WINDOWS\System32\bcryptPrimitives.dll
0x00007ff8545d0000 - 0x00007ff8545fd000 	C:\WINDOWS\System32\IMM32.DLL
0x000000006a2a0000 - 0x000000006a372000 	D:\xwwworkspace\devsoft\Android\Android Studio\jre\jre\bin\msvcr100.dll
0x00000000698c0000 - 0x000000006a0ff000 	D:\xwwworkspace\devsoft\Android\Android Studio\jre\jre\bin\server\jvm.dll
0x00007ff852b50000 - 0x00007ff852b73000 	C:\WINDOWS\System32\WINMM.dll
0x00007ff8521b0000 - 0x00007ff8521da000 	C:\WINDOWS\System32\WINMMBASE.dll
0x00007ff853290000 - 0x00007ff8532d9000 	C:\WINDOWS\System32\cfgmgr32.dll
0x00007ff8548a0000 - 0x00007ff8548a8000 	C:\WINDOWS\System32\PSAPI.DLL
0x00007ff850e60000 - 0x00007ff850e69000 	C:\WINDOWS\SYSTEM32\WSOCK32.dll
0x00007ff8540a0000 - 0x00007ff85410c000 	C:\WINDOWS\System32\WS2_32.dll
0x00007ff84f8d0000 - 0x00007ff84f8da000 	C:\WINDOWS\SYSTEM32\VERSION.dll
0x00007ff84df70000 - 0x00007ff84df7f000 	D:\xwwworkspace\devsoft\Android\Android Studio\jre\jre\bin\verify.dll
0x00007ff843d70000 - 0x00007ff843d99000 	D:\xwwworkspace\devsoft\Android\Android Studio\jre\jre\bin\java.dll
0x00007ff84cea0000 - 0x00007ff84ceb6000 	D:\xwwworkspace\devsoft\Android\Android Studio\jre\jre\bin\zip.dll
0x00007ff854ab0000 - 0x00007ff855ef0000 	C:\WINDOWS\System32\SHELL32.dll
0x00007ff853f70000 - 0x00007ff854019000 	C:\WINDOWS\System32\shcore.dll
0x00007ff852b80000 - 0x00007ff85328d000 	C:\WINDOWS\System32\windows.storage.dll
0x00007ff854950000 - 0x00007ff8549a1000 	C:\WINDOWS\System32\shlwapi.dll
0x00007ff852170000 - 0x00007ff852181000 	C:\WINDOWS\System32\kernel.appcore.dll
0x00007ff852190000 - 0x00007ff8521af000 	C:\WINDOWS\System32\profapi.dll
0x00007ff8532e0000 - 0x00007ff85332c000 	C:\WINDOWS\System32\powrprof.dll
0x00007ff852160000 - 0x00007ff85216a000 	C:\WINDOWS\System32\FLTLIB.DLL
0x00007ff84c190000 - 0x00007ff84c1aa000 	D:\xwwworkspace\devsoft\Android\Android Studio\jre\jre\bin\net.dll
0x00007ff8519c0000 - 0x00007ff851a26000 	C:\WINDOWS\system32\mswsock.dll
0x00007ff84ba80000 - 0x00007ff84ba91000 	D:\xwwworkspace\devsoft\Android\Android Studio\jre\jre\bin\nio.dll
0x00007ff84dfa0000 - 0x00007ff84dfbe000 	C:\Users\DELL\.gradle\native\25\windows-amd64\native-platform.dll
0x00007ff84d3d0000 - 0x00007ff84d3dd000 	D:\xwwworkspace\devsoft\Android\Android Studio\jre\jre\bin\management.dll
0x00007ff851b70000 - 0x00007ff851b87000 	C:\WINDOWS\SYSTEM32\CRYPTSP.dll
0x00007ff8515a0000 - 0x00007ff8515d3000 	C:\WINDOWS\system32\rsaenh.dll
0x00007ff851ca0000 - 0x00007ff851cc5000 	C:\WINDOWS\SYSTEM32\bcrypt.dll
0x00007ff852040000 - 0x00007ff852068000 	C:\WINDOWS\SYSTEM32\USERENV.dll
0x00007ff851b90000 - 0x00007ff851b9b000 	C:\WINDOWS\SYSTEM32\CRYPTBASE.dll
0x00007ff851740000 - 0x00007ff851778000 	C:\WINDOWS\SYSTEM32\IPHLPAPI.DLL
0x00007ff854270000 - 0x00007ff854278000 	C:\WINDOWS\System32\NSI.dll
0x00007ff84b790000 - 0x00007ff84b7a6000 	C:\WINDOWS\SYSTEM32\dhcpcsvc6.DLL
0x00007ff84b9a0000 - 0x00007ff84b9ba000 	C:\WINDOWS\SYSTEM32\dhcpcsvc.DLL

VM Arguments:
jvm_args: -Xmx1536m -Dfile.encoding=GBK -Duser.country=CN -Duser.language=zh -Duser.variant 
java_command: org.gradle.launcher.daemon.bootstrap.GradleDaemon 4.4
java_class_path (initial): C:\Users\DELL\.gradle\wrapper\dists\gradle-4.4-all\9br9xq1tocpiv8o6njlyu5op1\gradle-4.4\lib\gradle-launcher-4.4.jar
Launcher Type: SUN_STANDARD

Environment Variables:
JAVA_HOME=C:\Program Files\Java\jdk1.8.0_101
CLASSPATH=.;C:\Program Files\Java\jdk1.8.0_101\lib\dt.jar;C:\Program Files\Java\jdk1.8.0_101\lib\tools.jar;
PATH=C:\ProgramData\Oracle\Java\javapath;C:\Program Files (x86)\Intel\iCLS Client\;C:\Program Files\Intel\iCLS Client\;C:\Windows\system32;C:\Windows;C:\Windows\System32\Wbem;C:\Windows\System32\WindowsPowerShell\v1.0\;C:\Program Files (x86)\Intel\Intel(R) Management Engine Components\DAL;C:\Program Files\Intel\Intel(R) Management Engine Components\DAL;C:\Program Files (x86)\Intel\Intel(R) Management Engine Components\IPT;C:\Program Files\Intel\Intel(R) Management Engine Components\IPT;C:\Program Files (x86)\NVIDIA Corporation\PhysX\Common;C:\WINDOWS\system32;C:\WINDOWS;C:\WINDOWS\System32\Wbem;C:\WINDOWS\System32\WindowsPowerShell\v1.0\;C:\Program Files\Java\jdk1.8.0_101\bin;C:\Program Files\Java\jdk1.8.0_101\jre\bin;C:\Git\cmd;C:\sdk\platform-tools;C:\sdk\tools;C:\Android Studio\gradle\gradle-2.14.1\bin;C:\Python27;C:\WINDOWS\System32\OpenSSH\;C:\sdk\ndk-bundle;ddm;C:\Program Files\Intel\WiFi\bin\;C:\Program Files\Common Files\Intel\WirelessCommon\;C:\Users\DELL\AppData\Local\Microsoft\WindowsApps;
USERNAME=DELL
OS=Windows_NT
PROCESSOR_IDENTIFIER=Intel64 Family 6 Model 94 Stepping 3, GenuineIntel



---------------  S Y S T E M  ---------------

OS: Windows 10.0 , 64 bit Build 17134 (10.0.17134.1)

CPU:total 8 (initial active 8) (4 cores per cpu, 2 threads per core) family 6 model 94 stepping 3, cmov, cx8, fxsr, mmx, sse, sse2, sse3, ssse3, sse4.1, sse4.2, popcnt, avx, avx2, aes, clmul, erms, rtm, 3dnowpref, lzcnt, ht, tsc, tscinvbit, bmi1, bmi2, adx

Memory: 4k page, physical 16601876k(5272488k free), swap 17650452k(4348k free)

vm_info: OpenJDK 64-Bit Server VM (25.152-b02) for windows-amd64 JRE (1.8.0_152-release-1024-b02), built by "builder" with MS VC++ 10.0 (VS2010)

time: Wed Jan 02 15:57:55 2019
elapsed time: 8 seconds (0d 0h 0m 8s)

