#
# There is insufficient memory for the Java Runtime Environment to continue.
# Native memory allocation (malloc) failed to allocate 2406224 bytes for Chunk::new
# Possible reasons:
#   The system is out of physical RAM or swap space
#   In 32 bit mode, the process size limit was hit
# Possible solutions:
#   Reduce memory load on the system
#   Increase physical memory or swap space
#   Check if swap backing store is full
#   Use 64 bit Java on a 64 bit OS
#   Decrease Java heap size (-Xmx/-Xms)
#   Decrease number of Java threads
#   Decrease Java thread stack sizes (-Xss)
#   Set larger code cache with -XX:ReservedCodeCacheSize=
# This output file may be truncated or incomplete.
#
#  Out of Memory Error (allocation.cpp:390), pid=4364, tid=0x00000000000005d0
#
# JRE version: OpenJDK Runtime Environment (8.0_152-b02) (build 1.8.0_152-release-1024-b02)
# Java VM: OpenJDK 64-Bit Server VM (25.152-b02 mixed mode windows-amd64 compressed oops)
# Failed to write core dump. Minidumps are not enabled by default on client versions of Windows
#

---------------  T H R E A D  ---------------

Current thread (0x00000000176ca000):  JavaThread "C2 CompilerThread0" daemon [_thread_in_native, id=1488, stack(0x0000000019cc0000,0x0000000019dc0000)]

Stack: [0x0000000019cc0000,0x0000000019dc0000]
[error occurred during error reporting (printing stack bounds), id 0xc0000005]

Native frames: (J=compiled Java code, j=interpreted, Vv=VM code, C=native code)


Current CompileTask:
C2:  12193 4942       4       com.sun.beans.TypeResolver::resolve (37 bytes)


---------------  P R O C E S S  ---------------

Java Threads: ( => current thread )
  0x000000001d647800 JavaThread "Memory manager" [_thread_blocked, id=16932, stack(0x0000000023c70000,0x0000000023d70000)]
  0x000000001d64c000 JavaThread "build operations Thread 8" [_thread_blocked, id=8976, stack(0x0000000023570000,0x0000000023670000)]
  0x000000001d64b000 JavaThread "build operations Thread 7" [_thread_blocked, id=16124, stack(0x0000000023470000,0x0000000023570000)]
  0x000000001d648000 JavaThread "build operations Thread 6" [_thread_blocked, id=14100, stack(0x0000000023370000,0x0000000023470000)]
  0x000000001d64c800 JavaThread "build operations Thread 5" [_thread_blocked, id=13692, stack(0x0000000023270000,0x0000000023370000)]
  0x000000001d649800 JavaThread "build operations Thread 4" [_thread_blocked, id=4684, stack(0x0000000023170000,0x0000000023270000)]
  0x000000001d64a800 JavaThread "build operations Thread 3" [_thread_blocked, id=16452, stack(0x0000000023070000,0x0000000023170000)]
  0x000000001aa32800 JavaThread "build operations Thread 2" [_thread_blocked, id=8972, stack(0x0000000022f70000,0x0000000023070000)]
  0x000000001aa31000 JavaThread "build operations" [_thread_blocked, id=9936, stack(0x0000000022ad0000,0x0000000022bd0000)]
  0x000000001aa33800 JavaThread "Cache worker for Artifact transforms cache (C:\Users\DELL\.gradle\caches\transforms-1)" [_thread_blocked, id=17428, stack(0x000000001ec30000,0x000000001ed30000)]
  0x000000001d090000 JavaThread "Cache worker for file hash cache (D:\xwwworkspace\code\DevResCollect\.gradle\4.4\fileHashes)" [_thread_blocked, id=2364, stack(0x000000001db60000,0x000000001dc60000)]
  0x000000001b4a6000 JavaThread "File lock request listener" [_thread_in_native, id=6036, stack(0x000000001ca90000,0x000000001cb90000)]
  0x000000001b5b0000 JavaThread "Cache worker for file hash cache (C:\Users\DELL\.gradle\caches\4.4\fileHashes)" [_thread_blocked, id=14212, stack(0x000000001c990000,0x000000001ca90000)]
  0x000000001b554000 JavaThread "Stdin handler" [_thread_blocked, id=13156, stack(0x000000001c690000,0x000000001c790000)]
  0x000000001b25d000 JavaThread "Asynchronous log dispatcher for DefaultDaemonConnection: socket connection from /127.0.0.1:54693 to /127.0.0.1:54694" [_thread_blocked, id=10684, stack(0x000000001c490000,0x000000001c590000)]
  0x000000001b573000 JavaThread "Daemon worker" [_thread_in_vm, id=16028, stack(0x000000001c390000,0x000000001c490000)]
  0x000000001b283800 JavaThread "Cancel handler" [_thread_blocked, id=16396, stack(0x000000001c290000,0x000000001c390000)]
  0x000000001b19a800 JavaThread "Handler for socket connection from /127.0.0.1:54693 to /127.0.0.1:54694" [_thread_in_native, id=16408, stack(0x000000001bf90000,0x000000001c090000)]
  0x000000001b197800 JavaThread "Daemon" [_thread_blocked, id=3068, stack(0x000000001be90000,0x000000001bf90000)]
  0x000000001b18c000 JavaThread "Daemon periodic checks" [_thread_blocked, id=20284, stack(0x000000001bd90000,0x000000001be90000)]
  0x000000001b35c800 JavaThread "Incoming local TCP Connector on port 54693" [_thread_in_native, id=15080, stack(0x000000001bc90000,0x000000001bd90000)]
  0x00000000196ec000 JavaThread "Service Thread" daemon [_thread_blocked, id=16840, stack(0x000000001a0c0000,0x000000001a1c0000)]
  0x000000001965a000 JavaThread "C1 CompilerThread3" daemon [_thread_blocked, id=19708, stack(0x0000000019fc0000,0x000000001a0c0000)]
  0x00000000176cd800 JavaThread "C2 CompilerThread2" daemon [_thread_blocked, id=14608, stack(0x0000000019ec0000,0x0000000019fc0000)]
  0x00000000176cc000 JavaThread "C2 CompilerThread1" daemon [_thread_blocked, id=8628, stack(0x0000000019dc0000,0x0000000019ec0000)]
=>0x00000000176ca000 JavaThread "C2 CompilerThread0" daemon [_thread_in_native, id=1488, stack(0x0000000019cc0000,0x0000000019dc0000)]
  0x0000000019650000 JavaThread "Attach Listener" daemon [_thread_blocked, id=14348, stack(0x0000000019bc0000,0x0000000019cc0000)]
  0x00000000195e6800 JavaThread "Signal Dispatcher" daemon [_thread_blocked, id=1328, stack(0x0000000019ac0000,0x0000000019bc0000)]
  0x00000000195e1800 JavaThread "Finalizer" daemon [_thread_blocked, id=1568, stack(0x00000000199c0000,0x0000000019ac0000)]
  0x00000000038f9000 JavaThread "Reference Handler" daemon [_thread_blocked, id=20412, stack(0x00000000194c0000,0x00000000195c0000)]
  0x00000000037fe000 JavaThread "main" [_thread_blocked, id=16224, stack(0x0000000003600000,0x0000000003700000)]

Other Threads:
  0x00000000176b5000 VMThread [stack: 0x00000000193c0000,0x00000000194c0000] [id=18952]
  0x00000000196fc800 WatcherThread [stack: 0x000000001a1c0000,0x000000001a2c0000] [id=16948]

VM state:not at safepoint (normal execution)

VM Mutex/Monitor currently owned by a thread: None

Heap:
 PSYoungGen      total 160768K, used 52038K [0x00000000e0000000, 0x00000000eb200000, 0x0000000100000000)
  eden space 149504K, 27% used [0x00000000e0000000,0x00000000e27e4388,0x00000000e9200000)
  from space 11264K, 99% used [0x00000000ea700000,0x00000000eb1ed820,0x00000000eb200000)
  to   space 12288K, 0% used [0x00000000e9a00000,0x00000000e9a00000,0x00000000ea600000)
 ParOldGen       total 156160K, used 17126K [0x00000000a0000000, 0x00000000a9880000, 0x00000000e0000000)
  object space 156160K, 10% used [0x00000000a0000000,0x00000000a10b9b88,0x00000000a9880000)
 Metaspace       used 44312K, capacity 45382K, committed 45656K, reserved 1089536K
  class space    used 5952K, capacity 6253K, committed 6272K, reserved 1048576K

Card table byte_map: [0x0000000012cc0000,0x0000000012fd0000] byte_map_base: 0x00000000127c0000

Marking Bits: (ParMarkBitMap*) 0x000000006a084970
 Begin Bits: [0x00000000139d0000, 0x00000000151d0000)
 End Bits:   [0x00000000151d0000, 0x00000000169d0000)

Polling page: 0x0000000001470000

CodeCache: size=245760Kb used=16368Kb max_used=16418Kb free=229391Kb
 bounds [0x0000000003900000, 0x0000000004920000, 0x0000000012900000]
 total_blobs=5260 nmethods=4536 adapters=637
 compilation: enabled

Compilation events (10 events):
Event: 12.053 Thread 0x000000001965a000 5106       3       com.android.repository.io.impl.FileSystemFileOp::isDirectory (13 bytes)
Event: 12.054 Thread 0x000000001965a000 nmethod 5106 0x00000000048ea290 code [0x00000000048ea480, 0x00000000048eaf08]
Event: 12.060 Thread 0x000000001965a000 5107       3       java.util.TreeSet::add (22 bytes)
Event: 12.060 Thread 0x000000001965a000 nmethod 5107 0x00000000048eb510 code [0x00000000048eb680, 0x00000000048eb908]
Event: 12.061 Thread 0x000000001965a000 5108       3       sun.nio.fs.WindowsFileAttributes::fromFileAttributeData (104 bytes)
Event: 12.061 Thread 0x000000001965a000 nmethod 5108 0x00000000048eb9d0 code [0x00000000048ebb40, 0x00000000048ebda8]
Event: 12.064 Thread 0x000000001965a000 5109       3       java.io.File::compareTo (9 bytes)
Event: 12.064 Thread 0x000000001965a000 nmethod 5109 0x00000000048ebe90 code [0x00000000048ec020, 0x00000000048ec508]
Event: 12.073 Thread 0x000000001965a000 5110       1       org.slf4j.impl.StaticLoggerBinder::getLoggerFactory (5 bytes)
Event: 12.074 Thread 0x000000001965a000 nmethod 5110 0x00000000048ec7d0 code [0x00000000048ec920, 0x00000000048eca30]

GC Heap History (10 events):
Event: 7.080 GC heap before
{Heap before GC invocations=6 (full 1):
 PSYoungGen      total 75776K, used 72763K [0x00000000e0000000, 0x00000000e7900000, 0x0000000100000000)
  eden space 65024K, 100% used [0x00000000e0000000,0x00000000e3f80000,0x00000000e3f80000)
  from space 10752K, 71% used [0x00000000e4a00000,0x00000000e518ecc0,0x00000000e5480000)
  to   space 10752K, 0% used [0x00000000e3f80000,0x00000000e3f80000,0x00000000e4a00000)
 ParOldGen       total 102400K, used 8964K [0x00000000a0000000, 0x00000000a6400000, 0x00000000e0000000)
  object space 102400K, 8% used [0x00000000a0000000,0x00000000a08c13f0,0x00000000a6400000)
 Metaspace       used 30723K, capacity 31370K, committed 31616K, reserved 1077248K
  class space    used 4214K, capacity 4390K, committed 4480K, reserved 1048576K
Event: 7.092 GC heap after
Heap after GC invocations=6 (full 1):
 PSYoungGen      total 75776K, used 8658K [0x00000000e0000000, 0x00000000e7900000, 0x0000000100000000)
  eden space 65024K, 0% used [0x00000000e0000000,0x00000000e0000000,0x00000000e3f80000)
  from space 10752K, 80% used [0x00000000e3f80000,0x00000000e47f4870,0x00000000e4a00000)
  to   space 10752K, 0% used [0x00000000e6e80000,0x00000000e6e80000,0x00000000e7900000)
 ParOldGen       total 102400K, used 9037K [0x00000000a0000000, 0x00000000a6400000, 0x00000000e0000000)
  object space 102400K, 8% used [0x00000000a0000000,0x00000000a08d3400,0x00000000a6400000)
 Metaspace       used 30723K, capacity 31370K, committed 31616K, reserved 1077248K
  class space    used 4214K, capacity 4390K, committed 4480K, reserved 1048576K
}
Event: 9.207 GC heap before
{Heap before GC invocations=7 (full 1):
 PSYoungGen      total 75776K, used 73682K [0x00000000e0000000, 0x00000000e7900000, 0x0000000100000000)
  eden space 65024K, 100% used [0x00000000e0000000,0x00000000e3f80000,0x00000000e3f80000)
  from space 10752K, 80% used [0x00000000e3f80000,0x00000000e47f4870,0x00000000e4a00000)
  to   space 10752K, 0% used [0x00000000e6e80000,0x00000000e6e80000,0x00000000e7900000)
 ParOldGen       total 102400K, used 9037K [0x00000000a0000000, 0x00000000a6400000, 0x00000000e0000000)
  object space 102400K, 8% used [0x00000000a0000000,0x00000000a08d3400,0x00000000a6400000)
 Metaspace       used 31595K, capacity 32182K, committed 32512K, reserved 1077248K
  class space    used 4301K, capacity 4490K, committed 4608K, reserved 1048576K
Event: 9.217 GC heap after
Heap after GC invocations=7 (full 1):
 PSYoungGen      total 108032K, used 7536K [0x00000000e0000000, 0x00000000e7680000, 0x0000000100000000)
  eden space 99840K, 0% used [0x00000000e0000000,0x00000000e0000000,0x00000000e6180000)
  from space 8192K, 91% used [0x00000000e6e80000,0x00000000e75dc280,0x00000000e7680000)
  to   space 10752K, 0% used [0x00000000e6180000,0x00000000e6180000,0x00000000e6c00000)
 ParOldGen       total 102400K, used 9045K [0x00000000a0000000, 0x00000000a6400000, 0x00000000e0000000)
  object space 102400K, 8% used [0x00000000a0000000,0x00000000a08d5400,0x00000000a6400000)
 Metaspace       used 31595K, capacity 32182K, committed 32512K, reserved 1077248K
  class space    used 4301K, capacity 4490K, committed 4608K, reserved 1048576K
}
Event: 9.891 GC heap before
{Heap before GC invocations=8 (full 1):
 PSYoungGen      total 108032K, used 32502K [0x00000000e0000000, 0x00000000e7680000, 0x0000000100000000)
  eden space 99840K, 25% used [0x00000000e0000000,0x00000000e18617e8,0x00000000e6180000)
  from space 8192K, 91% used [0x00000000e6e80000,0x00000000e75dc280,0x00000000e7680000)
  to   space 10752K, 0% used [0x00000000e6180000,0x00000000e6180000,0x00000000e6c00000)
 ParOldGen       total 102400K, used 9045K [0x00000000a0000000, 0x00000000a6400000, 0x00000000e0000000)
  object space 102400K, 8% used [0x00000000a0000000,0x00000000a08d5400,0x00000000a6400000)
 Metaspace       used 34560K, capacity 35374K, committed 35416K, reserved 1079296K
  class space    used 4724K, capacity 4984K, committed 4992K, reserved 1048576K
Event: 9.901 GC heap after
Heap after GC invocations=8 (full 1):
 PSYoungGen      total 110592K, used 10315K [0x00000000e0000000, 0x00000000eb280000, 0x0000000100000000)
  eden space 99840K, 0% used [0x00000000e0000000,0x00000000e0000000,0x00000000e6180000)
  from space 10752K, 95% used [0x00000000e6180000,0x00000000e6b92dc8,0x00000000e6c00000)
  to   space 11776K, 0% used [0x00000000ea700000,0x00000000ea700000,0x00000000eb280000)
 ParOldGen       total 102400K, used 9053K [0x00000000a0000000, 0x00000000a6400000, 0x00000000e0000000)
  object space 102400K, 8% used [0x00000000a0000000,0x00000000a08d7400,0x00000000a6400000)
 Metaspace       used 34560K, capacity 35374K, committed 35416K, reserved 1079296K
  class space    used 4724K, capacity 4984K, committed 4992K, reserved 1048576K
}
Event: 9.901 GC heap before
{Heap before GC invocations=9 (full 2):
 PSYoungGen      total 110592K, used 10315K [0x00000000e0000000, 0x00000000eb280000, 0x0000000100000000)
  eden space 99840K, 0% used [0x00000000e0000000,0x00000000e0000000,0x00000000e6180000)
  from space 10752K, 95% used [0x00000000e6180000,0x00000000e6b92dc8,0x00000000e6c00000)
  to   space 11776K, 0% used [0x00000000ea700000,0x00000000ea700000,0x00000000eb280000)
 ParOldGen       total 102400K, used 9053K [0x00000000a0000000, 0x00000000a6400000, 0x00000000e0000000)
  object space 102400K, 8% used [0x00000000a0000000,0x00000000a08d7400,0x00000000a6400000)
 Metaspace       used 34560K, capacity 35374K, committed 35416K, reserved 1079296K
  class space    used 4724K, capacity 4984K, committed 4992K, reserved 1048576K
Event: 9.958 GC heap after
Heap after GC invocations=9 (full 2):
 PSYoungGen      total 110592K, used 0K [0x00000000e0000000, 0x00000000eb280000, 0x0000000100000000)
  eden space 99840K, 0% used [0x00000000e0000000,0x00000000e0000000,0x00000000e6180000)
  from space 10752K, 0% used [0x00000000e6180000,0x00000000e6180000,0x00000000e6c00000)
  to   space 11776K, 0% used [0x00000000ea700000,0x00000000ea700000,0x00000000eb280000)
 ParOldGen       total 156160K, used 17118K [0x00000000a0000000, 0x00000000a9880000, 0x00000000e0000000)
  object space 156160K, 10% used [0x00000000a0000000,0x00000000a10b7b88,0x00000000a9880000)
 Metaspace       used 34560K, capacity 35374K, committed 35416K, reserved 1079296K
  class space    used 4724K, capacity 4984K, committed 4992K, reserved 1048576K
}
Event: 11.492 GC heap before
{Heap before GC invocations=10 (full 2):
 PSYoungGen      total 110592K, used 99840K [0x00000000e0000000, 0x00000000eb280000, 0x0000000100000000)
  eden space 99840K, 100% used [0x00000000e0000000,0x00000000e6180000,0x00000000e6180000)
  from space 10752K, 0% used [0x00000000e6180000,0x00000000e6180000,0x00000000e6c00000)
  to   space 11776K, 0% used [0x00000000ea700000,0x00000000ea700000,0x00000000eb280000)
 ParOldGen       total 156160K, used 17118K [0x00000000a0000000, 0x00000000a9880000, 0x00000000e0000000)
  object space 156160K, 10% used [0x00000000a0000000,0x00000000a10b7b88,0x00000000a9880000)
 Metaspace       used 42257K, capacity 43240K, committed 43608K, reserved 1087488K
  class space    used 5650K, capacity 5934K, committed 6016K, reserved 1048576K
Event: 11.502 GC heap after
Heap after GC invocations=10 (full 2):
 PSYoungGen      total 160768K, used 11190K [0x00000000e0000000, 0x00000000eb200000, 0x0000000100000000)
  eden space 149504K, 0% used [0x00000000e0000000,0x00000000e0000000,0x00000000e9200000)
  from space 11264K, 99% used [0x00000000ea700000,0x00000000eb1ed820,0x00000000eb200000)
  to   space 12288K, 0% used [0x00000000e9a00000,0x00000000e9a00000,0x00000000ea600000)
 ParOldGen       total 156160K, used 17126K [0x00000000a0000000, 0x00000000a9880000, 0x00000000e0000000)
  object space 156160K, 10% used [0x00000000a0000000,0x00000000a10b9b88,0x00000000a9880000)
 Metaspace       used 42257K, capacity 43240K, committed 43608K, reserved 1087488K
  class space    used 5650K, capacity 5934K, committed 6016K, reserved 1048576K
}

Deoptimization events (10 events):
Event: 10.820 Thread 0x000000001b573000 Uncommon trap: reason=class_check action=maybe_recompile pc=0x0000000003a82c3c method=java.util.Hashtable.get(Ljava/lang/Object;)Ljava/lang/Object; @ 6
Event: 10.828 Thread 0x000000001b573000 Uncommon trap: reason=class_check action=maybe_recompile pc=0x0000000003a82c3c method=java.util.Hashtable.get(Ljava/lang/Object;)Ljava/lang/Object; @ 6
Event: 10.828 Thread 0x000000001b573000 Uncommon trap: reason=class_check action=maybe_recompile pc=0x0000000003a82c3c method=java.util.Hashtable.get(Ljava/lang/Object;)Ljava/lang/Object; @ 6
Event: 10.862 Thread 0x000000001b573000 Uncommon trap: reason=bimorphic action=maybe_recompile pc=0x00000000043e83dc method=java.util.regex.Pattern$Start.match(Ljava/util/regex/Matcher;ILjava/lang/CharSequence;)Z @ 44
Event: 10.877 Thread 0x000000001b573000 Uncommon trap: reason=unstable_if action=reinterpret pc=0x0000000004679264 method=java.util.jar.JarFile.getInputStream(Ljava/util/zip/ZipEntry;)Ljava/io/InputStream; @ 37
Event: 10.883 Thread 0x000000001b573000 Uncommon trap: reason=unstable_if action=reinterpret pc=0x0000000004664470 method=java.security.CodeSource.<init>(Ljava/net/URL;[Ljava/security/CodeSigner;)V @ 25
Event: 10.886 Thread 0x000000001b573000 Uncommon trap: reason=unstable_if action=reinterpret pc=0x0000000003e5986c method=java.security.CodeSource.getCertificates()[Ljava/security/cert/Certificate; @ 22
Event: 10.886 Thread 0x000000001b573000 Uncommon trap: reason=unstable_if action=reinterpret pc=0x000000000466b534 method=java.security.CodeSource.matchCerts(Ljava/security/CodeSource;Z)Z @ 11
Event: 10.905 Thread 0x000000001b573000 Uncommon trap: reason=unstable_if action=reinterpret pc=0x00000000045d713c method=java.util.LinkedHashMap.get(Ljava/lang/Object;)Ljava/lang/Object; @ 20
Event: 11.479 Thread 0x000000001b573000 Uncommon trap: reason=unstable_if action=reinterpret pc=0x00000000044fa110 method=org.gradle.internal.reflect.PropertyAccessorType.of(Ljava/lang/reflect/Method;)Lorg/gradle/internal/reflect/PropertyAccessorType; @ 56

Classes redefined (0 events):
No events

Internal exceptions (10 events):
Event: 12.065 Thread 0x000000001b573000 Exception <a 'sun/nio/fs/WindowsException'> (0x00000000e21b0418) thrown at [D:\src\AOSP-openjdk-cygwin\jdk8u\hotspot\src\share\vm\prims\jni.cpp, line 709]
Event: 12.065 Thread 0x000000001b573000 Exception <a 'sun/nio/fs/WindowsException'> (0x00000000e21b2880) thrown at [D:\src\AOSP-openjdk-cygwin\jdk8u\hotspot\src\share\vm\prims\jni.cpp, line 709]
Event: 12.065 Thread 0x000000001b573000 Exception <a 'sun/nio/fs/WindowsException'> (0x00000000e21b3310) thrown at [D:\src\AOSP-openjdk-cygwin\jdk8u\hotspot\src\share\vm\prims\jni.cpp, line 709]
Event: 12.066 Thread 0x000000001b573000 Exception <a 'sun/nio/fs/WindowsException'> (0x00000000e21b4de8) thrown at [D:\src\AOSP-openjdk-cygwin\jdk8u\hotspot\src\share\vm\prims\jni.cpp, line 709]
Event: 12.066 Thread 0x000000001b573000 Exception <a 'sun/nio/fs/WindowsException'> (0x00000000e21b58b0) thrown at [D:\src\AOSP-openjdk-cygwin\jdk8u\hotspot\src\share\vm\prims\jni.cpp, line 709]
Event: 12.066 Thread 0x000000001b573000 Exception <a 'sun/nio/fs/WindowsException'> (0x00000000e21b7f00) thrown at [D:\src\AOSP-openjdk-cygwin\jdk8u\hotspot\src\share\vm\prims\jni.cpp, line 709]
Event: 12.066 Thread 0x000000001b573000 Exception <a 'sun/nio/fs/WindowsException'> (0x00000000e21b8a08) thrown at [D:\src\AOSP-openjdk-cygwin\jdk8u\hotspot\src\share\vm\prims\jni.cpp, line 709]
Event: 12.066 Thread 0x000000001b573000 Exception <a 'sun/nio/fs/WindowsException'> (0x00000000e21ba558) thrown at [D:\src\AOSP-openjdk-cygwin\jdk8u\hotspot\src\share\vm\prims\jni.cpp, line 709]
Event: 12.066 Thread 0x000000001b573000 Exception <a 'sun/nio/fs/WindowsException'> (0x00000000e21bb098) thrown at [D:\src\AOSP-openjdk-cygwin\jdk8u\hotspot\src\share\vm\prims\jni.cpp, line 709]
Event: 12.074 Thread 0x000000001b573000 Exception <a 'java/lang/ClassNotFoundException': com/sun/org/glassfish/hk2/osgiresourcelocator/ServiceLoader> (0x00000000e2210188) thrown at [D:\src\AOSP-openjdk-cygwin\jdk8u\hotspot\src\share\vm\classfile\systemDictionary.cpp, line 210]

Events (10 events):
Event: 12.106 loading class com/sun/xml/bind/v2/runtime/AttributeAccessor
Event: 12.106 loading class com/sun/xml/bind/v2/runtime/AttributeAccessor done
Event: 12.107 loading class com/sun/xml/bind/v2/runtime/AnyTypeBeanInfo
Event: 12.107 loading class com/sun/xml/bind/v2/runtime/AnyTypeBeanInfo done
Event: 12.107 loading class com/sun/xml/bind/v2/runtime/LeafBeanInfoImpl
Event: 12.107 loading class com/sun/xml/bind/v2/runtime/LeafBeanInfoImpl done
Event: 12.108 loading class javax/xml/bind/Unmarshaller
Event: 12.108 loading class javax/xml/bind/Unmarshaller done
Event: 12.108 loading class javax/xml/transform/TransformerConfigurationException
Event: 12.108 loading class javax/xml/transform/TransformerException


Dynamic libraries:
0x00007ff760760000 - 0x00007ff760791000 	D:\xwwworkspace\devsoft\Android\Android Studio\jre\bin\java.exe
0x00007ff856110000 - 0x00007ff8562f1000 	C:\WINDOWS\SYSTEM32\ntdll.dll
0x00007ff853eb0000 - 0x00007ff853f62000 	C:\WINDOWS\System32\KERNEL32.DLL
0x00007ff8525a0000 - 0x00007ff852813000 	C:\WINDOWS\System32\KERNELBASE.dll
0x00007ff8547f0000 - 0x00007ff854891000 	C:\WINDOWS\System32\ADVAPI32.dll
0x00007ff8546f0000 - 0x00007ff85478e000 	C:\WINDOWS\System32\msvcrt.dll
0x00007ff854790000 - 0x00007ff8547eb000 	C:\WINDOWS\System32\sechost.dll
0x00007ff854140000 - 0x00007ff854264000 	C:\WINDOWS\System32\RPCRT4.dll
0x00007ff853ab0000 - 0x00007ff853c40000 	C:\WINDOWS\System32\USER32.dll
0x00007ff852580000 - 0x00007ff8525a0000 	C:\WINDOWS\System32\win32u.dll
0x00007ff853e20000 - 0x00007ff853e48000 	C:\WINDOWS\System32\GDI32.dll
0x00007ff8522e0000 - 0x00007ff852472000 	C:\WINDOWS\System32\gdi32full.dll
0x00007ff8524e0000 - 0x00007ff85257f000 	C:\WINDOWS\System32\msvcp_win.dll
0x00007ff8521e0000 - 0x00007ff8522da000 	C:\WINDOWS\System32\ucrtbase.dll
0x00007ff845820000 - 0x00007ff845a89000 	C:\WINDOWS\WinSxS\amd64_microsoft.windows.common-controls_6595b64144ccf1df_6.0.17134.472_none_fb3f9af53068156d\COMCTL32.dll
0x00007ff8542a0000 - 0x00007ff8545c2000 	C:\WINDOWS\System32\combase.dll
0x00007ff8528e0000 - 0x00007ff85295a000 	C:\WINDOWS\System32\bcryptPrimitives.dll
0x00007ff8545d0000 - 0x00007ff8545fd000 	C:\WINDOWS\System32\IMM32.DLL
0x000000006a2a0000 - 0x000000006a372000 	D:\xwwworkspace\devsoft\Android\Android Studio\jre\jre\bin\msvcr100.dll
0x00000000698c0000 - 0x000000006a0ff000 	D:\xwwworkspace\devsoft\Android\Android Studio\jre\jre\bin\server\jvm.dll
0x00007ff852b50000 - 0x00007ff852b73000 	C:\WINDOWS\System32\WINMM.dll
0x00007ff8521b0000 - 0x00007ff8521da000 	C:\WINDOWS\System32\WINMMBASE.dll
0x00007ff853290000 - 0x00007ff8532d9000 	C:\WINDOWS\System32\cfgmgr32.dll
0x00007ff8548a0000 - 0x00007ff8548a8000 	C:\WINDOWS\System32\PSAPI.DLL
0x00007ff850e60000 - 0x00007ff850e69000 	C:\WINDOWS\SYSTEM32\WSOCK32.dll
0x00007ff8540a0000 - 0x00007ff85410c000 	C:\WINDOWS\System32\WS2_32.dll
0x00007ff84f8d0000 - 0x00007ff84f8da000 	C:\WINDOWS\SYSTEM32\VERSION.dll
0x00007ff84df70000 - 0x00007ff84df7f000 	D:\xwwworkspace\devsoft\Android\Android Studio\jre\jre\bin\verify.dll
0x00007ff843d70000 - 0x00007ff843d99000 	D:\xwwworkspace\devsoft\Android\Android Studio\jre\jre\bin\java.dll
0x00007ff84cea0000 - 0x00007ff84ceb6000 	D:\xwwworkspace\devsoft\Android\Android Studio\jre\jre\bin\zip.dll
0x00007ff854ab0000 - 0x00007ff855ef0000 	C:\WINDOWS\System32\SHELL32.dll
0x00007ff853f70000 - 0x00007ff854019000 	C:\WINDOWS\System32\shcore.dll
0x00007ff852b80000 - 0x00007ff85328d000 	C:\WINDOWS\System32\windows.storage.dll
0x00007ff854950000 - 0x00007ff8549a1000 	C:\WINDOWS\System32\shlwapi.dll
0x00007ff852170000 - 0x00007ff852181000 	C:\WINDOWS\System32\kernel.appcore.dll
0x00007ff852190000 - 0x00007ff8521af000 	C:\WINDOWS\System32\profapi.dll
0x00007ff8532e0000 - 0x00007ff85332c000 	C:\WINDOWS\System32\powrprof.dll
0x00007ff852160000 - 0x00007ff85216a000 	C:\WINDOWS\System32\FLTLIB.DLL
0x00007ff84c190000 - 0x00007ff84c1aa000 	D:\xwwworkspace\devsoft\Android\Android Studio\jre\jre\bin\net.dll
0x00007ff8519c0000 - 0x00007ff851a26000 	C:\WINDOWS\system32\mswsock.dll
0x00007ff84ba80000 - 0x00007ff84ba91000 	D:\xwwworkspace\devsoft\Android\Android Studio\jre\jre\bin\nio.dll
0x00007ff84dfa0000 - 0x00007ff84dfbe000 	C:\Users\DELL\.gradle\native\25\windows-amd64\native-platform.dll
0x00007ff84d3d0000 - 0x00007ff84d3dd000 	D:\xwwworkspace\devsoft\Android\Android Studio\jre\jre\bin\management.dll
0x00007ff851b70000 - 0x00007ff851b87000 	C:\WINDOWS\SYSTEM32\CRYPTSP.dll
0x00007ff8515a0000 - 0x00007ff8515d3000 	C:\WINDOWS\system32\rsaenh.dll
0x00007ff851ca0000 - 0x00007ff851cc5000 	C:\WINDOWS\SYSTEM32\bcrypt.dll
0x00007ff852040000 - 0x00007ff852068000 	C:\WINDOWS\SYSTEM32\USERENV.dll
0x00007ff851b90000 - 0x00007ff851b9b000 	C:\WINDOWS\SYSTEM32\CRYPTBASE.dll
0x00007ff851740000 - 0x00007ff851778000 	C:\WINDOWS\SYSTEM32\IPHLPAPI.DLL
0x00007ff854270000 - 0x00007ff854278000 	C:\WINDOWS\System32\NSI.dll
0x00007ff84b790000 - 0x00007ff84b7a6000 	C:\WINDOWS\SYSTEM32\dhcpcsvc6.DLL
0x00007ff84b9a0000 - 0x00007ff84b9ba000 	C:\WINDOWS\SYSTEM32\dhcpcsvc.DLL

VM Arguments:
jvm_args: -Xmx1536m -Dfile.encoding=GBK -Duser.country=CN -Duser.language=zh -Duser.variant 
java_command: org.gradle.launcher.daemon.bootstrap.GradleDaemon 4.4
java_class_path (initial): C:\Users\DELL\.gradle\wrapper\dists\gradle-4.4-all\9br9xq1tocpiv8o6njlyu5op1\gradle-4.4\lib\gradle-launcher-4.4.jar
Launcher Type: SUN_STANDARD

Environment Variables:
JAVA_HOME=C:\Program Files\Java\jdk1.8.0_101
CLASSPATH=.;C:\Program Files\Java\jdk1.8.0_101\lib\dt.jar;C:\Program Files\Java\jdk1.8.0_101\lib\tools.jar;
PATH=C:\ProgramData\Oracle\Java\javapath;C:\Program Files (x86)\Intel\iCLS Client\;C:\Program Files\Intel\iCLS Client\;C:\Windows\system32;C:\Windows;C:\Windows\System32\Wbem;C:\Windows\System32\WindowsPowerShell\v1.0\;C:\Program Files (x86)\Intel\Intel(R) Management Engine Components\DAL;C:\Program Files\Intel\Intel(R) Management Engine Components\DAL;C:\Program Files (x86)\Intel\Intel(R) Management Engine Components\IPT;C:\Program Files\Intel\Intel(R) Management Engine Components\IPT;C:\Program Files (x86)\NVIDIA Corporation\PhysX\Common;C:\WINDOWS\system32;C:\WINDOWS;C:\WINDOWS\System32\Wbem;C:\WINDOWS\System32\WindowsPowerShell\v1.0\;C:\Program Files\Java\jdk1.8.0_101\bin;C:\Program Files\Java\jdk1.8.0_101\jre\bin;C:\Git\cmd;C:\sdk\platform-tools;C:\sdk\tools;C:\Android Studio\gradle\gradle-2.14.1\bin;C:\Python27;C:\WINDOWS\System32\OpenSSH\;C:\sdk\ndk-bundle;ddm;C:\Program Files\Intel\WiFi\bin\;C:\Program Files\Common Files\Intel\WirelessCommon\;C:\Users\DELL\AppData\Local\Microsoft\WindowsApps;
USERNAME=DELL
OS=Windows_NT
PROCESSOR_IDENTIFIER=Intel64 Family 6 Model 94 Stepping 3, GenuineIntel



---------------  S Y S T E M  ---------------

OS: Windows 10.0 , 64 bit Build 17134 (10.0.17134.1)

CPU:total 8 (initial active 8) (4 cores per cpu, 2 threads per core) family 6 model 94 stepping 3, cmov, cx8, fxsr, mmx, sse, sse2, sse3, ssse3, sse4.1, sse4.2, popcnt, avx, avx2, aes, clmul, erms, rtm, 3dnowpref, lzcnt, ht, tsc, tscinvbit, bmi1, bmi2, adx

Memory: 4k page, physical 16601876k(4812372k free), swap 17650452k(10944k free)

vm_info: OpenJDK 64-Bit Server VM (25.152-b02) for windows-amd64 JRE (1.8.0_152-release-1024-b02), built by "builder" with MS VC++ 10.0 (VS2010)

time: Wed Jan 02 15:53:28 2019
elapsed time: 12 seconds (0d 0h 0m 12s)

