#
# There is insufficient memory for the Java Runtime Environment to continue.
# Native memory allocation (malloc) failed to allocate 1238256 bytes for Chunk::new
# Possible reasons:
#   The system is out of physical RAM or swap space
#   In 32 bit mode, the process size limit was hit
# Possible solutions:
#   Reduce memory load on the system
#   Increase physical memory or swap space
#   Check if swap backing store is full
#   Use 64 bit Java on a 64 bit OS
#   Decrease Java heap size (-Xmx/-Xms)
#   Decrease number of Java threads
#   Decrease Java thread stack sizes (-Xss)
#   Set larger code cache with -XX:ReservedCodeCacheSize=
# This output file may be truncated or incomplete.
#
#  Out of Memory Error (allocation.cpp:390), pid=4500, tid=0x000000000000299c
#
# JRE version: OpenJDK Runtime Environment (8.0_152-b02) (build 1.8.0_152-release-1024-b02)
# Java VM: OpenJDK 64-Bit Server VM (25.152-b02 mixed mode windows-amd64 compressed oops)
# Failed to write core dump. Minidumps are not enabled by default on client versions of Windows
#

---------------  T H R E A D  ---------------

Current thread (0x00000000166fb000):  JavaThread "C2 CompilerThread1" daemon [_thread_in_native, id=10652, stack(0x0000000018dd0000,0x0000000018ed0000)]

Stack: [0x0000000018dd0000,0x0000000018ed0000]
[error occurred during error reporting (printing stack bounds), id 0xc0000005]

Native frames: (J=compiled Java code, j=interpreted, Vv=VM code, C=native code)


Current CompileTask:
C2:  12813 7640   !   4       java.net.URLClassLoader$1::run (63 bytes)


---------------  P R O C E S S  ---------------

Java Threads: ( => current thread )
  0x0000000019886800 JavaThread "Task worker for ':' Thread 7" [_thread_in_native, id=1080, stack(0x00000000243d0000,0x00000000244d0000)]
  0x0000000019882800 JavaThread "Task worker for ':' Thread 6" [_thread_blocked, id=18308, stack(0x00000000242d0000,0x00000000243d0000)]
  0x0000000019883800 JavaThread "Task worker for ':' Thread 5" [_thread_blocked, id=15272, stack(0x00000000241d0000,0x00000000242d0000)]
  0x0000000019882000 JavaThread "Task worker for ':' Thread 4" [_thread_blocked, id=14164, stack(0x00000000240d0000,0x00000000241d0000)]
  0x0000000019885800 JavaThread "Task worker for ':' Thread 3" [_thread_blocked, id=3180, stack(0x0000000023fd0000,0x00000000240d0000)]
  0x000000001a5a3800 JavaThread "Task worker for ':' Thread 2" [_thread_blocked, id=8808, stack(0x0000000023ed0000,0x0000000023fd0000)]
  0x000000001ea22800 JavaThread "Task worker for ':'" [_thread_blocked, id=16544, stack(0x0000000023dd0000,0x0000000023ed0000)]
  0x000000001ea24000 JavaThread "Cache worker for Build Output Cleanup Cache (D:\xwwworkspace\code\DevResCollect\.gradle\buildOutputCleanup)" [_thread_blocked, id=12204, stack(0x0000000023810000,0x0000000023910000)]
  0x000000001ea21800 JavaThread "Cache worker for task history cache (D:\xwwworkspace\code\DevResCollect\.gradle\4.4\taskHistory)" [_thread_blocked, id=12620, stack(0x0000000023710000,0x0000000023810000)]
  0x000000001ea27800 JavaThread "Cache worker for file content cache (D:\xwwworkspace\code\DevResCollect\.gradle\4.4\fileContent)" [_thread_blocked, id=12008, stack(0x0000000023610000,0x0000000023710000)]
  0x000000001ea24800 JavaThread "Memory manager" [_thread_blocked, id=15148, stack(0x00000000228f0000,0x00000000229f0000)]
  0x000000001ea1e800 JavaThread "build operations Thread 8" [_thread_blocked, id=15932, stack(0x00000000223f0000,0x00000000224f0000)]
  0x000000001ea20000 JavaThread "build operations Thread 7" [_thread_blocked, id=11008, stack(0x00000000222f0000,0x00000000223f0000)]
  0x000000001ea1a000 JavaThread "build operations Thread 6" [_thread_blocked, id=16568, stack(0x00000000221f0000,0x00000000222f0000)]
  0x000000001ea1f800 JavaThread "build operations Thread 5" [_thread_blocked, id=8112, stack(0x00000000220f0000,0x00000000221f0000)]
  0x000000001ea1e000 JavaThread "build operations Thread 4" [_thread_blocked, id=19756, stack(0x0000000021ff0000,0x00000000220f0000)]
  0x000000001ea1d000 JavaThread "build operations Thread 3" [_thread_blocked, id=5056, stack(0x0000000021ef0000,0x0000000021ff0000)]
  0x000000001ea1c800 JavaThread "build operations Thread 2" [_thread_blocked, id=6936, stack(0x0000000021df0000,0x0000000021ef0000)]
  0x000000001ea18800 JavaThread "build operations" [_thread_blocked, id=6464, stack(0x0000000021cf0000,0x0000000021df0000)]
  0x000000001a5a2000 JavaThread "Cache worker for Artifact transforms cache (C:\Users\DELL\.gradle\caches\transforms-1)" [_thread_blocked, id=13404, stack(0x000000001dcf0000,0x000000001ddf0000)]
  0x000000001a5a6800 JavaThread "Cache worker for file hash cache (D:\xwwworkspace\code\DevResCollect\.gradle\4.4\fileHashes)" [_thread_blocked, id=6564, stack(0x000000001cc20000,0x000000001cd20000)]
  0x000000001a5a8000 JavaThread "File lock request listener" [_thread_in_native, id=10320, stack(0x000000001bb50000,0x000000001bc50000)]
  0x000000001a5a5000 JavaThread "Cache worker for file hash cache (C:\Users\DELL\.gradle\caches\4.4\fileHashes)" [_thread_blocked, id=2412, stack(0x000000001ba50000,0x000000001bb50000)]
  0x000000001a4c1000 JavaThread "Stdin handler" [_thread_blocked, id=15076, stack(0x000000001b750000,0x000000001b850000)]
  0x000000001a4c0000 JavaThread "Asynchronous log dispatcher for DefaultDaemonConnection: socket connection from /127.0.0.1:54744 to /127.0.0.1:54745" [_thread_blocked, id=12872, stack(0x000000001b550000,0x000000001b650000)]
  0x000000001a4b3800 JavaThread "Daemon worker" [_thread_blocked, id=10576, stack(0x000000001b450000,0x000000001b550000)]
  0x000000001a4b3000 JavaThread "Cancel handler" [_thread_blocked, id=18188, stack(0x000000001b350000,0x000000001b450000)]
  0x000000001a4ab800 JavaThread "Handler for socket connection from /127.0.0.1:54744 to /127.0.0.1:54745" [_thread_in_native, id=11584, stack(0x000000001b050000,0x000000001b150000)]
  0x000000001a406800 JavaThread "Daemon" [_thread_blocked, id=18756, stack(0x000000001af50000,0x000000001b050000)]
  0x000000001a3fe800 JavaThread "Daemon periodic checks" [_thread_blocked, id=15480, stack(0x000000001ae50000,0x000000001af50000)]
  0x000000001a33f000 JavaThread "Incoming local TCP Connector on port 54744" [_thread_in_native, id=15640, stack(0x000000001aca0000,0x000000001ada0000)]
  0x00000000186f7000 JavaThread "Service Thread" daemon [_thread_blocked, id=13352, stack(0x00000000190d0000,0x00000000191d0000)]
  0x00000000166fe800 JavaThread "C1 CompilerThread3" daemon [_thread_blocked, id=17092, stack(0x0000000018fd0000,0x00000000190d0000)]
  0x000000001866a000 JavaThread "C2 CompilerThread2" daemon [_thread_in_native, id=548, stack(0x0000000018ed0000,0x0000000018fd0000)]
=>0x00000000166fb000 JavaThread "C2 CompilerThread1" daemon [_thread_in_native, id=10652, stack(0x0000000018dd0000,0x0000000018ed0000)]
  0x0000000018660000 JavaThread "C2 CompilerThread0" daemon [_thread_in_native, id=18592, stack(0x0000000018cd0000,0x0000000018dd0000)]
  0x000000001865f000 JavaThread "Attach Listener" daemon [_thread_blocked, id=14152, stack(0x0000000018bd0000,0x0000000018cd0000)]
  0x000000001860d000 JavaThread "Signal Dispatcher" daemon [_thread_blocked, id=20056, stack(0x0000000018ad0000,0x0000000018bd0000)]
  0x00000000185f0800 JavaThread "Finalizer" daemon [_thread_blocked, id=4484, stack(0x00000000189d0000,0x0000000018ad0000)]
  0x0000000002928800 JavaThread "Reference Handler" daemon [_thread_blocked, id=16388, stack(0x00000000184d0000,0x00000000185d0000)]
  0x00000000022de000 JavaThread "main" [_thread_blocked, id=10776, stack(0x0000000002730000,0x0000000002830000)]

Other Threads:
  0x00000000166e4800 VMThread [stack: 0x00000000183d0000,0x00000000184d0000] [id=19604]
  0x0000000018700000 WatcherThread [stack: 0x00000000191d0000,0x00000000192d0000] [id=5028]

VM state:not at safepoint (normal execution)

VM Mutex/Monitor currently owned by a thread: None

Heap:
 PSYoungGen      total 173056K, used 44793K [0x00000000e0000000, 0x00000000edc80000, 0x0000000100000000)
  eden space 161792K, 20% used [0x00000000e0000000,0x00000000e20c5050,0x00000000e9e00000)
  from space 11264K, 99% used [0x00000000ea980000,0x00000000eb4794f0,0x00000000eb480000)
  to   space 11776K, 0% used [0x00000000e9e00000,0x00000000e9e00000,0x00000000ea980000)
 ParOldGen       total 100352K, used 43471K [0x00000000a0000000, 0x00000000a6200000, 0x00000000e0000000)
  object space 100352K, 43% used [0x00000000a0000000,0x00000000a2a73fe0,0x00000000a6200000)
 Metaspace       used 56684K, capacity 58834K, committed 58968K, reserved 1099776K
  class space    used 7686K, capacity 8253K, committed 8320K, reserved 1048576K

Card table byte_map: [0x0000000011cf0000,0x0000000012000000] byte_map_base: 0x00000000117f0000

Marking Bits: (ParMarkBitMap*) 0x000000006a084970
 Begin Bits: [0x0000000012a00000, 0x0000000014200000)
 End Bits:   [0x0000000014200000, 0x0000000015a00000)

Polling page: 0x00000000009e0000

CodeCache: size=245760Kb used=22761Kb max_used=23548Kb free=222998Kb
 bounds [0x0000000002930000, 0x0000000004050000, 0x0000000011930000]
 total_blobs=7622 nmethods=6851 adapters=684
 compilation: enabled

Compilation events (10 events):
Event: 12.622 Thread 0x00000000166fe800 nmethod 7636% 0x0000000003211950 code [0x0000000003212320, 0x0000000003218f28]
Event: 12.623 Thread 0x00000000166fb000 nmethod 7630 0x000000000361fcd0 code [0x000000000361fe80, 0x0000000003620d38]
Event: 12.629 Thread 0x0000000018660000 7638       4       java.net.URLClassLoader$1::run (5 bytes)
Event: 12.632 Thread 0x00000000166fb000 7639       4       java.lang.String::equalsIgnoreCase (48 bytes)
Event: 12.642 Thread 0x00000000166fb000 nmethod 7639 0x000000000375d490 code [0x000000000375d600, 0x000000000375dd18]
Event: 12.642 Thread 0x00000000166fb000 7640   !   4       java.net.URLClassLoader$1::run (63 bytes)
Event: 12.642 Thread 0x00000000166fe800 7641       3       java.lang.Thread::isInterrupted (6 bytes)
Event: 12.642 Thread 0x00000000166fe800 nmethod 7641 0x0000000002ea53d0 code [0x0000000002ea5540, 0x0000000002ea56c8]
Event: 12.657 Thread 0x00000000166fe800 7643       2       java.net.URLStreamHandler::sameFile (136 bytes)
Event: 12.658 Thread 0x00000000166fe800 nmethod 7643 0x0000000002ea4c50 code [0x0000000002ea4e00, 0x0000000002ea5128]

GC Heap History (10 events):
Event: 6.782 GC heap before
{Heap before GC invocations=6 (full 1):
 PSYoungGen      total 111616K, used 111234K [0x00000000e0000000, 0x00000000e9180000, 0x0000000100000000)
  eden space 103424K, 100% used [0x00000000e0000000,0x00000000e6500000,0x00000000e6500000)
  from space 8192K, 95% used [0x00000000e8980000,0x00000000e91208a8,0x00000000e9180000)
  to   space 10752K, 0% used [0x00000000e7c80000,0x00000000e7c80000,0x00000000e8700000)
 ParOldGen       total 100352K, used 8797K [0x00000000a0000000, 0x00000000a6200000, 0x00000000e0000000)
  object space 100352K, 8% used [0x00000000a0000000,0x00000000a08976e0,0x00000000a6200000)
 Metaspace       used 30957K, capacity 31594K, committed 31872K, reserved 1077248K
  class space    used 4218K, capacity 4422K, committed 4480K, reserved 1048576K
Event: 6.792 GC heap after
Heap after GC invocations=6 (full 1):
 PSYoungGen      total 138240K, used 9235K [0x00000000e0000000, 0x00000000eb480000, 0x0000000100000000)
  eden space 127488K, 0% used [0x00000000e0000000,0x00000000e0000000,0x00000000e7c80000)
  from space 10752K, 85% used [0x00000000e7c80000,0x00000000e8584f08,0x00000000e8700000)
  to   space 11264K, 0% used [0x00000000ea980000,0x00000000ea980000,0x00000000eb480000)
 ParOldGen       total 100352K, used 8869K [0x00000000a0000000, 0x00000000a6200000, 0x00000000e0000000)
  object space 100352K, 8% used [0x00000000a0000000,0x00000000a08a96f0,0x00000000a6200000)
 Metaspace       used 30957K, capacity 31594K, committed 31872K, reserved 1077248K
  class space    used 4218K, capacity 4422K, committed 4480K, reserved 1048576K
}
Event: 7.938 GC heap before
{Heap before GC invocations=7 (full 1):
 PSYoungGen      total 138240K, used 63156K [0x00000000e0000000, 0x00000000eb480000, 0x0000000100000000)
  eden space 127488K, 42% used [0x00000000e0000000,0x00000000e34a8198,0x00000000e7c80000)
  from space 10752K, 85% used [0x00000000e7c80000,0x00000000e8584f08,0x00000000e8700000)
  to   space 11264K, 0% used [0x00000000ea980000,0x00000000ea980000,0x00000000eb480000)
 ParOldGen       total 100352K, used 8869K [0x00000000a0000000, 0x00000000a6200000, 0x00000000e0000000)
  object space 100352K, 8% used [0x00000000a0000000,0x00000000a08a96f0,0x00000000a6200000)
 Metaspace       used 34549K, capacity 35374K, committed 35416K, reserved 1079296K
  class space    used 4727K, capacity 4984K, committed 4992K, reserved 1048576K
Event: 7.952 GC heap after
Heap after GC invocations=7 (full 1):
 PSYoungGen      total 173056K, used 10892K [0x00000000e0000000, 0x00000000edc80000, 0x0000000100000000)
  eden space 161792K, 0% used [0x00000000e0000000,0x00000000e0000000,0x00000000e9e00000)
  from space 11264K, 96% used [0x00000000ea980000,0x00000000eb423278,0x00000000eb480000)
  to   space 11776K, 0% used [0x00000000e9e00000,0x00000000e9e00000,0x00000000ea980000)
 ParOldGen       total 100352K, used 8877K [0x00000000a0000000, 0x00000000a6200000, 0x00000000e0000000)
  object space 100352K, 8% used [0x00000000a0000000,0x00000000a08ab6f0,0x00000000a6200000)
 Metaspace       used 34549K, capacity 35374K, committed 35416K, reserved 1079296K
  class space    used 4727K, capacity 4984K, committed 4992K, reserved 1048576K
}
Event: 7.953 GC heap before
{Heap before GC invocations=8 (full 2):
 PSYoungGen      total 173056K, used 10892K [0x00000000e0000000, 0x00000000edc80000, 0x0000000100000000)
  eden space 161792K, 0% used [0x00000000e0000000,0x00000000e0000000,0x00000000e9e00000)
  from space 11264K, 96% used [0x00000000ea980000,0x00000000eb423278,0x00000000eb480000)
  to   space 11776K, 0% used [0x00000000e9e00000,0x00000000e9e00000,0x00000000ea980000)
 ParOldGen       total 100352K, used 8877K [0x00000000a0000000, 0x00000000a6200000, 0x00000000e0000000)
  object space 100352K, 8% used [0x00000000a0000000,0x00000000a08ab6f0,0x00000000a6200000)
 Metaspace       used 34549K, capacity 35374K, committed 35416K, reserved 1079296K
  class space    used 4727K, capacity 4984K, committed 4992K, reserved 1048576K
Event: 8.014 GC heap after
Heap after GC invocations=8 (full 2):
 PSYoungGen      total 173056K, used 0K [0x00000000e0000000, 0x00000000edc80000, 0x0000000100000000)
  eden space 161792K, 0% used [0x00000000e0000000,0x00000000e0000000,0x00000000e9e00000)
  from space 11264K, 0% used [0x00000000ea980000,0x00000000ea980000,0x00000000eb480000)
  to   space 11776K, 0% used [0x00000000e9e00000,0x00000000e9e00000,0x00000000ea980000)
 ParOldGen       total 100352K, used 17646K [0x00000000a0000000, 0x00000000a6200000, 0x00000000e0000000)
  object space 100352K, 17% used [0x00000000a0000000,0x00000000a113ba48,0x00000000a6200000)
 Metaspace       used 34549K, capacity 35374K, committed 35416K, reserved 1079296K
  class space    used 4727K, capacity 4984K, committed 4992K, reserved 1048576K
}
Event: 9.955 GC heap before
{Heap before GC invocations=9 (full 2):
 PSYoungGen      total 173056K, used 161792K [0x00000000e0000000, 0x00000000edc80000, 0x0000000100000000)
  eden space 161792K, 100% used [0x00000000e0000000,0x00000000e9e00000,0x00000000e9e00000)
  from space 11264K, 0% used [0x00000000ea980000,0x00000000ea980000,0x00000000eb480000)
  to   space 11776K, 0% used [0x00000000e9e00000,0x00000000e9e00000,0x00000000ea980000)
 ParOldGen       total 100352K, used 17646K [0x00000000a0000000, 0x00000000a6200000, 0x00000000e0000000)
  object space 100352K, 17% used [0x00000000a0000000,0x00000000a113ba48,0x00000000a6200000)
 Metaspace       used 47124K, capacity 48250K, committed 48472K, reserved 1091584K
  class space    used 6368K, capacity 6681K, committed 6784K, reserved 1048576K
Event: 9.977 GC heap after
Heap after GC invocations=9 (full 2):
 PSYoungGen      total 173568K, used 11761K [0x00000000e0000000, 0x00000000edc80000, 0x0000000100000000)
  eden space 161792K, 0% used [0x00000000e0000000,0x00000000e0000000,0x00000000e9e00000)
  from space 11776K, 99% used [0x00000000e9e00000,0x00000000ea97c400,0x00000000ea980000)
  to   space 11264K, 0% used [0x00000000ea980000,0x00000000ea980000,0x00000000eb480000)
 ParOldGen       total 100352K, used 23919K [0x00000000a0000000, 0x00000000a6200000, 0x00000000e0000000)
  object space 100352K, 23% used [0x00000000a0000000,0x00000000a175bfb8,0x00000000a6200000)
 Metaspace       used 47124K, capacity 48250K, committed 48472K, reserved 1091584K
  class space    used 6368K, capacity 6681K, committed 6784K, reserved 1048576K
}
Event: 12.314 GC heap before
{Heap before GC invocations=10 (full 2):
 PSYoungGen      total 173568K, used 173553K [0x00000000e0000000, 0x00000000edc80000, 0x0000000100000000)
  eden space 161792K, 100% used [0x00000000e0000000,0x00000000e9e00000,0x00000000e9e00000)
  from space 11776K, 99% used [0x00000000e9e00000,0x00000000ea97c400,0x00000000ea980000)
  to   space 11264K, 0% used [0x00000000ea980000,0x00000000ea980000,0x00000000eb480000)
 ParOldGen       total 100352K, used 23919K [0x00000000a0000000, 0x00000000a6200000, 0x00000000e0000000)
  object space 100352K, 23% used [0x00000000a0000000,0x00000000a175bfb8,0x00000000a6200000)
 Metaspace       used 54550K, capacity 56646K, committed 56792K, reserved 1097728K
  class space    used 7382K, capacity 7917K, committed 7936K, reserved 1048576K
Event: 12.335 GC heap after
Heap after GC invocations=10 (full 2):
 PSYoungGen      total 173056K, used 11237K [0x00000000e0000000, 0x00000000edc80000, 0x0000000100000000)
  eden space 161792K, 0% used [0x00000000e0000000,0x00000000e0000000,0x00000000e9e00000)
  from space 11264K, 99% used [0x00000000ea980000,0x00000000eb4794f0,0x00000000eb480000)
  to   space 11776K, 0% used [0x00000000e9e00000,0x00000000e9e00000,0x00000000ea980000)
 ParOldGen       total 100352K, used 43471K [0x00000000a0000000, 0x00000000a6200000, 0x00000000e0000000)
  object space 100352K, 43% used [0x00000000a0000000,0x00000000a2a73fe0,0x00000000a6200000)
 Metaspace       used 54550K, capacity 56646K, committed 56792K, reserved 1097728K
  class space    used 7382K, capacity 7917K, committed 7936K, reserved 1048576K
}

Deoptimization events (10 events):
Event: 12.443 Thread 0x0000000019886800 Uncommon trap: reason=bimorphic action=maybe_recompile pc=0x0000000003ca76e0 method=com.google.common.collect.NaturalOrdering.compare(Ljava/lang/Comparable;Ljava/lang/Comparable;)I @ 12
Event: 12.454 Thread 0x0000000019886800 Uncommon trap: reason=class_check action=maybe_recompile pc=0x0000000003e2078c method=org.gradle.api.internal.DefaultDomainObjectCollection.isEmpty()Z @ 1
Event: 12.454 Thread 0x0000000019886800 Uncommon trap: reason=class_check action=maybe_recompile pc=0x0000000003e2078c method=org.gradle.api.internal.DefaultDomainObjectCollection.isEmpty()Z @ 1
Event: 12.454 Thread 0x0000000019886800 Uncommon trap: reason=class_check action=maybe_recompile pc=0x0000000003e2078c method=org.gradle.api.internal.DefaultDomainObjectCollection.isEmpty()Z @ 1
Event: 12.571 Thread 0x0000000019886800 Uncommon trap: reason=unstable_if action=reinterpret pc=0x0000000002d59130 method=java.lang.String.regionMatches(ZILjava/lang/String;II)Z @ 123
Event: 12.571 Thread 0x0000000019886800 Uncommon trap: reason=unstable_if action=reinterpret pc=0x00000000030f4d10 method=java.lang.String.regionMatches(ZILjava/lang/String;II)Z @ 123
Event: 12.575 Thread 0x0000000019886800 Uncommon trap: reason=null_check action=make_not_entrant pc=0x00000000031f9a74 method=java.net.URL.getURLStreamHandler(Ljava/lang/String;)Ljava/net/URLStreamHandler; @ 7
Event: 12.605 Thread 0x0000000019886800 Uncommon trap: reason=unstable_if action=reinterpret pc=0x0000000003b4eeb8 method=java.lang.CharacterData.of(I)Ljava/lang/CharacterData; @ 4
Event: 12.617 Thread 0x0000000019886800 Uncommon trap: reason=unstable_if action=reinterpret pc=0x00000000031d7664 method=java.lang.Character.isSurrogate(C)Z @ 3
Event: 12.714 Thread 0x0000000019886800 Uncommon trap: reason=unstable_if action=reinterpret pc=0x0000000002e6e2e8 method=java.net.URI$Parser.scan(IILjava/lang/String;Ljava/lang/String;)I @ 23

Classes redefined (0 events):
No events

Internal exceptions (10 events):
Event: 12.147 Thread 0x000000001a4b3800 Exception <a 'java/lang/ClassNotFoundException': org/gradle/model/internal/core/ModelMapGroovyViewBeanInfo> (0x00000000e8e4be48) thrown at [D:\src\AOSP-openjdk-cygwin\jdk8u\hotspot\src\share\vm\classfile\systemDictionary.cpp, line 210]
Event: 12.147 Thread 0x000000001a4b3800 Exception <a 'java/lang/ClassNotFoundException': org/gradle/model/internal/core/ModelMapGroovyViewCustomizer> (0x00000000e8e60c60) thrown at [D:\src\AOSP-openjdk-cygwin\jdk8u\hotspot\src\share\vm\classfile\systemDictionary.cpp, line 210]
Event: 12.147 Thread 0x000000001a4b3800 Exception <a 'java/lang/ClassNotFoundException': org/gradle/model/internal/core/NodeBackedModelMapCustomizer> (0x00000000e8e890a0) thrown at [D:\src\AOSP-openjdk-cygwin\jdk8u\hotspot\src\share\vm\classfile\systemDictionary.cpp, line 210]
Event: 12.149 Thread 0x000000001a4b3800 Exception <a 'java/lang/ClassNotFoundException': org/gradle/platform/base/BinaryContainer_ImplCustomizer> (0x00000000e8eec7b8) thrown at [D:\src\AOSP-openjdk-cygwin\jdk8u\hotspot\src\share\vm\classfile\systemDictionary.cpp, line 210]
Event: 12.341 Thread 0x0000000019886800 Exception <a 'java/lang/NoSuchMethodError': <clinit>> (0x00000000e04314c8) thrown at [D:\src\AOSP-openjdk-cygwin\jdk8u\hotspot\src\share\vm\prims\jni.cpp, line 1613]
Event: 12.342 Thread 0x0000000019886800 Exception <a 'java/lang/NoSuchMethodError': <clinit>> (0x00000000e043c748) thrown at [D:\src\AOSP-openjdk-cygwin\jdk8u\hotspot\src\share\vm\prims\jni.cpp, line 1613]
Event: 12.358 Thread 0x0000000019886800 Exception <a 'java/lang/NoSuchMethodError': <clinit>> (0x00000000e0515848) thrown at [D:\src\AOSP-openjdk-cygwin\jdk8u\hotspot\src\share\vm\prims\jni.cpp, line 1613]
Event: 12.359 Thread 0x0000000019886800 Exception <a 'java/lang/NoSuchMethodError': <clinit>> (0x00000000e0528650) thrown at [D:\src\AOSP-openjdk-cygwin\jdk8u\hotspot\src\share\vm\prims\jni.cpp, line 1613]
Event: 12.359 Thread 0x0000000019886800 Exception <a 'java/lang/NoSuchMethodError': <clinit>> (0x00000000e0529f00) thrown at [D:\src\AOSP-openjdk-cygwin\jdk8u\hotspot\src\share\vm\prims\jni.cpp, line 1613]
Event: 12.575 Thread 0x0000000019886800 Implicit null exception at 0x00000000031f7898 to 0x00000000031f9a69

Events (10 events):
Event: 12.751 loading class sun/net/InetAddressCachePolicy$1
Event: 12.751 loading class sun/net/InetAddressCachePolicy$1 done
Event: 12.751 loading class sun/net/InetAddressCachePolicy$2
Event: 12.751 loading class sun/net/InetAddressCachePolicy$2 done
Event: 12.751 loading class java/net/InetAddress$CacheEntry
Event: 12.751 loading class java/net/InetAddress$CacheEntry done
Event: 12.792 loading class javax/net/DefaultSocketFactory
Event: 12.793 loading class javax/net/DefaultSocketFactory done
Event: 12.793 loading class java/net/SocksSocketImpl$3
Event: 12.793 loading class java/net/SocksSocketImpl$3 done


Dynamic libraries:
0x00007ff760760000 - 0x00007ff760791000 	D:\xwwworkspace\devsoft\Android\Android Studio\jre\bin\java.exe
0x00007ff856110000 - 0x00007ff8562f1000 	C:\WINDOWS\SYSTEM32\ntdll.dll
0x00007ff853eb0000 - 0x00007ff853f62000 	C:\WINDOWS\System32\KERNEL32.DLL
0x00007ff8525a0000 - 0x00007ff852813000 	C:\WINDOWS\System32\KERNELBASE.dll
0x00007ff8547f0000 - 0x00007ff854891000 	C:\WINDOWS\System32\ADVAPI32.dll
0x00007ff8546f0000 - 0x00007ff85478e000 	C:\WINDOWS\System32\msvcrt.dll
0x00007ff854790000 - 0x00007ff8547eb000 	C:\WINDOWS\System32\sechost.dll
0x00007ff854140000 - 0x00007ff854264000 	C:\WINDOWS\System32\RPCRT4.dll
0x00007ff853ab0000 - 0x00007ff853c40000 	C:\WINDOWS\System32\USER32.dll
0x00007ff852580000 - 0x00007ff8525a0000 	C:\WINDOWS\System32\win32u.dll
0x00007ff853e20000 - 0x00007ff853e48000 	C:\WINDOWS\System32\GDI32.dll
0x00007ff8522e0000 - 0x00007ff852472000 	C:\WINDOWS\System32\gdi32full.dll
0x00007ff8524e0000 - 0x00007ff85257f000 	C:\WINDOWS\System32\msvcp_win.dll
0x00007ff8521e0000 - 0x00007ff8522da000 	C:\WINDOWS\System32\ucrtbase.dll
0x00007ff845820000 - 0x00007ff845a89000 	C:\WINDOWS\WinSxS\amd64_microsoft.windows.common-controls_6595b64144ccf1df_6.0.17134.472_none_fb3f9af53068156d\COMCTL32.dll
0x00007ff8542a0000 - 0x00007ff8545c2000 	C:\WINDOWS\System32\combase.dll
0x00007ff8528e0000 - 0x00007ff85295a000 	C:\WINDOWS\System32\bcryptPrimitives.dll
0x00007ff8545d0000 - 0x00007ff8545fd000 	C:\WINDOWS\System32\IMM32.DLL
0x000000006a2a0000 - 0x000000006a372000 	D:\xwwworkspace\devsoft\Android\Android Studio\jre\jre\bin\msvcr100.dll
0x00000000698c0000 - 0x000000006a0ff000 	D:\xwwworkspace\devsoft\Android\Android Studio\jre\jre\bin\server\jvm.dll
0x00007ff852b50000 - 0x00007ff852b73000 	C:\WINDOWS\System32\WINMM.dll
0x00007ff8521b0000 - 0x00007ff8521da000 	C:\WINDOWS\System32\WINMMBASE.dll
0x00007ff853290000 - 0x00007ff8532d9000 	C:\WINDOWS\System32\cfgmgr32.dll
0x00007ff8548a0000 - 0x00007ff8548a8000 	C:\WINDOWS\System32\PSAPI.DLL
0x00007ff850e60000 - 0x00007ff850e69000 	C:\WINDOWS\SYSTEM32\WSOCK32.dll
0x00007ff8540a0000 - 0x00007ff85410c000 	C:\WINDOWS\System32\WS2_32.dll
0x00007ff84f8d0000 - 0x00007ff84f8da000 	C:\WINDOWS\SYSTEM32\VERSION.dll
0x00007ff84df70000 - 0x00007ff84df7f000 	D:\xwwworkspace\devsoft\Android\Android Studio\jre\jre\bin\verify.dll
0x00007ff843d70000 - 0x00007ff843d99000 	D:\xwwworkspace\devsoft\Android\Android Studio\jre\jre\bin\java.dll
0x00007ff84cea0000 - 0x00007ff84ceb6000 	D:\xwwworkspace\devsoft\Android\Android Studio\jre\jre\bin\zip.dll
0x00007ff854ab0000 - 0x00007ff855ef0000 	C:\WINDOWS\System32\SHELL32.dll
0x00007ff853f70000 - 0x00007ff854019000 	C:\WINDOWS\System32\shcore.dll
0x00007ff852b80000 - 0x00007ff85328d000 	C:\WINDOWS\System32\windows.storage.dll
0x00007ff854950000 - 0x00007ff8549a1000 	C:\WINDOWS\System32\shlwapi.dll
0x00007ff852170000 - 0x00007ff852181000 	C:\WINDOWS\System32\kernel.appcore.dll
0x00007ff852190000 - 0x00007ff8521af000 	C:\WINDOWS\System32\profapi.dll
0x00007ff8532e0000 - 0x00007ff85332c000 	C:\WINDOWS\System32\powrprof.dll
0x00007ff852160000 - 0x00007ff85216a000 	C:\WINDOWS\System32\FLTLIB.DLL
0x00007ff84c190000 - 0x00007ff84c1aa000 	D:\xwwworkspace\devsoft\Android\Android Studio\jre\jre\bin\net.dll
0x00007ff8519c0000 - 0x00007ff851a26000 	C:\WINDOWS\system32\mswsock.dll
0x00007ff84ba80000 - 0x00007ff84ba91000 	D:\xwwworkspace\devsoft\Android\Android Studio\jre\jre\bin\nio.dll
0x00007ff84dfa0000 - 0x00007ff84dfbe000 	C:\Users\DELL\.gradle\native\25\windows-amd64\native-platform.dll
0x00007ff84d3d0000 - 0x00007ff84d3dd000 	D:\xwwworkspace\devsoft\Android\Android Studio\jre\jre\bin\management.dll
0x00007ff851b70000 - 0x00007ff851b87000 	C:\WINDOWS\SYSTEM32\CRYPTSP.dll
0x00007ff8515a0000 - 0x00007ff8515d3000 	C:\WINDOWS\system32\rsaenh.dll
0x00007ff851ca0000 - 0x00007ff851cc5000 	C:\WINDOWS\SYSTEM32\bcrypt.dll
0x00007ff852040000 - 0x00007ff852068000 	C:\WINDOWS\SYSTEM32\USERENV.dll
0x00007ff851b90000 - 0x00007ff851b9b000 	C:\WINDOWS\SYSTEM32\CRYPTBASE.dll
0x00007ff851740000 - 0x00007ff851778000 	C:\WINDOWS\SYSTEM32\IPHLPAPI.DLL
0x00007ff854270000 - 0x00007ff854278000 	C:\WINDOWS\System32\NSI.dll
0x00007ff84b790000 - 0x00007ff84b7a6000 	C:\WINDOWS\SYSTEM32\dhcpcsvc6.DLL
0x00007ff84b9a0000 - 0x00007ff84b9ba000 	C:\WINDOWS\SYSTEM32\dhcpcsvc.DLL
0x00007ff82b510000 - 0x00007ff82b534000 	D:\xwwworkspace\devsoft\Android\Android Studio\jre\jre\bin\sunec.dll
0x00007ff851780000 - 0x00007ff85183e000 	C:\WINDOWS\SYSTEM32\DNSAPI.dll
0x00007ff840ce0000 - 0x00007ff840cea000 	C:\Windows\System32\rasadhlp.dll
0x00007ff8452d0000 - 0x00007ff845342000 	C:\WINDOWS\System32\fwpuclnt.dll

VM Arguments:
jvm_args: -Xmx1536m -Dfile.encoding=GBK -Duser.country=CN -Duser.language=zh -Duser.variant 
java_command: org.gradle.launcher.daemon.bootstrap.GradleDaemon 4.4
java_class_path (initial): C:\Users\DELL\.gradle\wrapper\dists\gradle-4.4-all\9br9xq1tocpiv8o6njlyu5op1\gradle-4.4\lib\gradle-launcher-4.4.jar
Launcher Type: SUN_STANDARD

Environment Variables:
JAVA_HOME=C:\Program Files\Java\jdk1.8.0_101
CLASSPATH=.;C:\Program Files\Java\jdk1.8.0_101\lib\dt.jar;C:\Program Files\Java\jdk1.8.0_101\lib\tools.jar;
PATH=C:\ProgramData\Oracle\Java\javapath;C:\Program Files (x86)\Intel\iCLS Client\;C:\Program Files\Intel\iCLS Client\;C:\Windows\system32;C:\Windows;C:\Windows\System32\Wbem;C:\Windows\System32\WindowsPowerShell\v1.0\;C:\Program Files (x86)\Intel\Intel(R) Management Engine Components\DAL;C:\Program Files\Intel\Intel(R) Management Engine Components\DAL;C:\Program Files (x86)\Intel\Intel(R) Management Engine Components\IPT;C:\Program Files\Intel\Intel(R) Management Engine Components\IPT;C:\Program Files (x86)\NVIDIA Corporation\PhysX\Common;C:\WINDOWS\system32;C:\WINDOWS;C:\WINDOWS\System32\Wbem;C:\WINDOWS\System32\WindowsPowerShell\v1.0\;C:\Program Files\Java\jdk1.8.0_101\bin;C:\Program Files\Java\jdk1.8.0_101\jre\bin;C:\Git\cmd;C:\sdk\platform-tools;C:\sdk\tools;C:\Android Studio\gradle\gradle-2.14.1\bin;C:\Python27;C:\WINDOWS\System32\OpenSSH\;C:\sdk\ndk-bundle;ddm;C:\Program Files\Intel\WiFi\bin\;C:\Program Files\Common Files\Intel\WirelessCommon\;C:\Users\DELL\AppData\Local\Microsoft\WindowsApps;
USERNAME=DELL
OS=Windows_NT
PROCESSOR_IDENTIFIER=Intel64 Family 6 Model 94 Stepping 3, GenuineIntel



---------------  S Y S T E M  ---------------

OS: Windows 10.0 , 64 bit Build 17134 (10.0.17134.1)

CPU:total 8 (initial active 8) (4 cores per cpu, 2 threads per core) family 6 model 94 stepping 3, cmov, cx8, fxsr, mmx, sse, sse2, sse3, ssse3, sse4.1, sse4.2, popcnt, avx, avx2, aes, clmul, erms, rtm, 3dnowpref, lzcnt, ht, tsc, tscinvbit, bmi1, bmi2, adx

Memory: 4k page, physical 16601876k(5197832k free), swap 17650452k(6844k free)

vm_info: OpenJDK 64-Bit Server VM (25.152-b02) for windows-amd64 JRE (1.8.0_152-release-1024-b02), built by "builder" with MS VC++ 10.0 (VS2010)

time: Wed Jan 02 15:56:48 2019
elapsed time: 12 seconds (0d 0h 0m 12s)

