#
# There is insufficient memory for the Java Runtime Environment to continue.
# Native memory allocation (malloc) failed to allocate 32744 bytes for ChunkPool::allocate
# Possible reasons:
#   The system is out of physical RAM or swap space
#   In 32 bit mode, the process size limit was hit
# Possible solutions:
#   Reduce memory load on the system
#   Increase physical memory or swap space
#   Check if swap backing store is full
#   Use 64 bit Java on a 64 bit OS
#   Decrease Java heap size (-Xmx/-Xms)
#   Decrease number of Java threads
#   Decrease Java thread stack sizes (-Xss)
#   Set larger code cache with -XX:ReservedCodeCacheSize=
# This output file may be truncated or incomplete.
#
#  Out of Memory Error (allocation.cpp:273), pid=1680, tid=0x0000000000004834
#
# JRE version: OpenJDK Runtime Environment (8.0_152-b02) (build 1.8.0_152-release-1024-b02)
# Java VM: OpenJDK 64-Bit Server VM (25.152-b02 mixed mode windows-amd64 compressed oops)
# Failed to write core dump. Minidumps are not enabled by default on client versions of Windows
#

---------------  T H R E A D  ---------------

Current thread (0x0000000018d90000):  JavaThread "C2 CompilerThread0" daemon [_thread_in_native, id=18484, stack(0x0000000019400000,0x0000000019500000)]

Stack: [0x0000000019400000,0x0000000019500000]
[error occurred during error reporting (printing stack bounds), id 0xc0000005]

Native frames: (J=compiled Java code, j=interpreted, Vv=VM code, C=native code)


Current CompileTask:
C2:   9257 4282       4       com.sun.beans.TypeResolver::resolve (37 bytes)


---------------  P R O C E S S  ---------------

Java Threads: ( => current thread )
  0x00000000204fa000 JavaThread "Memory manager" [_thread_blocked, id=16120, stack(0x0000000022f30000,0x0000000023030000)]
  0x00000000204f9000 JavaThread "build operations Thread 8" [_thread_blocked, id=14944, stack(0x0000000022a30000,0x0000000022b30000)]
  0x00000000204fd000 JavaThread "build operations Thread 7" [_thread_blocked, id=18124, stack(0x0000000022930000,0x0000000022a30000)]
  0x00000000204fd800 JavaThread "build operations Thread 6" [_thread_blocked, id=11720, stack(0x0000000022830000,0x0000000022930000)]
  0x00000000204fc000 JavaThread "build operations Thread 5" [_thread_blocked, id=6472, stack(0x0000000022730000,0x0000000022830000)]
  0x000000001ca7e800 JavaThread "build operations Thread 4" [_thread_blocked, id=1552, stack(0x0000000022630000,0x0000000022730000)]
  0x000000001ca83000 JavaThread "build operations Thread 3" [_thread_blocked, id=15404, stack(0x0000000022530000,0x0000000022630000)]
  0x000000001ca82800 JavaThread "build operations Thread 2" [_thread_blocked, id=14948, stack(0x0000000021210000,0x0000000021310000)]
  0x000000001ca7d000 JavaThread "build operations" [_thread_blocked, id=14604, stack(0x0000000021110000,0x0000000021210000)]
  0x000000001ca80000 JavaThread "Cache worker for Artifact transforms cache (C:\Users\DELL\.gradle\caches\transforms-1)" [_thread_blocked, id=1228, stack(0x000000001e570000,0x000000001e670000)]
  0x000000001c3dc000 JavaThread "Cache worker for file hash cache (D:\xwwworkspace\code\DevResCollect\.gradle\4.4\fileHashes)" [_thread_blocked, id=9548, stack(0x000000001d2a0000,0x000000001d3a0000)]
  0x000000001acf8000 JavaThread "File lock request listener" [_thread_in_native, id=2708, stack(0x000000001c1d0000,0x000000001c2d0000)]
  0x000000001ac94000 JavaThread "Cache worker for file hash cache (C:\Users\DELL\.gradle\caches\4.4\fileHashes)" [_thread_blocked, id=17232, stack(0x000000001c0d0000,0x000000001c1d0000)]
  0x000000001abf3800 JavaThread "Stdin handler" [_thread_blocked, id=15540, stack(0x000000001bdd0000,0x000000001bed0000)]
  0x000000001ac06000 JavaThread "Asynchronous log dispatcher for DefaultDaemonConnection: socket connection from /127.0.0.1:54699 to /127.0.0.1:54700" [_thread_blocked, id=18776, stack(0x000000001bbd0000,0x000000001bcd0000)]
  0x000000001abf7000 JavaThread "Daemon worker" [_thread_in_vm, id=11056, stack(0x000000001bad0000,0x000000001bbd0000)]
  0x000000001abf6000 JavaThread "Cancel handler" [_thread_blocked, id=1400, stack(0x000000001b9d0000,0x000000001bad0000)]
  0x000000001abd0000 JavaThread "Handler for socket connection from /127.0.0.1:54699 to /127.0.0.1:54700" [_thread_in_native, id=15768, stack(0x000000001b6d0000,0x000000001b7d0000)]
  0x000000001abcf000 JavaThread "Daemon" [_thread_blocked, id=10336, stack(0x000000001b5d0000,0x000000001b6d0000)]
  0x000000001aa45000 JavaThread "Daemon periodic checks" [_thread_blocked, id=16972, stack(0x000000001b4d0000,0x000000001b5d0000)]
  0x0000000019c2a000 JavaThread "Incoming local TCP Connector on port 54699" [_thread_in_native, id=16876, stack(0x000000001b3d0000,0x000000001b4d0000)]
  0x0000000018dc8800 JavaThread "Service Thread" daemon [_thread_blocked, id=1212, stack(0x0000000019800000,0x0000000019900000)]
  0x0000000018d98800 JavaThread "C1 CompilerThread3" daemon [_thread_blocked, id=17864, stack(0x0000000019700000,0x0000000019800000)]
  0x0000000018d92800 JavaThread "C2 CompilerThread2" daemon [_thread_in_native, id=7176, stack(0x0000000019600000,0x0000000019700000)]
  0x0000000018d91000 JavaThread "C2 CompilerThread1" daemon [_thread_in_native, id=17204, stack(0x0000000019500000,0x0000000019600000)]
=>0x0000000018d90000 JavaThread "C2 CompilerThread0" daemon [_thread_in_native, id=18484, stack(0x0000000019400000,0x0000000019500000)]
  0x0000000018d8f000 JavaThread "Attach Listener" daemon [_thread_blocked, id=10932, stack(0x0000000019300000,0x0000000019400000)]
  0x0000000018d3d000 JavaThread "Signal Dispatcher" daemon [_thread_blocked, id=6960, stack(0x0000000019200000,0x0000000019300000)]
  0x0000000018d20800 JavaThread "Finalizer" daemon [_thread_blocked, id=3400, stack(0x0000000019100000,0x0000000019200000)]
  0x0000000003059800 JavaThread "Reference Handler" daemon [_thread_blocked, id=9688, stack(0x0000000018c00000,0x0000000018d00000)]
  0x0000000002a1e000 JavaThread "main" [_thread_blocked, id=8180, stack(0x0000000002e60000,0x0000000002f60000)]

Other Threads:
  0x0000000016e15800 VMThread [stack: 0x0000000018b00000,0x0000000018c00000] [id=14672]
  0x0000000018dc9800 WatcherThread [stack: 0x0000000019900000,0x0000000019a00000] [id=12260]

VM state:not at safepoint (normal execution)

VM Mutex/Monitor currently owned by a thread: None

Heap:
 PSYoungGen      total 114176K, used 42953K [0x00000000e0000000, 0x00000000eb600000, 0x0000000100000000)
  eden space 100864K, 31% used [0x00000000e0000000,0x00000000e1f17720,0x00000000e6280000)
  from space 13312K, 83% used [0x00000000e6280000,0x00000000e6d5b078,0x00000000e6f80000)
  to   space 13824K, 0% used [0x00000000ea880000,0x00000000ea880000,0x00000000eb600000)
 ParOldGen       total 162816K, used 18471K [0x00000000a0000000, 0x00000000a9f00000, 0x00000000e0000000)
  object space 162816K, 11% used [0x00000000a0000000,0x00000000a1209e20,0x00000000a9f00000)
 Metaspace       used 42763K, capacity 43928K, committed 44248K, reserved 1087488K
  class space    used 5884K, capacity 6243K, committed 6360K, reserved 1048576K

Card table byte_map: [0x0000000012420000,0x0000000012730000] byte_map_base: 0x0000000011f20000

Marking Bits: (ParMarkBitMap*) 0x000000006a084970
 Begin Bits: [0x0000000013130000, 0x0000000014930000)
 End Bits:   [0x0000000014930000, 0x0000000016130000)

Polling page: 0x0000000000c50000

CodeCache: size=245760Kb used=14173Kb max_used=14173Kb free=231586Kb
 bounds [0x0000000003060000, 0x0000000003e50000, 0x0000000012060000]
 total_blobs=4770 nmethods=4050 adapters=632
 compilation: enabled

Compilation events (10 events):
Event: 9.201 Thread 0x0000000018d98800 4436   !   3       java.nio.file.Files::isDirectory (16 bytes)
Event: 9.202 Thread 0x0000000018d98800 nmethod 4436 0x0000000003e3e010 code [0x0000000003e3e1e0, 0x0000000003e3e868]
Event: 9.202 Thread 0x0000000018d98800 4437       3       com.android.repository.io.impl.FileSystemFileOp::isDirectory (13 bytes)
Event: 9.203 Thread 0x0000000018d98800 nmethod 4437 0x0000000003e3ec10 code [0x0000000003e3ee00, 0x0000000003e3f8a8]
Event: 9.214 Thread 0x0000000018d98800 4438       3       java.io.File::compareTo (9 bytes)
Event: 9.215 Thread 0x0000000018d98800 nmethod 4438 0x0000000003e3fe90 code [0x0000000003e40020, 0x0000000003e40508]
Event: 9.228 Thread 0x0000000018d98800 4439       1       org.slf4j.impl.StaticLoggerBinder::getLoggerFactory (5 bytes)
Event: 9.228 Thread 0x0000000018d98800 nmethod 4439 0x0000000003e407d0 code [0x0000000003e40920, 0x0000000003e40a30]
Event: 9.249 Thread 0x0000000018d98800 4440  s    3       java.util.Hashtable::containsKey (65 bytes)
Event: 9.249 Thread 0x0000000018d98800 nmethod 4440 0x0000000003e40f10 code [0x0000000003e410a0, 0x0000000003e416d8]

GC Heap History (10 events):
Event: 5.445 GC heap before
{Heap before GC invocations=5 (full 1):
 PSYoungGen      total 75776K, used 65024K [0x00000000e0000000, 0x00000000e5480000, 0x0000000100000000)
  eden space 65024K, 100% used [0x00000000e0000000,0x00000000e3f80000,0x00000000e3f80000)
  from space 10752K, 0% used [0x00000000e3f80000,0x00000000e3f80000,0x00000000e4a00000)
  to   space 10752K, 0% used [0x00000000e4a00000,0x00000000e4a00000,0x00000000e5480000)
 ParOldGen       total 101376K, used 8750K [0x00000000a0000000, 0x00000000a6300000, 0x00000000e0000000)
  object space 101376K, 8% used [0x00000000a0000000,0x00000000a088b838,0x00000000a6300000)
 Metaspace       used 25959K, capacity 26562K, committed 26880K, reserved 1073152K
  class space    used 3621K, capacity 3771K, committed 3840K, reserved 1048576K
Event: 5.449 GC heap after
Heap after GC invocations=5 (full 1):
 PSYoungGen      total 75776K, used 6583K [0x00000000e0000000, 0x00000000e7800000, 0x0000000100000000)
  eden space 65024K, 0% used [0x00000000e0000000,0x00000000e0000000,0x00000000e3f80000)
  from space 10752K, 61% used [0x00000000e4a00000,0x00000000e506def8,0x00000000e5480000)
  to   space 10752K, 0% used [0x00000000e3f80000,0x00000000e3f80000,0x00000000e4a00000)
 ParOldGen       total 101376K, used 8758K [0x00000000a0000000, 0x00000000a6300000, 0x00000000e0000000)
  object space 101376K, 8% used [0x00000000a0000000,0x00000000a088d838,0x00000000a6300000)
 Metaspace       used 25959K, capacity 26562K, committed 26880K, reserved 1073152K
  class space    used 3621K, capacity 3771K, committed 3840K, reserved 1048576K
}
Event: 6.529 GC heap before
{Heap before GC invocations=6 (full 1):
 PSYoungGen      total 75776K, used 71607K [0x00000000e0000000, 0x00000000e7800000, 0x0000000100000000)
  eden space 65024K, 100% used [0x00000000e0000000,0x00000000e3f80000,0x00000000e3f80000)
  from space 10752K, 61% used [0x00000000e4a00000,0x00000000e506def8,0x00000000e5480000)
  to   space 10752K, 0% used [0x00000000e3f80000,0x00000000e3f80000,0x00000000e4a00000)
 ParOldGen       total 101376K, used 8758K [0x00000000a0000000, 0x00000000a6300000, 0x00000000e0000000)
  object space 101376K, 8% used [0x00000000a0000000,0x00000000a088d838,0x00000000a6300000)
 Metaspace       used 30282K, capacity 31004K, committed 31232K, reserved 1075200K
  class space    used 4266K, capacity 4485K, committed 4608K, reserved 1048576K
Event: 6.539 GC heap after
Heap after GC invocations=6 (full 1):
 PSYoungGen      total 75776K, used 10294K [0x00000000e0000000, 0x00000000e7b80000, 0x0000000100000000)
  eden space 65024K, 0% used [0x00000000e0000000,0x00000000e0000000,0x00000000e3f80000)
  from space 10752K, 95% used [0x00000000e3f80000,0x00000000e498daf8,0x00000000e4a00000)
  to   space 12288K, 0% used [0x00000000e6f80000,0x00000000e6f80000,0x00000000e7b80000)
 ParOldGen       total 101376K, used 8766K [0x00000000a0000000, 0x00000000a6300000, 0x00000000e0000000)
  object space 101376K, 8% used [0x00000000a0000000,0x00000000a088f838,0x00000000a6300000)
 Metaspace       used 30282K, capacity 31004K, committed 31232K, reserved 1075200K
  class space    used 4266K, capacity 4485K, committed 4608K, reserved 1048576K
}
Event: 7.627 GC heap before
{Heap before GC invocations=7 (full 1):
 PSYoungGen      total 75776K, used 48670K [0x00000000e0000000, 0x00000000e7b80000, 0x0000000100000000)
  eden space 65024K, 59% used [0x00000000e0000000,0x00000000e2579ee8,0x00000000e3f80000)
  from space 10752K, 95% used [0x00000000e3f80000,0x00000000e498daf8,0x00000000e4a00000)
  to   space 12288K, 0% used [0x00000000e6f80000,0x00000000e6f80000,0x00000000e7b80000)
 ParOldGen       total 101376K, used 8766K [0x00000000a0000000, 0x00000000a6300000, 0x00000000e0000000)
  object space 101376K, 8% used [0x00000000a0000000,0x00000000a088f838,0x00000000a6300000)
 Metaspace       used 34369K, capacity 35304K, committed 35416K, reserved 1079296K
  class space    used 4827K, capacity 5135K, committed 5208K, reserved 1048576K
Event: 7.637 GC heap after
Heap after GC invocations=7 (full 1):
 PSYoungGen      total 113152K, used 11757K [0x00000000e0000000, 0x00000000e7d80000, 0x0000000100000000)
  eden space 100864K, 0% used [0x00000000e0000000,0x00000000e0000000,0x00000000e6280000)
  from space 12288K, 95% used [0x00000000e6f80000,0x00000000e7afb540,0x00000000e7b80000)
  to   space 13312K, 0% used [0x00000000e6280000,0x00000000e6280000,0x00000000e6f80000)
 ParOldGen       total 101376K, used 8774K [0x00000000a0000000, 0x00000000a6300000, 0x00000000e0000000)
  object space 101376K, 8% used [0x00000000a0000000,0x00000000a0891838,0x00000000a6300000)
 Metaspace       used 34369K, capacity 35304K, committed 35416K, reserved 1079296K
  class space    used 4827K, capacity 5135K, committed 5208K, reserved 1048576K
}
Event: 7.637 GC heap before
{Heap before GC invocations=8 (full 2):
 PSYoungGen      total 113152K, used 11757K [0x00000000e0000000, 0x00000000e7d80000, 0x0000000100000000)
  eden space 100864K, 0% used [0x00000000e0000000,0x00000000e0000000,0x00000000e6280000)
  from space 12288K, 95% used [0x00000000e6f80000,0x00000000e7afb540,0x00000000e7b80000)
  to   space 13312K, 0% used [0x00000000e6280000,0x00000000e6280000,0x00000000e6f80000)
 ParOldGen       total 101376K, used 8774K [0x00000000a0000000, 0x00000000a6300000, 0x00000000e0000000)
  object space 101376K, 8% used [0x00000000a0000000,0x00000000a0891838,0x00000000a6300000)
 Metaspace       used 34369K, capacity 35304K, committed 35416K, reserved 1079296K
  class space    used 4827K, capacity 5135K, committed 5208K, reserved 1048576K
Event: 7.683 GC heap after
Heap after GC invocations=8 (full 2):
 PSYoungGen      total 113152K, used 0K [0x00000000e0000000, 0x00000000e7d80000, 0x0000000100000000)
  eden space 100864K, 0% used [0x00000000e0000000,0x00000000e0000000,0x00000000e6280000)
  from space 12288K, 0% used [0x00000000e6f80000,0x00000000e6f80000,0x00000000e7b80000)
  to   space 13312K, 0% used [0x00000000e6280000,0x00000000e6280000,0x00000000e6f80000)
 ParOldGen       total 162816K, used 18463K [0x00000000a0000000, 0x00000000a9f00000, 0x00000000e0000000)
  object space 162816K, 11% used [0x00000000a0000000,0x00000000a1207e20,0x00000000a9f00000)
 Metaspace       used 34369K, capacity 35304K, committed 35416K, reserved 1079296K
  class space    used 4827K, capacity 5135K, committed 5208K, reserved 1048576K
}
Event: 8.652 GC heap before
{Heap before GC invocations=9 (full 2):
 PSYoungGen      total 113152K, used 100864K [0x00000000e0000000, 0x00000000e7d80000, 0x0000000100000000)
  eden space 100864K, 100% used [0x00000000e0000000,0x00000000e6280000,0x00000000e6280000)
  from space 12288K, 0% used [0x00000000e6f80000,0x00000000e6f80000,0x00000000e7b80000)
  to   space 13312K, 0% used [0x00000000e6280000,0x00000000e6280000,0x00000000e6f80000)
 ParOldGen       total 162816K, used 18463K [0x00000000a0000000, 0x00000000a9f00000, 0x00000000e0000000)
  object space 162816K, 11% used [0x00000000a0000000,0x00000000a1207e20,0x00000000a9f00000)
 Metaspace       used 41266K, capacity 42284K, committed 42456K, reserved 1085440K
  class space    used 5667K, capacity 6001K, committed 6104K, reserved 1048576K
Event: 8.685 GC heap after
Heap after GC invocations=9 (full 2):
 PSYoungGen      total 114176K, used 11116K [0x00000000e0000000, 0x00000000eb600000, 0x0000000100000000)
  eden space 100864K, 0% used [0x00000000e0000000,0x00000000e0000000,0x00000000e6280000)
  from space 13312K, 83% used [0x00000000e6280000,0x00000000e6d5b078,0x00000000e6f80000)
  to   space 13824K, 0% used [0x00000000ea880000,0x00000000ea880000,0x00000000eb600000)
 ParOldGen       total 162816K, used 18471K [0x00000000a0000000, 0x00000000a9f00000, 0x00000000e0000000)
  object space 162816K, 11% used [0x00000000a0000000,0x00000000a1209e20,0x00000000a9f00000)
 Metaspace       used 41266K, capacity 42284K, committed 42456K, reserved 1085440K
  class space    used 5667K, capacity 6001K, committed 6104K, reserved 1048576K
}

Deoptimization events (10 events):
Event: 8.217 Thread 0x000000001abf7000 Uncommon trap: reason=unstable_if action=reinterpret pc=0x0000000003172810 method=java.lang.ThreadLocal.get()Ljava/lang/Object; @ 11
Event: 8.226 Thread 0x000000001abf7000 Uncommon trap: reason=unstable_if action=reinterpret pc=0x0000000003c7dc24 method=java.util.HashMap.putVal(ILjava/lang/Object;Ljava/lang/Object;ZZ)Ljava/lang/Object; @ 236
Event: 8.236 Thread 0x000000001abf7000 Uncommon trap: reason=unstable_if action=reinterpret pc=0x00000000034f12bc method=java.lang.CharacterDataLatin1.isWhitespace(I)Z @ 14
Event: 8.265 Thread 0x000000001abf7000 Uncommon trap: reason=unstable_if action=reinterpret pc=0x000000000397a908 method=java.util.jar.JarFile.getInputStream(Ljava/util/zip/ZipEntry;)Ljava/io/InputStream; @ 37
Event: 8.270 Thread 0x000000001abf7000 Uncommon trap: reason=unstable_if action=reinterpret pc=0x000000000385e688 method=java.util.jar.JarFile$JarFileEntry.getCodeSigners()[Ljava/security/CodeSigner; @ 24
Event: 8.270 Thread 0x000000001abf7000 Uncommon trap: reason=unstable_if action=reinterpret pc=0x000000000365f8b0 method=java.security.CodeSource.<init>(Ljava/net/URL;[Ljava/security/CodeSigner;)V @ 25
Event: 8.272 Thread 0x000000001abf7000 Uncommon trap: reason=unstable_if action=reinterpret pc=0x00000000035c5e2c method=java.security.CodeSource.getCertificates()[Ljava/security/cert/Certificate; @ 22
Event: 8.273 Thread 0x000000001abf7000 Uncommon trap: reason=unstable_if action=reinterpret pc=0x00000000035e5394 method=java.security.CodeSource.matchCerts(Ljava/security/CodeSource;Z)Z @ 11
Event: 8.291 Thread 0x000000001abf7000 Uncommon trap: reason=unstable_if action=reinterpret pc=0x00000000031c45b8 method=java.util.LinkedHashMap.get(Ljava/lang/Object;)Ljava/lang/Object; @ 20
Event: 8.551 Thread 0x000000001abf7000 Uncommon trap: reason=unstable_if action=reinterpret pc=0x0000000003d1af10 method=org.gradle.internal.reflect.PropertyAccessorType.of(Ljava/lang/reflect/Method;)Lorg/gradle/internal/reflect/PropertyAccessorType; @ 56

Classes redefined (0 events):
No events

Internal exceptions (10 events):
Event: 9.216 Thread 0x000000001abf7000 Exception <a 'sun/nio/fs/WindowsException'> (0x00000000e1d00250) thrown at [D:\src\AOSP-openjdk-cygwin\jdk8u\hotspot\src\share\vm\prims\jni.cpp, line 709]
Event: 9.217 Thread 0x000000001abf7000 Exception <a 'sun/nio/fs/WindowsException'> (0x00000000e1d026b8) thrown at [D:\src\AOSP-openjdk-cygwin\jdk8u\hotspot\src\share\vm\prims\jni.cpp, line 709]
Event: 9.217 Thread 0x000000001abf7000 Exception <a 'sun/nio/fs/WindowsException'> (0x00000000e1d03148) thrown at [D:\src\AOSP-openjdk-cygwin\jdk8u\hotspot\src\share\vm\prims\jni.cpp, line 709]
Event: 9.217 Thread 0x000000001abf7000 Exception <a 'sun/nio/fs/WindowsException'> (0x00000000e1d04c20) thrown at [D:\src\AOSP-openjdk-cygwin\jdk8u\hotspot\src\share\vm\prims\jni.cpp, line 709]
Event: 9.217 Thread 0x000000001abf7000 Exception <a 'sun/nio/fs/WindowsException'> (0x00000000e1d056e8) thrown at [D:\src\AOSP-openjdk-cygwin\jdk8u\hotspot\src\share\vm\prims\jni.cpp, line 709]
Event: 9.218 Thread 0x000000001abf7000 Exception <a 'sun/nio/fs/WindowsException'> (0x00000000e1d07d38) thrown at [D:\src\AOSP-openjdk-cygwin\jdk8u\hotspot\src\share\vm\prims\jni.cpp, line 709]
Event: 9.218 Thread 0x000000001abf7000 Exception <a 'sun/nio/fs/WindowsException'> (0x00000000e1d08840) thrown at [D:\src\AOSP-openjdk-cygwin\jdk8u\hotspot\src\share\vm\prims\jni.cpp, line 709]
Event: 9.218 Thread 0x000000001abf7000 Exception <a 'sun/nio/fs/WindowsException'> (0x00000000e1d0a390) thrown at [D:\src\AOSP-openjdk-cygwin\jdk8u\hotspot\src\share\vm\prims\jni.cpp, line 709]
Event: 9.218 Thread 0x000000001abf7000 Exception <a 'sun/nio/fs/WindowsException'> (0x00000000e1d0aed0) thrown at [D:\src\AOSP-openjdk-cygwin\jdk8u\hotspot\src\share\vm\prims\jni.cpp, line 709]
Event: 9.228 Thread 0x000000001abf7000 Exception <a 'java/lang/ClassNotFoundException': com/sun/org/glassfish/hk2/osgiresourcelocator/ServiceLoader> (0x00000000e1d60780) thrown at [D:\src\AOSP-openjdk-cygwin\jdk8u\hotspot\src\share\vm\classfile\systemDictionary.cpp, line 210]

Events (10 events):
Event: 9.250 loading class com/sun/xml/bind/v2/runtime/JAXBContextImpl$JAXBContextBuilder
Event: 9.250 loading class com/sun/xml/bind/v2/runtime/JAXBContextImpl$JAXBContextBuilder done
Event: 9.251 loading class com/sun/xml/bind/v2/model/annotation/RuntimeInlineAnnotationReader
Event: 9.251 loading class com/sun/xml/bind/v2/model/annotation/RuntimeInlineAnnotationReader done
Event: 9.252 loading class com/sun/xml/bind/v2/model/annotation/AbstractInlineAnnotationReaderImpl
Event: 9.252 loading class com/sun/xml/bind/v2/model/annotation/AbstractInlineAnnotationReaderImpl done
Event: 9.253 loading class java/lang/IllegalAccessError
Event: 9.253 loading class java/lang/IllegalAccessError done
Event: 9.254 loading class com/sun/istack/Pool
Event: 9.254 loading class com/sun/istack/Pool done


Dynamic libraries:
0x00007ff760760000 - 0x00007ff760791000 	D:\xwwworkspace\devsoft\Android\Android Studio\jre\bin\java.exe
0x00007ff856110000 - 0x00007ff8562f1000 	C:\WINDOWS\SYSTEM32\ntdll.dll
0x00007ff853eb0000 - 0x00007ff853f62000 	C:\WINDOWS\System32\KERNEL32.DLL
0x00007ff8525a0000 - 0x00007ff852813000 	C:\WINDOWS\System32\KERNELBASE.dll
0x00007ff8547f0000 - 0x00007ff854891000 	C:\WINDOWS\System32\ADVAPI32.dll
0x00007ff8546f0000 - 0x00007ff85478e000 	C:\WINDOWS\System32\msvcrt.dll
0x00007ff854790000 - 0x00007ff8547eb000 	C:\WINDOWS\System32\sechost.dll
0x00007ff854140000 - 0x00007ff854264000 	C:\WINDOWS\System32\RPCRT4.dll
0x00007ff853ab0000 - 0x00007ff853c40000 	C:\WINDOWS\System32\USER32.dll
0x00007ff852580000 - 0x00007ff8525a0000 	C:\WINDOWS\System32\win32u.dll
0x00007ff853e20000 - 0x00007ff853e48000 	C:\WINDOWS\System32\GDI32.dll
0x00007ff8522e0000 - 0x00007ff852472000 	C:\WINDOWS\System32\gdi32full.dll
0x00007ff8524e0000 - 0x00007ff85257f000 	C:\WINDOWS\System32\msvcp_win.dll
0x00007ff8521e0000 - 0x00007ff8522da000 	C:\WINDOWS\System32\ucrtbase.dll
0x00007ff845820000 - 0x00007ff845a89000 	C:\WINDOWS\WinSxS\amd64_microsoft.windows.common-controls_6595b64144ccf1df_6.0.17134.472_none_fb3f9af53068156d\COMCTL32.dll
0x00007ff8542a0000 - 0x00007ff8545c2000 	C:\WINDOWS\System32\combase.dll
0x00007ff8528e0000 - 0x00007ff85295a000 	C:\WINDOWS\System32\bcryptPrimitives.dll
0x00007ff8545d0000 - 0x00007ff8545fd000 	C:\WINDOWS\System32\IMM32.DLL
0x000000006a2a0000 - 0x000000006a372000 	D:\xwwworkspace\devsoft\Android\Android Studio\jre\jre\bin\msvcr100.dll
0x00000000698c0000 - 0x000000006a0ff000 	D:\xwwworkspace\devsoft\Android\Android Studio\jre\jre\bin\server\jvm.dll
0x00007ff852b50000 - 0x00007ff852b73000 	C:\WINDOWS\System32\WINMM.dll
0x00007ff8521b0000 - 0x00007ff8521da000 	C:\WINDOWS\System32\WINMMBASE.dll
0x00007ff853290000 - 0x00007ff8532d9000 	C:\WINDOWS\System32\cfgmgr32.dll
0x00007ff8548a0000 - 0x00007ff8548a8000 	C:\WINDOWS\System32\PSAPI.DLL
0x00007ff850e60000 - 0x00007ff850e69000 	C:\WINDOWS\SYSTEM32\WSOCK32.dll
0x00007ff8540a0000 - 0x00007ff85410c000 	C:\WINDOWS\System32\WS2_32.dll
0x00007ff84f8d0000 - 0x00007ff84f8da000 	C:\WINDOWS\SYSTEM32\VERSION.dll
0x00007ff84df70000 - 0x00007ff84df7f000 	D:\xwwworkspace\devsoft\Android\Android Studio\jre\jre\bin\verify.dll
0x00007ff843d70000 - 0x00007ff843d99000 	D:\xwwworkspace\devsoft\Android\Android Studio\jre\jre\bin\java.dll
0x00007ff84cea0000 - 0x00007ff84ceb6000 	D:\xwwworkspace\devsoft\Android\Android Studio\jre\jre\bin\zip.dll
0x00007ff854ab0000 - 0x00007ff855ef0000 	C:\WINDOWS\System32\SHELL32.dll
0x00007ff853f70000 - 0x00007ff854019000 	C:\WINDOWS\System32\shcore.dll
0x00007ff852b80000 - 0x00007ff85328d000 	C:\WINDOWS\System32\windows.storage.dll
0x00007ff854950000 - 0x00007ff8549a1000 	C:\WINDOWS\System32\shlwapi.dll
0x00007ff852170000 - 0x00007ff852181000 	C:\WINDOWS\System32\kernel.appcore.dll
0x00007ff852190000 - 0x00007ff8521af000 	C:\WINDOWS\System32\profapi.dll
0x00007ff8532e0000 - 0x00007ff85332c000 	C:\WINDOWS\System32\powrprof.dll
0x00007ff852160000 - 0x00007ff85216a000 	C:\WINDOWS\System32\FLTLIB.DLL
0x00007ff84c190000 - 0x00007ff84c1aa000 	D:\xwwworkspace\devsoft\Android\Android Studio\jre\jre\bin\net.dll
0x00007ff8519c0000 - 0x00007ff851a26000 	C:\WINDOWS\system32\mswsock.dll
0x00007ff84ba80000 - 0x00007ff84ba91000 	D:\xwwworkspace\devsoft\Android\Android Studio\jre\jre\bin\nio.dll
0x00007ff84dfa0000 - 0x00007ff84dfbe000 	C:\Users\DELL\.gradle\native\25\windows-amd64\native-platform.dll
0x00007ff84d3d0000 - 0x00007ff84d3dd000 	D:\xwwworkspace\devsoft\Android\Android Studio\jre\jre\bin\management.dll
0x00007ff851b70000 - 0x00007ff851b87000 	C:\WINDOWS\SYSTEM32\CRYPTSP.dll
0x00007ff8515a0000 - 0x00007ff8515d3000 	C:\WINDOWS\system32\rsaenh.dll
0x00007ff851ca0000 - 0x00007ff851cc5000 	C:\WINDOWS\SYSTEM32\bcrypt.dll
0x00007ff852040000 - 0x00007ff852068000 	C:\WINDOWS\SYSTEM32\USERENV.dll
0x00007ff851b90000 - 0x00007ff851b9b000 	C:\WINDOWS\SYSTEM32\CRYPTBASE.dll
0x00007ff851740000 - 0x00007ff851778000 	C:\WINDOWS\SYSTEM32\IPHLPAPI.DLL
0x00007ff854270000 - 0x00007ff854278000 	C:\WINDOWS\System32\NSI.dll
0x00007ff84b790000 - 0x00007ff84b7a6000 	C:\WINDOWS\SYSTEM32\dhcpcsvc6.DLL
0x00007ff84b9a0000 - 0x00007ff84b9ba000 	C:\WINDOWS\SYSTEM32\dhcpcsvc.DLL

VM Arguments:
jvm_args: -Xmx1536m -Dfile.encoding=GBK -Duser.country=CN -Duser.language=zh -Duser.variant 
java_command: org.gradle.launcher.daemon.bootstrap.GradleDaemon 4.4
java_class_path (initial): C:\Users\DELL\.gradle\wrapper\dists\gradle-4.4-all\9br9xq1tocpiv8o6njlyu5op1\gradle-4.4\lib\gradle-launcher-4.4.jar
Launcher Type: SUN_STANDARD

Environment Variables:
JAVA_HOME=C:\Program Files\Java\jdk1.8.0_101
CLASSPATH=.;C:\Program Files\Java\jdk1.8.0_101\lib\dt.jar;C:\Program Files\Java\jdk1.8.0_101\lib\tools.jar;
PATH=C:\ProgramData\Oracle\Java\javapath;C:\Program Files (x86)\Intel\iCLS Client\;C:\Program Files\Intel\iCLS Client\;C:\Windows\system32;C:\Windows;C:\Windows\System32\Wbem;C:\Windows\System32\WindowsPowerShell\v1.0\;C:\Program Files (x86)\Intel\Intel(R) Management Engine Components\DAL;C:\Program Files\Intel\Intel(R) Management Engine Components\DAL;C:\Program Files (x86)\Intel\Intel(R) Management Engine Components\IPT;C:\Program Files\Intel\Intel(R) Management Engine Components\IPT;C:\Program Files (x86)\NVIDIA Corporation\PhysX\Common;C:\WINDOWS\system32;C:\WINDOWS;C:\WINDOWS\System32\Wbem;C:\WINDOWS\System32\WindowsPowerShell\v1.0\;C:\Program Files\Java\jdk1.8.0_101\bin;C:\Program Files\Java\jdk1.8.0_101\jre\bin;C:\Git\cmd;C:\sdk\platform-tools;C:\sdk\tools;C:\Android Studio\gradle\gradle-2.14.1\bin;C:\Python27;C:\WINDOWS\System32\OpenSSH\;C:\sdk\ndk-bundle;ddm;C:\Program Files\Intel\WiFi\bin\;C:\Program Files\Common Files\Intel\WirelessCommon\;C:\Users\DELL\AppData\Local\Microsoft\WindowsApps;
USERNAME=DELL
OS=Windows_NT
PROCESSOR_IDENTIFIER=Intel64 Family 6 Model 94 Stepping 3, GenuineIntel



---------------  S Y S T E M  ---------------

OS: Windows 10.0 , 64 bit Build 17134 (10.0.17134.1)

CPU:total 8 (initial active 8) (4 cores per cpu, 2 threads per core) family 6 model 94 stepping 3, cmov, cx8, fxsr, mmx, sse, sse2, sse3, ssse3, sse4.1, sse4.2, popcnt, avx, avx2, aes, clmul, erms, rtm, 3dnowpref, lzcnt, ht, tsc, tscinvbit, bmi1, bmi2, adx

Memory: 4k page, physical 16601876k(5617352k free), swap 17650452k(3128k free)

vm_info: OpenJDK 64-Bit Server VM (25.152-b02) for windows-amd64 JRE (1.8.0_152-release-1024-b02), built by "builder" with MS VC++ 10.0 (VS2010)

time: Wed Jan 02 15:53:54 2019
elapsed time: 9 seconds (0d 0h 0m 9s)

